2025-03-19 06:10:04.191 [info] Reading sessions from keychain...
2025-03-19 06:10:04.192 [info] Getting sessions for all scopes...
2025-03-19 06:10:04.192 [info] Getting sessions for all scopes...
2025-03-19 06:10:04.192 [info] Getting sessions for all scopes...
2025-03-19 06:10:04.192 [info] Getting sessions for user:email...
2025-03-19 06:10:04.192 [info] Getting sessions for all scopes...
2025-03-19 06:10:04.192 [info] Getting sessions for all scopes...
2025-03-19 06:10:04.192 [info] Getting sessions for all scopes...
2025-03-19 06:10:04.192 [info] Getting sessions for all scopes...
2025-03-19 06:10:04.192 [info] Getting sessions for all scopes...
2025-03-19 06:10:04.192 [info] Got stored sessions!
2025-03-19 06:10:04.192 [info] Got 6 verified sessions.
2025-03-19 06:10:04.192 [info] Got 6 sessions for ...
2025-03-19 06:10:04.192 [info] Got 6 sessions for ...
2025-03-19 06:10:04.192 [info] Got 6 sessions for ...
2025-03-19 06:10:04.192 [info] Got 1 sessions for user:email...
2025-03-19 06:10:04.192 [info] Got 6 sessions for ...
2025-03-19 06:10:04.192 [info] Got 6 sessions for ...
2025-03-19 06:10:04.192 [info] Got 6 sessions for ...
2025-03-19 06:10:04.192 [info] Got 6 sessions for ...
2025-03-19 06:10:04.192 [info] Got 6 sessions for ...
2025-03-19 06:10:04.232 [info] Getting sessions for codespace,read:user,repo,user:email...
2025-03-19 06:10:04.232 [info] Getting sessions for all scopes...
2025-03-19 06:10:04.232 [info] Getting sessions for all scopes...
2025-03-19 06:10:04.232 [info] Getting sessions for all scopes...
2025-03-19 06:10:04.232 [info] Got 1 sessions for codespace,read:user,repo,user:email...
2025-03-19 06:10:04.232 [info] Got 6 sessions for ...
2025-03-19 06:10:04.232 [info] Got 6 sessions for ...
2025-03-19 06:10:04.232 [info] Got 6 sessions for ...
2025-03-19 06:10:04.451 [info] Getting sessions for all scopes...
2025-03-19 06:10:04.452 [info] Got 6 sessions for ...
2025-03-19 06:10:04.756 [info] Getting sessions for all scopes...
2025-03-19 06:10:04.763 [info] Got 6 sessions for ...
2025-03-19 06:10:05.807 [info] Getting sessions for read:user,repo,user:email,workflow...
2025-03-19 06:10:05.807 [info] Getting sessions for all scopes...
2025-03-19 06:10:05.807 [info] Got 1 sessions for read:user,repo,user:email,workflow...
2025-03-19 06:10:05.807 [info] Got 6 sessions for ...
2025-03-19 06:10:06.207 [info] Getting sessions for all scopes...
2025-03-19 06:10:06.208 [info] Got 6 sessions for ...
2025-03-19 06:10:06.427 [info] Getting sessions for read:user,repo,user:email,workflow...
2025-03-19 06:10:06.427 [info] Getting sessions for all scopes...
2025-03-19 06:10:06.427 [info] Got 1 sessions for read:user,repo,user:email,workflow...
2025-03-19 06:10:06.427 [info] Got 6 sessions for ...
2025-03-19 06:10:06.591 [info] Getting sessions for project,read:org,read:user,repo,user:email,workflow...
2025-03-19 06:10:06.591 [info] Got 0 sessions for project,read:org,read:user,repo,user:email,workflow...
2025-03-19 06:10:06.647 [info] Getting sessions for all scopes...
2025-03-19 06:10:06.647 [info] Getting sessions for all scopes...
2025-03-19 06:10:06.650 [info] Got 6 sessions for ...
2025-03-19 06:10:06.650 [info] Got 6 sessions for ...
2025-03-19 06:10:07.350 [info] Getting sessions for read:user,repo,user:email,workflow...
2025-03-19 06:10:07.350 [info] Getting sessions for read:user,repo,user:email,workflow...
2025-03-19 06:10:07.350 [info] Got 1 sessions for read:user,repo,user:email,workflow...
2025-03-19 06:10:07.350 [info] Got 1 sessions for read:user,repo,user:email,workflow...
2025-03-19 06:10:07.496 [info] Getting sessions for read:user,repo,user:email,workflow...
2025-03-19 06:10:07.496 [info] Got 1 sessions for read:user,repo,user:email,workflow...
2025-03-19 06:10:08.459 [info] Getting sessions for read:user,repo,user:email,workflow...
2025-03-19 06:10:08.459 [info] Got 1 sessions for read:user,repo,user:email,workflow...
2025-03-19 06:10:10.672 [info] Getting sessions for all scopes...
2025-03-19 06:10:10.672 [info] Got 6 sessions for ...
2025-03-19 06:10:11.231 [info] Getting sessions for read:user,repo,user:email,workflow...
2025-03-19 06:10:11.231 [info] Got 1 sessions for read:user,repo,user:email,workflow...
2025-03-19 06:10:11.312 [info] Getting sessions for read:user,repo,user:email,workflow...
2025-03-19 06:10:11.312 [info] Got 1 sessions for read:user,repo,user:email,workflow...
2025-03-19 06:10:11.961 [info] Getting sessions for read:user,repo,user:email,workflow...
2025-03-19 06:10:11.962 [info] Got 1 sessions for read:user,repo,user:email,workflow...
2025-03-19 06:10:12.367 [info] Getting sessions for read:user,repo,user:email,workflow...
2025-03-19 06:10:12.367 [info] Got 1 sessions for read:user,repo,user:email,workflow...
