2025-03-17 23:43:34.797 [info] Reading sessions from keychain...
2025-03-17 23:43:34.798 [info] Getting sessions for all scopes...
2025-03-17 23:43:34.798 [info] Getting sessions for all scopes...
2025-03-17 23:43:34.798 [info] Getting sessions for all scopes...
2025-03-17 23:43:34.798 [info] Getting sessions for user:email...
2025-03-17 23:43:34.798 [info] Getting sessions for all scopes...
2025-03-17 23:43:34.798 [info] Getting sessions for all scopes...
2025-03-17 23:43:34.798 [info] Getting sessions for all scopes...
2025-03-17 23:43:34.798 [info] Getting sessions for all scopes...
2025-03-17 23:43:34.798 [info] Getting sessions for all scopes...
2025-03-17 23:43:34.798 [info] Got stored sessions!
2025-03-17 23:43:34.798 [info] Got 6 verified sessions.
2025-03-17 23:43:34.798 [info] Got 6 sessions for ...
2025-03-17 23:43:34.798 [info] Got 6 sessions for ...
2025-03-17 23:43:34.798 [info] Got 6 sessions for ...
2025-03-17 23:43:34.798 [info] Got 1 sessions for user:email...
2025-03-17 23:43:34.798 [info] Got 6 sessions for ...
2025-03-17 23:43:34.798 [info] Got 6 sessions for ...
2025-03-17 23:43:34.798 [info] Got 6 sessions for ...
2025-03-17 23:43:34.798 [info] Got 6 sessions for ...
2025-03-17 23:43:34.798 [info] Got 6 sessions for ...
2025-03-17 23:43:34.798 [info] Getting sessions for codespace,read:user,repo,user:email...
2025-03-17 23:43:34.798 [info] Getting sessions for all scopes...
2025-03-17 23:43:34.798 [info] Getting sessions for all scopes...
2025-03-17 23:43:34.798 [info] Getting sessions for all scopes...
2025-03-17 23:43:34.798 [info] Got 1 sessions for codespace,read:user,repo,user:email...
2025-03-17 23:43:34.798 [info] Got 6 sessions for ...
2025-03-17 23:43:34.798 [info] Got 6 sessions for ...
2025-03-17 23:43:34.798 [info] Got 6 sessions for ...
2025-03-17 23:43:34.798 [info] Getting sessions for all scopes...
2025-03-17 23:43:34.798 [info] Got 6 sessions for ...
2025-03-17 23:43:36.445 [info] Getting sessions for all scopes...
2025-03-17 23:43:36.446 [info] Got 6 sessions for ...
2025-03-17 23:43:37.372 [info] Getting sessions for read:user,repo,user:email,workflow...
2025-03-17 23:43:37.373 [info] Getting sessions for all scopes...
2025-03-17 23:43:37.374 [info] Got 1 sessions for read:user,repo,user:email,workflow...
2025-03-17 23:43:37.375 [info] Got 6 sessions for ...
2025-03-17 23:43:37.646 [info] Getting sessions for read:user,repo,user:email,workflow...
2025-03-17 23:43:37.646 [info] Getting sessions for all scopes...
2025-03-17 23:43:37.647 [info] Got 1 sessions for read:user,repo,user:email,workflow...
2025-03-17 23:43:37.647 [info] Got 6 sessions for ...
2025-03-17 23:43:38.400 [info] Getting sessions for project,read:org,read:user,repo,user:email,workflow...
2025-03-17 23:43:38.401 [info] Getting sessions for all scopes...
2025-03-17 23:43:38.401 [info] Got 0 sessions for project,read:org,read:user,repo,user:email,workflow...
2025-03-17 23:43:38.401 [info] Got 6 sessions for ...
2025-03-17 23:43:38.591 [info] Getting sessions for all scopes...
2025-03-17 23:43:38.591 [info] Getting sessions for all scopes...
2025-03-17 23:43:38.591 [info] Got 6 sessions for ...
2025-03-17 23:43:38.591 [info] Got 6 sessions for ...
2025-03-17 23:43:40.173 [info] Getting sessions for read:user,repo,user:email,workflow...
2025-03-17 23:43:40.174 [info] Getting sessions for read:user,repo,user:email,workflow...
2025-03-17 23:43:40.174 [info] Got 1 sessions for read:user,repo,user:email,workflow...
2025-03-17 23:43:40.174 [info] Got 1 sessions for read:user,repo,user:email,workflow...
2025-03-17 23:43:40.332 [info] Getting sessions for read:user,repo,user:email,workflow...
2025-03-17 23:43:40.336 [info] Got 1 sessions for read:user,repo,user:email,workflow...
2025-03-17 23:43:42.792 [info] Getting sessions for read:user,repo,user:email,workflow...
2025-03-17 23:43:42.792 [info] Got 1 sessions for read:user,repo,user:email,workflow...
2025-03-17 23:43:45.639 [info] Getting sessions for read:user,repo,user:email,workflow...
2025-03-17 23:43:45.639 [info] Got 1 sessions for read:user,repo,user:email,workflow...
2025-03-17 23:43:46.182 [info] Getting sessions for all scopes...
2025-03-17 23:43:46.182 [info] Got 6 sessions for ...
2025-03-17 23:43:47.505 [info] Getting sessions for read:user,repo,user:email,workflow...
2025-03-17 23:43:47.506 [info] Got 1 sessions for read:user,repo,user:email,workflow...
2025-03-17 23:43:47.514 [info] Getting sessions for read:user,repo,user:email,workflow...
2025-03-17 23:43:47.515 [info] Got 1 sessions for read:user,repo,user:email,workflow...
2025-03-17 23:43:48.989 [info] Getting sessions for read:user,repo,user:email,workflow...
2025-03-17 23:43:48.989 [info] Got 1 sessions for read:user,repo,user:email,workflow...
2025-03-18 00:09:00.394 [info] Getting sessions for all scopes...
2025-03-18 00:09:00.394 [info] Got 6 sessions for ...
2025-03-18 00:09:01.401 [info] Getting sessions for read:user,repo,user:email,workflow...
2025-03-18 00:09:01.401 [info] Got 1 sessions for read:user,repo,user:email,workflow...
2025-03-18 00:09:01.755 [info] Getting sessions for all scopes...
2025-03-18 00:09:01.755 [info] Got 6 sessions for ...
2025-03-18 00:09:02.257 [info] Getting sessions for read:user,repo,user:email,workflow...
2025-03-18 00:09:02.257 [info] Got 1 sessions for read:user,repo,user:email,workflow...
2025-03-18 00:24:03.247 [info] Getting sessions for all scopes...
2025-03-18 00:24:03.247 [info] Got 6 sessions for ...
2025-03-18 00:24:03.615 [info] Getting sessions for read:user,repo,user:email,workflow...
2025-03-18 00:24:03.615 [info] Got 1 sessions for read:user,repo,user:email,workflow...
2025-03-18 00:24:04.045 [info] Getting sessions for all scopes...
2025-03-18 00:24:04.045 [info] Got 6 sessions for ...
2025-03-18 00:24:04.564 [info] Getting sessions for read:user,repo,user:email,workflow...
2025-03-18 00:24:04.564 [info] Got 1 sessions for read:user,repo,user:email,workflow...
2025-03-18 00:39:05.590 [info] Getting sessions for all scopes...
2025-03-18 00:39:05.590 [info] Got 6 sessions for ...
2025-03-18 00:39:05.954 [info] Getting sessions for read:user,repo,user:email,workflow...
2025-03-18 00:39:05.954 [info] Got 1 sessions for read:user,repo,user:email,workflow...
2025-03-18 00:39:06.465 [info] Getting sessions for all scopes...
2025-03-18 00:39:06.465 [info] Got 6 sessions for ...
2025-03-18 00:39:06.925 [info] Getting sessions for read:user,repo,user:email,workflow...
2025-03-18 00:39:06.925 [info] Got 1 sessions for read:user,repo,user:email,workflow...
2025-03-18 00:54:07.758 [info] Getting sessions for all scopes...
2025-03-18 00:54:07.758 [info] Got 6 sessions for ...
2025-03-18 00:54:08.036 [info] Getting sessions for read:user,repo,user:email,workflow...
2025-03-18 00:54:08.036 [info] Got 1 sessions for read:user,repo,user:email,workflow...
2025-03-18 00:54:08.288 [info] Getting sessions for all scopes...
2025-03-18 00:54:08.289 [info] Got 6 sessions for ...
2025-03-18 00:54:08.539 [info] Getting sessions for read:user,repo,user:email,workflow...
2025-03-18 00:54:08.539 [info] Got 1 sessions for read:user,repo,user:email,workflow...
