2025-03-16 12:56:46.781 [warning] /home/vscode/.ssh/config: ENOENT: no such file or directory, open '/home/vscode/.ssh/config'
2025-03-16 12:56:46.781 [info] [Activation] Extension version: 0.106.0
2025-03-16 12:56:48.458 [info] [Activation] Looking for git repository
2025-03-16 12:56:48.458 [info] [Activation] Found 0 repositories during activation
2025-03-16 12:56:48.458 [info] [Activation] Git repository found, initializing review manager and pr tree view.
2025-03-16 12:56:48.462 [info] [GitAPI] Registering git provider
2025-03-16 12:56:48.462 [info] [Review+0] Validate state in progress
2025-03-16 12:56:48.462 [info] [Review+0] Validating state...
2025-03-16 12:56:48.462 [info] [Review+1] Validate state in progress
2025-03-16 12:56:48.462 [info] [Review+1] Validating state...
2025-03-16 12:56:48.462 [info] [Review+2] Validate state in progress
2025-03-16 12:56:48.462 [info] [Review+2] Validating state...
2025-03-16 12:56:48.592 [info] [FolderRepositoryManager+0] Found GitHub remote for folder /home/vscode/environment
2025-03-16 12:56:48.593 [info] [FolderRepositoryManager+1] Found GitHub remote for folder /home/vscode/.oh-my-zsh
2025-03-16 12:56:48.593 [info] [FolderRepositoryManager+2] Found GitHub remote for folder /home/vscode/.nodenv
2025-03-16 12:56:49.556 [info] [FolderRepositoryManager+1] Trying to use globalState for assignableUsers.
2025-03-16 12:56:49.598 [info] [FolderRepositoryManager+2] Trying to use globalState for assignableUsers.
2025-03-16 12:56:49.615 [info] [FolderRepositoryManager+0] Trying to use globalState for assignableUsers.
2025-03-16 12:56:49.623 [info] [Review+2] No matching pull request metadata found locally for current branch main
2025-03-16 12:56:49.626 [info] [Review+1] No matching pull request metadata found locally for current branch master
2025-03-16 12:56:49.654 [info] [Review+0] No matching pull request metadata found locally for current branch main
2025-03-16 12:56:50.325 [info] [FolderRepositoryManager+2] Using globalState assignableUsers for 1.
2025-03-16 12:56:50.330 [info] [FolderRepositoryManager+0] Using globalState assignableUsers for 2.
2025-03-16 12:56:50.334 [info] [FolderRepositoryManager+1] Using globalState assignableUsers for 1.
2025-03-16 12:56:50.625 [info] [Review+0] No matching pull request metadata found on GitHub for current branch main
2025-03-16 12:56:50.629 [info] [Review+2] No matching pull request metadata found on GitHub for current branch main
2025-03-16 12:56:54.049 [info] [Review+1] No matching pull request metadata found on GitHub for current branch master
