2025-03-19 06:42:19.971 [info] Reading sessions from keychain...
2025-03-19 06:42:19.972 [info] Getting sessions for all scopes...
2025-03-19 06:42:19.972 [info] Getting sessions for all scopes...
2025-03-19 06:42:19.972 [info] Getting sessions for all scopes...
2025-03-19 06:42:19.972 [info] Getting sessions for user:email...
2025-03-19 06:42:19.972 [info] Getting sessions for all scopes...
2025-03-19 06:42:19.972 [info] Getting sessions for all scopes...
2025-03-19 06:42:19.972 [info] Getting sessions for all scopes...
2025-03-19 06:42:19.972 [info] Getting sessions for all scopes...
2025-03-19 06:42:19.972 [info] Getting sessions for all scopes...
2025-03-19 06:42:19.972 [info] Got stored sessions!
2025-03-19 06:42:19.972 [info] Got 6 verified sessions.
2025-03-19 06:42:19.972 [info] Got 6 sessions for ...
2025-03-19 06:42:19.972 [info] Got 6 sessions for ...
2025-03-19 06:42:19.972 [info] Got 6 sessions for ...
2025-03-19 06:42:19.972 [info] Got 1 sessions for user:email...
2025-03-19 06:42:19.972 [info] Got 6 sessions for ...
2025-03-19 06:42:19.972 [info] Got 6 sessions for ...
2025-03-19 06:42:19.972 [info] Got 6 sessions for ...
2025-03-19 06:42:19.972 [info] Got 6 sessions for ...
2025-03-19 06:42:19.972 [info] Got 6 sessions for ...
2025-03-19 06:42:20.079 [info] Getting sessions for codespace,read:user,repo,user:email...
2025-03-19 06:42:20.086 [info] Getting sessions for all scopes...
2025-03-19 06:42:20.086 [info] Got 1 sessions for codespace,read:user,repo,user:email...
2025-03-19 06:42:20.088 [info] Got 6 sessions for ...
2025-03-19 06:42:20.260 [info] Getting sessions for all scopes...
2025-03-19 06:42:20.261 [info] Getting sessions for all scopes...
2025-03-19 06:42:20.261 [info] Getting sessions for all scopes...
2025-03-19 06:42:20.263 [info] Got 6 sessions for ...
2025-03-19 06:42:20.265 [info] Got 6 sessions for ...
2025-03-19 06:42:20.266 [info] Got 6 sessions for ...
2025-03-19 06:42:21.563 [info] Getting sessions for all scopes...
2025-03-19 06:42:21.564 [info] Got 6 sessions for ...
2025-03-19 06:42:21.915 [info] Getting sessions for all scopes...
2025-03-19 06:42:21.916 [info] Got 6 sessions for ...
2025-03-19 06:42:22.216 [info] Getting sessions for read:user,repo,user:email,workflow...
2025-03-19 06:42:22.216 [info] Getting sessions for read:user,repo,user:email,workflow...
2025-03-19 06:42:22.216 [info] Getting sessions for all scopes...
2025-03-19 06:42:22.216 [info] Got 1 sessions for read:user,repo,user:email,workflow...
2025-03-19 06:42:22.216 [info] Got 1 sessions for read:user,repo,user:email,workflow...
2025-03-19 06:42:22.216 [info] Got 6 sessions for ...
2025-03-19 06:42:22.322 [info] Getting sessions for project,read:org,read:user,repo,user:email,workflow...
2025-03-19 06:42:22.322 [info] Got 0 sessions for project,read:org,read:user,repo,user:email,workflow...
2025-03-19 06:42:22.418 [info] Getting sessions for all scopes...
2025-03-19 06:42:22.418 [info] Got 6 sessions for ...
2025-03-19 06:42:23.091 [info] Getting sessions for read:user,repo,user:email,workflow...
2025-03-19 06:42:23.091 [info] Getting sessions for all scopes...
2025-03-19 06:42:23.091 [info] Getting sessions for all scopes...
2025-03-19 06:42:23.092 [info] Got 1 sessions for read:user,repo,user:email,workflow...
2025-03-19 06:42:23.093 [info] Got 6 sessions for ...
2025-03-19 06:42:23.093 [info] Got 6 sessions for ...
2025-03-19 06:42:23.813 [info] Getting sessions for read:user,repo,user:email,workflow...
2025-03-19 06:42:23.813 [info] Getting sessions for read:user,repo,user:email,workflow...
2025-03-19 06:42:23.814 [info] Got 1 sessions for read:user,repo,user:email,workflow...
2025-03-19 06:42:23.814 [info] Got 1 sessions for read:user,repo,user:email,workflow...
2025-03-19 06:42:24.735 [info] Getting sessions for read:user,repo,user:email,workflow...
2025-03-19 06:42:24.736 [info] Got 1 sessions for read:user,repo,user:email,workflow...
2025-03-19 06:42:26.726 [info] Getting sessions for all scopes...
2025-03-19 06:42:26.726 [info] Got 6 sessions for ...
2025-03-19 06:42:27.228 [info] Getting sessions for read:user,repo,user:email,workflow...
2025-03-19 06:42:27.228 [info] Getting sessions for read:user,repo,user:email,workflow...
2025-03-19 06:42:27.228 [info] Got 1 sessions for read:user,repo,user:email,workflow...
2025-03-19 06:42:27.228 [info] Got 1 sessions for read:user,repo,user:email,workflow...
2025-03-19 06:42:28.089 [info] Getting sessions for read:user,repo,user:email,workflow...
2025-03-19 06:42:28.089 [info] Got 1 sessions for read:user,repo,user:email,workflow...
2025-03-19 06:42:28.485 [info] Getting sessions for read:user,repo,user:email,workflow...
2025-03-19 06:42:28.485 [info] Got 1 sessions for read:user,repo,user:email,workflow...
