2025-03-16 12:26:52.281 [info] Reading sessions from keychain...
2025-03-16 12:26:52.282 [info] Getting sessions for all scopes...
2025-03-16 12:26:52.282 [info] Getting sessions for all scopes...
2025-03-16 12:26:52.282 [info] Getting sessions for all scopes...
2025-03-16 12:26:52.282 [info] Getting sessions for user:email...
2025-03-16 12:26:52.282 [info] Getting sessions for all scopes...
2025-03-16 12:26:52.282 [info] Getting sessions for all scopes...
2025-03-16 12:26:52.283 [info] Getting sessions for all scopes...
2025-03-16 12:26:52.283 [info] Getting sessions for all scopes...
2025-03-16 12:26:52.283 [info] Getting sessions for all scopes...
2025-03-16 12:26:52.283 [info] Got stored sessions!
2025-03-16 12:26:52.283 [info] Got 6 verified sessions.
2025-03-16 12:26:52.283 [info] Got 6 sessions for ...
2025-03-16 12:26:52.283 [info] Got 6 sessions for ...
2025-03-16 12:26:52.283 [info] Got 6 sessions for ...
2025-03-16 12:26:52.283 [info] Got 1 sessions for user:email...
2025-03-16 12:26:52.283 [info] Got 6 sessions for ...
2025-03-16 12:26:52.283 [info] Got 6 sessions for ...
2025-03-16 12:26:52.283 [info] Got 6 sessions for ...
2025-03-16 12:26:52.283 [info] Got 6 sessions for ...
2025-03-16 12:26:52.283 [info] Got 6 sessions for ...
2025-03-16 12:26:52.361 [info] Getting sessions for codespace,read:user,repo,user:email...
2025-03-16 12:26:52.361 [info] Getting sessions for all scopes...
2025-03-16 12:26:52.361 [info] Got 1 sessions for codespace,read:user,repo,user:email...
2025-03-16 12:26:52.361 [info] Got 6 sessions for ...
2025-03-16 12:26:52.451 [info] Getting sessions for all scopes...
2025-03-16 12:26:52.452 [info] Got 6 sessions for ...
2025-03-16 12:26:53.159 [info] Getting sessions for all scopes...
2025-03-16 12:26:53.159 [info] Got 6 sessions for ...
2025-03-16 12:26:54.477 [info] Getting sessions for all scopes...
2025-03-16 12:26:54.479 [info] Got 6 sessions for ...
2025-03-16 12:26:55.004 [info] Getting sessions for all scopes...
2025-03-16 12:26:55.005 [info] Got 6 sessions for ...
2025-03-16 12:26:55.909 [info] Getting sessions for all scopes...
2025-03-16 12:26:55.912 [info] Got 6 sessions for ...
2025-03-16 12:26:56.449 [info] Getting sessions for project,read:org,read:user,repo,user:email,workflow...
2025-03-16 12:26:56.449 [info] Got 0 sessions for project,read:org,read:user,repo,user:email,workflow...
2025-03-16 12:26:56.838 [info] Getting sessions for read:user,repo,user:email,workflow...
2025-03-16 12:26:56.838 [info] Got 1 sessions for read:user,repo,user:email,workflow...
2025-03-16 12:26:59.451 [info] Getting sessions for read:user,repo,user:email,workflow...
2025-03-16 12:26:59.453 [info] Got 1 sessions for read:user,repo,user:email,workflow...
2025-03-16 12:27:02.984 [info] Getting sessions for read:user,repo,user:email,workflow...
2025-03-16 12:27:02.984 [info] Got 1 sessions for read:user,repo,user:email,workflow...
2025-03-16 12:27:07.881 [info] Getting sessions for read:user,repo,user:email,workflow...
2025-03-16 12:27:07.881 [info] Got 1 sessions for read:user,repo,user:email,workflow...
2025-03-16 12:27:31.078 [info] Getting sessions for read:user,repo,user:email,workflow...
2025-03-16 12:27:31.085 [info] Getting sessions for all scopes...
2025-03-16 12:27:31.086 [info] Getting sessions for all scopes...
2025-03-16 12:27:31.086 [info] Got 1 sessions for read:user,repo,user:email,workflow...
2025-03-16 12:27:31.086 [info] Got 6 sessions for ...
2025-03-16 12:27:31.086 [info] Got 6 sessions for ...
2025-03-16 12:27:31.976 [info] Getting sessions for read:user,repo,user:email,workflow...
2025-03-16 12:27:31.977 [info] Got 1 sessions for read:user,repo,user:email,workflow...
2025-03-16 12:27:32.754 [info] Getting sessions for all scopes...
2025-03-16 12:27:32.754 [info] Getting sessions for all scopes...
2025-03-16 12:27:32.754 [info] Got 6 sessions for ...
2025-03-16 12:27:32.754 [info] Got 6 sessions for ...
2025-03-16 12:27:33.008 [info] Getting sessions for read:user,repo,user:email,workflow...
2025-03-16 12:27:33.008 [info] Got 1 sessions for read:user,repo,user:email,workflow...
2025-03-16 12:35:53.594 [info] Getting sessions for read:user,repo,user:email,workflow...
2025-03-16 12:35:53.594 [info] Got 1 sessions for read:user,repo,user:email,workflow...
2025-03-16 12:35:54.416 [info] Getting sessions for read:user,repo,user:email,workflow...
2025-03-16 12:35:54.416 [info] Got 1 sessions for read:user,repo,user:email,workflow...
2025-03-16 12:42:33.977 [info] Getting sessions for all scopes...
2025-03-16 12:42:33.978 [info] Got 6 sessions for ...
2025-03-16 12:42:34.223 [info] Getting sessions for read:user,repo,user:email,workflow...
2025-03-16 12:42:34.223 [info] Got 1 sessions for read:user,repo,user:email,workflow...
2025-03-16 12:42:34.466 [info] Getting sessions for all scopes...
2025-03-16 12:42:34.466 [info] Got 6 sessions for ...
2025-03-16 12:42:34.710 [info] Getting sessions for read:user,repo,user:email,workflow...
2025-03-16 12:42:34.710 [info] Got 1 sessions for read:user,repo,user:email,workflow...
