2025-03-16 12:56:45.298 [info] Reading sessions from keychain...
2025-03-16 12:56:45.298 [info] Getting sessions for all scopes...
2025-03-16 12:56:45.298 [info] Getting sessions for all scopes...
2025-03-16 12:56:45.298 [info] Getting sessions for all scopes...
2025-03-16 12:56:45.298 [info] Getting sessions for user:email...
2025-03-16 12:56:45.298 [info] Getting sessions for all scopes...
2025-03-16 12:56:45.298 [info] Getting sessions for all scopes...
2025-03-16 12:56:45.298 [info] Getting sessions for all scopes...
2025-03-16 12:56:45.298 [info] Getting sessions for all scopes...
2025-03-16 12:56:45.298 [info] Getting sessions for all scopes...
2025-03-16 12:56:45.298 [info] Got stored sessions!
2025-03-16 12:56:45.298 [info] Got 6 verified sessions.
2025-03-16 12:56:45.298 [info] Got 6 sessions for ...
2025-03-16 12:56:45.298 [info] Got 6 sessions for ...
2025-03-16 12:56:45.298 [info] Got 6 sessions for ...
2025-03-16 12:56:45.298 [info] Got 1 sessions for user:email...
2025-03-16 12:56:45.298 [info] Got 6 sessions for ...
2025-03-16 12:56:45.298 [info] Got 6 sessions for ...
2025-03-16 12:56:45.298 [info] Got 6 sessions for ...
2025-03-16 12:56:45.298 [info] Got 6 sessions for ...
2025-03-16 12:56:45.298 [info] Got 6 sessions for ...
2025-03-16 12:56:45.298 [info] Getting sessions for codespace,read:user,repo,user:email...
2025-03-16 12:56:45.298 [info] Getting sessions for all scopes...
2025-03-16 12:56:45.298 [info] Getting sessions for all scopes...
2025-03-16 12:56:45.298 [info] Getting sessions for all scopes...
2025-03-16 12:56:45.298 [info] Got 1 sessions for codespace,read:user,repo,user:email...
2025-03-16 12:56:45.298 [info] Got 6 sessions for ...
2025-03-16 12:56:45.298 [info] Got 6 sessions for ...
2025-03-16 12:56:45.298 [info] Got 6 sessions for ...
2025-03-16 12:56:45.306 [info] Getting sessions for all scopes...
2025-03-16 12:56:45.307 [info] Got 6 sessions for ...
2025-03-16 12:56:45.804 [info] Getting sessions for all scopes...
2025-03-16 12:56:45.805 [info] Got 6 sessions for ...
2025-03-16 12:56:46.293 [info] Getting sessions for read:user,repo,user:email,workflow...
2025-03-16 12:56:46.294 [info] Getting sessions for read:user,repo,user:email,workflow...
2025-03-16 12:56:46.294 [info] Getting sessions for read:user,repo,user:email,workflow...
2025-03-16 12:56:46.294 [info] Getting sessions for all scopes...
2025-03-16 12:56:46.310 [info] Got 1 sessions for read:user,repo,user:email,workflow...
2025-03-16 12:56:46.310 [info] Got 1 sessions for read:user,repo,user:email,workflow...
2025-03-16 12:56:46.310 [info] Got 1 sessions for read:user,repo,user:email,workflow...
2025-03-16 12:56:46.312 [info] Got 6 sessions for ...
2025-03-16 12:56:46.675 [info] Getting sessions for project,read:org,read:user,repo,user:email,workflow...
2025-03-16 12:56:46.675 [info] Getting sessions for all scopes...
2025-03-16 12:56:46.675 [info] Got 0 sessions for project,read:org,read:user,repo,user:email,workflow...
2025-03-16 12:56:46.675 [info] Got 6 sessions for ...
2025-03-16 12:56:46.826 [info] Getting sessions for all scopes...
2025-03-16 12:56:46.826 [info] Got 6 sessions for ...
2025-03-16 12:56:47.266 [info] Getting sessions for all scopes...
2025-03-16 12:56:47.266 [info] Getting sessions for all scopes...
2025-03-16 12:56:47.266 [info] Got 6 sessions for ...
2025-03-16 12:56:47.266 [info] Got 6 sessions for ...
2025-03-16 12:56:47.378 [info] Getting sessions for read:user,repo,user:email,workflow...
2025-03-16 12:56:47.380 [info] Getting sessions for read:user,repo,user:email,workflow...
2025-03-16 12:56:47.380 [info] Got 1 sessions for read:user,repo,user:email,workflow...
2025-03-16 12:56:47.380 [info] Got 1 sessions for read:user,repo,user:email,workflow...
2025-03-16 12:56:47.585 [info] Getting sessions for read:user,repo,user:email,workflow...
2025-03-16 12:56:47.585 [info] Getting sessions for all scopes...
2025-03-16 12:56:47.585 [info] Got 1 sessions for read:user,repo,user:email,workflow...
2025-03-16 12:56:47.585 [info] Got 6 sessions for ...
2025-03-16 12:56:48.561 [info] Getting sessions for read:user,repo,user:email,workflow...
2025-03-16 12:56:48.561 [info] Got 1 sessions for read:user,repo,user:email,workflow...
2025-03-16 12:56:48.566 [info] Getting sessions for read:user,repo,user:email,workflow...
2025-03-16 12:56:48.566 [info] Got 1 sessions for read:user,repo,user:email,workflow...
2025-03-16 12:56:49.940 [info] Getting sessions for read:user,repo,user:email,workflow...
2025-03-16 12:56:49.941 [info] Got 1 sessions for read:user,repo,user:email,workflow...
2025-03-16 12:56:51.039 [info] Getting sessions for read:user,repo,user:email,workflow...
2025-03-16 12:56:51.039 [info] Got 1 sessions for read:user,repo,user:email,workflow...
2025-03-16 13:11:49.260 [info] Getting sessions for all scopes...
2025-03-16 13:11:49.260 [info] Got 6 sessions for ...
2025-03-16 13:11:49.509 [info] Getting sessions for read:user,repo,user:email,workflow...
2025-03-16 13:11:49.509 [info] Got 1 sessions for read:user,repo,user:email,workflow...
2025-03-16 13:11:49.756 [info] Getting sessions for all scopes...
2025-03-16 13:11:49.756 [info] Got 6 sessions for ...
2025-03-16 13:11:50.006 [info] Getting sessions for read:user,repo,user:email,workflow...
2025-03-16 13:11:50.006 [info] Got 1 sessions for read:user,repo,user:email,workflow...
2025-03-16 13:28:20.921 [info] Getting sessions for all scopes...
2025-03-16 13:28:20.921 [info] Got 6 sessions for ...
2025-03-16 13:31:21.085 [info] Getting sessions for read:user,repo,user:email,workflow...
2025-03-16 13:31:21.085 [info] Got 1 sessions for read:user,repo,user:email,workflow...
2025-03-16 13:34:20.974 [info] Getting sessions for all scopes...
2025-03-16 13:34:20.975 [info] Got 6 sessions for ...
2025-03-16 13:37:20.938 [info] Getting sessions for read:user,repo,user:email,workflow...
2025-03-16 13:37:20.939 [info] Got 1 sessions for read:user,repo,user:email,workflow...
