2025-03-19 06:47:48.174 [info] Reading sessions from keychain...
2025-03-19 06:47:48.175 [info] Getting sessions for all scopes...
2025-03-19 06:47:48.175 [info] Getting sessions for all scopes...
2025-03-19 06:47:48.175 [info] Getting sessions for all scopes...
2025-03-19 06:47:48.175 [info] Getting sessions for user:email...
2025-03-19 06:47:48.175 [info] Getting sessions for all scopes...
2025-03-19 06:47:48.175 [info] Getting sessions for all scopes...
2025-03-19 06:47:48.175 [info] Getting sessions for all scopes...
2025-03-19 06:47:48.175 [info] Getting sessions for all scopes...
2025-03-19 06:47:48.175 [info] Getting sessions for all scopes...
2025-03-19 06:47:48.197 [info] Got stored sessions!
2025-03-19 06:47:48.197 [info] Got 6 verified sessions.
2025-03-19 06:47:48.197 [info] Got 6 sessions for ...
2025-03-19 06:47:48.197 [info] Got 6 sessions for ...
2025-03-19 06:47:48.197 [info] Got 6 sessions for ...
2025-03-19 06:47:48.197 [info] Got 1 sessions for user:email...
2025-03-19 06:47:48.197 [info] Got 6 sessions for ...
2025-03-19 06:47:48.197 [info] Got 6 sessions for ...
2025-03-19 06:47:48.197 [info] Got 6 sessions for ...
2025-03-19 06:47:48.197 [info] Got 6 sessions for ...
2025-03-19 06:47:48.197 [info] Got 6 sessions for ...
2025-03-19 06:47:48.267 [info] Getting sessions for codespace,read:user,repo,user:email...
2025-03-19 06:47:48.267 [info] Got 1 sessions for codespace,read:user,repo,user:email...
2025-03-19 06:47:48.291 [info] Getting sessions for all scopes...
2025-03-19 06:47:48.292 [info] Got 6 sessions for ...
2025-03-19 06:47:48.434 [info] Getting sessions for all scopes...
2025-03-19 06:47:48.438 [info] Got 6 sessions for ...
2025-03-19 06:47:49.828 [info] Getting sessions for all scopes...
2025-03-19 06:47:49.829 [info] Got 6 sessions for ...
2025-03-19 06:47:49.931 [info] Getting sessions for all scopes...
2025-03-19 06:47:49.933 [info] Got 6 sessions for ...
2025-03-19 06:47:52.064 [info] Getting sessions for all scopes...
2025-03-19 06:47:52.065 [info] Got 6 sessions for ...
2025-03-19 06:47:52.582 [info] Getting sessions for read:user,repo,user:email,workflow...
2025-03-19 06:47:52.584 [info] Getting sessions for all scopes...
2025-03-19 06:47:52.585 [info] Got 1 sessions for read:user,repo,user:email,workflow...
2025-03-19 06:47:52.586 [info] Got 6 sessions for ...
2025-03-19 06:47:52.816 [info] Getting sessions for all scopes...
2025-03-19 06:47:52.818 [info] Getting sessions for all scopes...
2025-03-19 06:47:52.818 [info] Getting sessions for project,read:org,read:user,repo,user:email,workflow...
2025-03-19 06:47:52.818 [info] Got 6 sessions for ...
2025-03-19 06:47:52.818 [info] Got 6 sessions for ...
2025-03-19 06:47:52.818 [info] Got 0 sessions for project,read:org,read:user,repo,user:email,workflow...
2025-03-19 06:47:53.532 [info] Getting sessions for read:user,repo,user:email,workflow...
2025-03-19 06:47:53.532 [info] Getting sessions for read:user,repo,user:email,workflow...
2025-03-19 06:47:53.532 [info] Got 1 sessions for read:user,repo,user:email,workflow...
2025-03-19 06:47:53.532 [info] Got 1 sessions for read:user,repo,user:email,workflow...
2025-03-19 06:47:54.513 [info] Getting sessions for all scopes...
2025-03-19 06:47:54.513 [info] Getting sessions for all scopes...
2025-03-19 06:47:54.513 [info] Got 6 sessions for ...
2025-03-19 06:47:54.513 [info] Got 6 sessions for ...
2025-03-19 06:47:56.720 [info] Getting sessions for read:user,repo,user:email,workflow...
2025-03-19 06:47:56.720 [info] Got 1 sessions for read:user,repo,user:email,workflow...
2025-03-19 06:47:57.719 [info] Getting sessions for read:user,repo,user:email,workflow...
2025-03-19 06:47:57.719 [info] Got 1 sessions for read:user,repo,user:email,workflow...
