2025-03-19 05:11:20.277 [info] [main] ログ レベル: Info
2025-03-19 05:11:20.277 [info] [main] Git の検証が検出されました: "git"
2025-03-19 05:11:20.277 [info] [main] "git" から Git "2.47.1" を使用しています
2025-03-19 05:11:20.277 [info] [Model][doInitialScan] Initial repository scan started
2025-03-19 05:11:20.277 [info] > git rev-parse --show-toplevel [861ms]
2025-03-19 05:11:20.277 [info] > git rev-parse --git-dir --git-common-dir [73ms]
2025-03-19 05:11:20.277 [info] [Model][openRepository] Opened repository: /home/vscode
2025-03-19 05:11:20.277 [info] > git rev-parse --show-toplevel [15ms]
2025-03-19 05:11:20.277 [info] > git config --get commit.template [21ms]
2025-03-19 05:11:20.294 [info] [Git][getRemotes] No remotes found in the git config file
2025-03-19 05:11:20.324 [info] > git for-each-ref --format=%(refname)%00%(upstream:short)%00%(objectname)%00%(upstream:track)%00%(upstream:remotename)%00%(upstream:remoteref) refs/heads/main refs/remotes/main [31ms]
2025-03-19 05:11:20.324 [warning] [Git][getBranch] No such branch: main
2025-03-19 05:11:20.356 [info] > git rev-parse --git-dir --git-common-dir [71ms]
2025-03-19 05:11:20.366 [info] [Model][openRepository] Opened repository: /home/vscode/environment
2025-03-19 05:11:20.454 [info] > git for-each-ref --sort -committerdate --format %(refname) %(objectname) %(*objectname) [97ms]
2025-03-19 05:11:20.467 [info] > git rev-parse --show-toplevel [69ms]
2025-03-19 05:11:20.467 [info] > git config --get commit.template [83ms]
2025-03-19 05:11:20.523 [info] > git rev-parse --show-toplevel [29ms]
2025-03-19 05:11:20.863 [info] > git status -z -uall [527ms]
2025-03-19 05:11:20.864 [info] > git for-each-ref --format=%(refname)%00%(upstream:short)%00%(objectname)%00%(upstream:track)%00%(upstream:remotename)%00%(upstream:remoteref) refs/heads/main refs/remotes/main [352ms]
2025-03-19 05:11:20.866 [info] > git rev-parse --show-toplevel [19ms]
2025-03-19 05:11:22.015 [info] > git check-ignore -v -z --stdin [976ms]
2025-03-19 05:11:22.016 [info] > git check-ignore -v -z --stdin [972ms]
2025-03-19 05:11:22.018 [info] > git for-each-ref --format=%(refname)%00%(upstream:short)%00%(objectname)%00%(upstream:track)%00%(upstream:remotename)%00%(upstream:remoteref) refs/heads/main refs/remotes/main [992ms]
2025-03-19 05:11:22.018 [warning] [Git][getBranch] No such branch: main
2025-03-19 05:11:22.019 [error] [GitHistoryProvider][resolveHEADMergeBase] Failed to resolve merge base for main: Error: No such branch: main.
2025-03-19 05:11:22.094 [info] > git config --get commit.template [117ms]
2025-03-19 05:11:22.094 [info] > git rev-parse --show-toplevel [123ms]
2025-03-19 05:11:22.127 [info] [Git][getRemotes] No remotes found in the git config file
2025-03-19 05:11:22.131 [info] > git status -z -uall [29ms]
2025-03-19 05:11:22.131 [info] > git rev-parse --git-dir --git-common-dir [14ms]
2025-03-19 05:11:22.134 [info] [Model][openRepository] Opened repository: /home/vscode/.nodenv
2025-03-19 05:11:22.135 [info] > git for-each-ref --format=%(refname)%00%(upstream:short)%00%(objectname)%00%(upstream:track)%00%(upstream:remotename)%00%(upstream:remoteref) refs/heads/main refs/remotes/main [8ms]
2025-03-19 05:11:22.135 [warning] [Git][getBranch] No such branch: main
2025-03-19 05:11:22.151 [info] > git for-each-ref --sort -committerdate --format %(refname) %(objectname) %(*objectname) [40ms]
2025-03-19 05:11:22.203 [info] > git for-each-ref --format=%(refname)%00%(upstream:short)%00%(objectname)%00%(upstream:track)%00%(upstream:remotename)%00%(upstream:remoteref) refs/heads/main refs/remotes/main [31ms]
2025-03-19 05:11:22.216 [info] > git for-each-ref --sort -committerdate --format %(refname) %(objectname) %(*objectname) [65ms]
2025-03-19 05:11:22.239 [info] > git config --get --local branch.main.vscode-merge-base [23ms]
2025-03-19 05:11:22.247 [info] > git rev-parse --show-toplevel [47ms]
2025-03-19 05:11:22.248 [info] > git config --get commit.template [62ms]
2025-03-19 05:11:22.262 [info] > git for-each-ref --format=%(refname)%00%(upstream:short)%00%(objectname)%00%(upstream:track)%00%(upstream:remotename)%00%(upstream:remoteref) refs/heads/origin/main refs/remotes/origin/main [15ms]
2025-03-19 05:11:22.270 [info] > git config --get commit.template [40ms]
2025-03-19 05:11:22.296 [info] > git status -z -uall [155ms]
2025-03-19 05:11:22.391 [info] > git rev-parse --show-toplevel [134ms]
2025-03-19 05:11:22.393 [info] > git merge-base refs/heads/main refs/remotes/origin/main [123ms]
2025-03-19 05:11:22.405 [info] > git for-each-ref --format=%(refname)%00%(upstream:short)%00%(objectname)%00%(upstream:track)%00%(upstream:remotename)%00%(upstream:remoteref) refs/heads/main refs/remotes/main [113ms]
2025-03-19 05:11:22.416 [info] > git diff --name-status -z --diff-filter=ADMR b94a4699e5d96bc3c2146c939ddcf1760e1c472e...refs/remotes/origin/main [11ms]
2025-03-19 05:11:22.418 [info] > git rev-parse --git-dir --git-common-dir [5ms]
2025-03-19 05:11:22.422 [info] [Model][openRepository] Opened repository: /home/vscode/.oh-my-zsh
2025-03-19 05:11:23.330 [info] > git status -z -uall [37ms]
2025-03-19 05:11:23.339 [info] > git for-each-ref --format=%(refname)%00%(upstream:short)%00%(objectname)%00%(upstream:track)%00%(upstream:remotename)%00%(upstream:remoteref) refs/heads/main refs/remotes/main [1062ms]
2025-03-19 05:11:23.371 [warning] [Git][revParse] Unable to read file: ENOENT: no such file or directory, open '/home/vscode/.nodenv/.git/refs/remotes/origin/main'
2025-03-19 05:11:23.373 [info] > git rev-parse --show-toplevel [53ms]
2025-03-19 05:11:23.375 [info] > git config --get commit.template [61ms]
2025-03-19 05:11:23.375 [info] > git for-each-ref --sort -committerdate --format %(refname) %(objectname) %(*objectname) [75ms]
2025-03-19 05:11:23.392 [info] > git rev-parse refs/remotes/origin/main [21ms]
2025-03-19 05:11:23.418 [info] > git rev-parse --show-toplevel [27ms]
2025-03-19 05:11:23.420 [info] [Model][doInitialScan] Initial repository scan completed - repositories (4), closed repositories (0), parent repositories (0), unsafe repositories (0)
2025-03-19 05:11:23.440 [info] > git ls-files --stage -- index.html [4ms]
2025-03-19 05:11:23.456 [info] > git show --textconv :index.html [27ms]
2025-03-19 05:11:23.459 [info] > git cat-file -s 8dfca808c8539241b179df2b270a486b8fa1055b [5ms]
2025-03-19 05:11:23.460 [info] > git status -z -uall [58ms]
2025-03-19 05:11:23.461 [info] > git for-each-ref --sort -committerdate --format %(refname) %(objectname) %(*objectname) [51ms]
2025-03-19 05:11:23.484 [info] > git config --get commit.template [5ms]
2025-03-19 05:11:23.484 [info] > git for-each-ref --format=%(refname)%00%(upstream:short)%00%(objectname)%00%(upstream:track)%00%(upstream:remotename)%00%(upstream:remoteref) refs/heads/main refs/remotes/main [13ms]
2025-03-19 05:11:23.519 [info] > git for-each-ref --format=%(refname)%00%(upstream:short)%00%(objectname)%00%(upstream:track)%00%(upstream:remotename)%00%(upstream:remoteref) refs/heads/master refs/remotes/master [101ms]
2025-03-19 05:11:23.519 [info] > git config --get --local branch.main.vscode-merge-base [22ms]
2025-03-19 05:11:23.541 [warning] [Git][revParse] Unable to read file: ENOENT: no such file or directory, open '/home/vscode/.oh-my-zsh/.git/refs/remotes/origin/master'
2025-03-19 05:11:23.543 [info] > git for-each-ref --format=%(refname)%00%(upstream:short)%00%(objectname)%00%(upstream:track)%00%(upstream:remotename)%00%(upstream:remoteref) refs/heads/main refs/remotes/main [28ms]
2025-03-19 05:11:23.547 [info] > git for-each-ref --format=%(refname)%00%(upstream:short)%00%(objectname)%00%(upstream:track)%00%(upstream:remotename)%00%(upstream:remoteref) refs/heads/origin/main refs/remotes/origin/main [17ms]
2025-03-19 05:11:23.566 [warning] [Git][revParse] Unable to read file: ENOENT: no such file or directory, open '/home/vscode/.nodenv/.git/refs/remotes/origin/main'
2025-03-19 05:11:23.567 [info] > git rev-parse refs/remotes/origin/master [26ms]
2025-03-19 05:11:23.584 [info] > git rev-parse refs/remotes/origin/main [18ms]
2025-03-19 05:11:23.601 [info] > git merge-base refs/heads/main refs/remotes/origin/main [42ms]
2025-03-19 05:11:23.611 [info] > git status -z -uall [18ms]
2025-03-19 05:11:23.611 [info] > git for-each-ref --sort -committerdate --format %(refname) %(objectname) %(*objectname) [10ms]
2025-03-19 05:11:23.629 [info] > git for-each-ref --sort -committerdate --format %(refname) %(objectname) %(*objectname) [46ms]
2025-03-19 05:11:23.629 [info] > git diff --name-status -z --diff-filter=ADMR 8948584145f2ce1853967337c91f2e09996aa1c3...refs/remotes/origin/main [19ms]
2025-03-19 05:11:23.632 [info] > git merge-base refs/heads/main refs/remotes/origin/main [7ms]
2025-03-19 05:11:23.644 [info] > git diff --name-status -z --diff-filter=ADMR 8948584145f2ce1853967337c91f2e09996aa1c3...refs/remotes/origin/main [2ms]
2025-03-19 05:11:24.297 [info] > git check-ignore -v -z --stdin [29ms]
2025-03-19 05:11:24.297 [info] > git check-ignore -v -z --stdin [22ms]
2025-03-19 05:11:24.298 [info] > git check-ignore -v -z --stdin [13ms]
2025-03-19 05:11:24.298 [info] > git check-ignore -v -z --stdin [3ms]
2025-03-19 05:11:29.625 [info] > git status -z -uall [6049ms]
2025-03-19 05:11:29.628 [info] > git config --get --local branch.main.github-pr-owner-number [3089ms]
2025-03-19 05:11:29.629 [warning] [Git][config] git config failed: Failed to execute git
2025-03-19 05:11:29.748 [info] > git for-each-ref --format=%(refname)%00%(upstream:short)%00%(objectname)%00%(upstream:track)%00%(upstream:remotename)%00%(upstream:remoteref) refs/heads/master refs/remotes/master [89ms]
2025-03-19 05:11:29.765 [info] > git config --get --local branch.main.remote [122ms]
2025-03-19 05:11:29.765 [warning] [Git][config] git config failed: Failed to execute git
2025-03-19 05:11:29.790 [info] > git config --get commit.template [188ms]
2025-03-19 05:11:30.108 [info] > git config --get --local branch.main.merge [321ms]
2025-03-19 05:11:30.108 [warning] [Git][config] git config failed: Failed to execute git
2025-03-19 05:11:30.110 [info] > git config --get --local branch.master.vscode-merge-base [347ms]
2025-03-19 05:11:30.124 [info] > git config --get commit.template [396ms]
2025-03-19 05:11:30.126 [info] > git config --get commit.template [410ms]
2025-03-19 05:11:30.128 [info] > git config --get commit.template [422ms]
2025-03-19 05:11:30.150 [info] [Git][getRemotes] No remotes found in the git config file
2025-03-19 05:11:30.290 [info] > git for-each-ref --format=%(refname)%00%(upstream:short)%00%(objectname)%00%(upstream:track)%00%(upstream:remotename)%00%(upstream:remoteref) refs/heads/origin/master refs/remotes/origin/master [166ms]
2025-03-19 05:11:30.638 [info] > git merge-base refs/heads/master refs/remotes/origin/master [333ms]
2025-03-19 05:11:30.654 [info] > git for-each-ref --format=%(refname)%00%(upstream:short)%00%(objectname)%00%(upstream:track)%00%(upstream:remotename)%00%(upstream:remoteref) refs/heads/main refs/remotes/main [505ms]
2025-03-19 05:11:30.654 [warning] [Git][getBranch] No such branch: main
2025-03-19 05:11:30.735 [info] > git diff --name-status -z --diff-filter=ADMR 69a6359f7cf8978d464573fb7b023ee3cd00181a...refs/remotes/origin/master [81ms]
2025-03-19 05:11:30.735 [info] > git for-each-ref --format=%(refname)%00%(upstream:short)%00%(objectname)%00%(upstream:track)%00%(upstream:remotename)%00%(upstream:remoteref) refs/heads/master refs/remotes/master [354ms]
2025-03-19 05:11:30.736 [info] > git for-each-ref --format=%(refname)%00%(upstream:short)%00%(objectname)%00%(upstream:track)%00%(upstream:remotename)%00%(upstream:remoteref) refs/heads/main refs/remotes/main [367ms]
2025-03-19 05:11:30.736 [info] > git for-each-ref --format=%(refname)%00%(upstream:short)%00%(objectname)%00%(upstream:track)%00%(upstream:remotename)%00%(upstream:remoteref) refs/heads/main refs/remotes/main [392ms]
2025-03-19 05:11:30.768 [warning] [Git][revParse] Unable to read file: ENOENT: no such file or directory, open '/home/vscode/.oh-my-zsh/.git/refs/remotes/origin/master'
2025-03-19 05:11:30.790 [warning] [Git][revParse] Unable to read file: ENOENT: no such file or directory, open '/home/vscode/.nodenv/.git/refs/remotes/origin/main'
2025-03-19 05:11:30.793 [info] > git for-each-ref --sort -committerdate --format %(refname) %(objectname) %(*objectname) [94ms]
2025-03-19 05:11:30.867 [info] > git rev-parse refs/remotes/origin/main [77ms]
2025-03-19 05:11:30.897 [info] > git rev-parse refs/remotes/origin/master [130ms]
2025-03-19 05:11:30.989 [info] > git status -z -uall [109ms]
2025-03-19 05:11:30.991 [info] > git for-each-ref --sort -committerdate --format %(refname) %(objectname) %(*objectname) [94ms]
2025-03-19 05:11:31.106 [info] > git for-each-ref --sort -committerdate --format %(refname) %(objectname) %(*objectname) [155ms]
2025-03-19 05:11:31.322 [info] > git status -z -uall [650ms]
2025-03-19 05:11:31.322 [info] > git status -z -uall [408ms]
2025-03-19 05:11:31.322 [info] > git status -z -uall [239ms]
2025-03-19 05:11:31.323 [info] > git for-each-ref --sort -committerdate --format %(refname) %(objectname) %(*objectname) [227ms]
2025-03-19 05:11:32.890 [info] > git config --get commit.template [49ms]
2025-03-19 05:11:32.964 [info] [Git][getRemotes] No remotes found in the git config file
2025-03-19 05:11:32.984 [info] > git config --get --local branch.main.github-pr-owner-number [52ms]
2025-03-19 05:11:32.984 [warning] [Git][config] git config failed: Failed to execute git
2025-03-19 05:11:33.007 [info] > git config --get --local branch.master.github-pr-owner-number [29ms]
2025-03-19 05:11:33.007 [warning] [Git][config] git config failed: Failed to execute git
2025-03-19 05:11:33.009 [info] > git for-each-ref --format=%(refname)%00%(upstream:short)%00%(objectname)%00%(upstream:track)%00%(upstream:remotename)%00%(upstream:remoteref) refs/heads/main refs/remotes/main [45ms]
2025-03-19 05:11:33.009 [warning] [Git][getBranch] No such branch: main
2025-03-19 05:11:33.034 [info] > git config --get --local branch.main.github-pr-owner-number [29ms]
2025-03-19 05:11:33.034 [warning] [Git][config] git config failed: Failed to execute git
2025-03-19 05:11:33.037 [info] > git for-each-ref --sort -committerdate --format %(refname) %(objectname) %(*objectname) [7ms]
2025-03-19 05:11:33.107 [info] > git status -z -uall [88ms]
2025-03-19 05:11:38.838 [info] > git config --get commit.template [158ms]
2025-03-19 05:11:38.870 [info] [Git][getRemotes] No remotes found in the git config file
2025-03-19 05:11:38.906 [info] > git for-each-ref --format=%(refname)%00%(upstream:short)%00%(objectname)%00%(upstream:track)%00%(upstream:remotename)%00%(upstream:remoteref) refs/heads/main refs/remotes/main [36ms]
2025-03-19 05:11:38.907 [warning] [Git][getBranch] No such branch: main
2025-03-19 05:11:39.141 [info] > git for-each-ref --sort -committerdate --format %(refname) %(objectname) %(*objectname) [188ms]
2025-03-19 05:11:39.719 [info] > git status -z -uall [794ms]
2025-03-19 05:11:44.845 [info] [Git][getRemotes] No remotes found in the git config file
2025-03-19 05:11:44.846 [info] > git config --get commit.template [14ms]
2025-03-19 05:11:44.847 [info] > git for-each-ref --format=%(refname)%00%(upstream:short)%00%(objectname)%00%(upstream:track)%00%(upstream:remotename)%00%(upstream:remoteref) refs/heads/main refs/remotes/main [2ms]
2025-03-19 05:11:44.847 [warning] [Git][getBranch] No such branch: main
2025-03-19 05:11:44.896 [info] > git for-each-ref --sort -committerdate --format %(refname) %(objectname) %(*objectname) [6ms]
2025-03-19 05:11:44.955 [info] > git status -z -uall [90ms]
2025-03-19 05:11:50.609 [info] [Git][getRemotes] No remotes found in the git config file
2025-03-19 05:11:50.622 [info] > git config --get commit.template [14ms]
2025-03-19 05:11:50.624 [info] > git for-each-ref --format=%(refname)%00%(upstream:short)%00%(objectname)%00%(upstream:track)%00%(upstream:remotename)%00%(upstream:remoteref) refs/heads/main refs/remotes/main [3ms]
2025-03-19 05:11:50.624 [warning] [Git][getBranch] No such branch: main
2025-03-19 05:11:50.657 [info] > git for-each-ref --sort -committerdate --format %(refname) %(objectname) %(*objectname) [3ms]
2025-03-19 05:11:50.684 [info] > git status -z -uall [47ms]
2025-03-19 05:11:55.755 [info] [Git][getRemotes] No remotes found in the git config file
2025-03-19 05:11:55.756 [info] > git config --get commit.template [9ms]
2025-03-19 05:11:55.756 [info] > git for-each-ref --format=%(refname)%00%(upstream:short)%00%(objectname)%00%(upstream:track)%00%(upstream:remotename)%00%(upstream:remoteref) refs/heads/main refs/remotes/main [1ms]
2025-03-19 05:11:55.757 [warning] [Git][getBranch] No such branch: main
2025-03-19 05:11:55.780 [info] > git for-each-ref --sort -committerdate --format %(refname) %(objectname) %(*objectname) [3ms]
2025-03-19 05:11:55.807 [info] > git status -z -uall [43ms]
2025-03-19 05:12:00.885 [info] > git config --get commit.template [1ms]
2025-03-19 05:12:00.897 [info] [Git][getRemotes] No remotes found in the git config file
2025-03-19 05:12:00.899 [info] > git for-each-ref --format=%(refname)%00%(upstream:short)%00%(objectname)%00%(upstream:track)%00%(upstream:remotename)%00%(upstream:remoteref) refs/heads/main refs/remotes/main [2ms]
2025-03-19 05:12:00.899 [warning] [Git][getBranch] No such branch: main
2025-03-19 05:12:00.926 [info] > git for-each-ref --sort -committerdate --format %(refname) %(objectname) %(*objectname) [2ms]
2025-03-19 05:12:00.982 [info] > git status -z -uall [71ms]
2025-03-19 05:12:06.117 [info] [Git][getRemotes] No remotes found in the git config file
2025-03-19 05:12:06.118 [info] > git config --get commit.template [14ms]
2025-03-19 05:12:06.118 [info] > git for-each-ref --format=%(refname)%00%(upstream:short)%00%(objectname)%00%(upstream:track)%00%(upstream:remotename)%00%(upstream:remoteref) refs/heads/main refs/remotes/main [2ms]
2025-03-19 05:12:06.118 [warning] [Git][getBranch] No such branch: main
2025-03-19 05:12:06.169 [info] > git for-each-ref --sort -committerdate --format %(refname) %(objectname) %(*objectname) [4ms]
2025-03-19 05:12:06.204 [info] > git status -z -uall [71ms]
2025-03-19 05:12:10.114 [info] > git blame --root --incremental b94a4699e5d96bc3c2146c939ddcf1760e1c472e -- index.html [160ms]
2025-03-19 05:12:11.338 [info] > git config --get commit.template [19ms]
2025-03-19 05:12:11.339 [info] [Git][getRemotes] No remotes found in the git config file
2025-03-19 05:12:11.340 [info] > git for-each-ref --format=%(refname)%00%(upstream:short)%00%(objectname)%00%(upstream:track)%00%(upstream:remotename)%00%(upstream:remoteref) refs/heads/main refs/remotes/main [3ms]
2025-03-19 05:12:11.340 [warning] [Git][getBranch] No such branch: main
2025-03-19 05:12:11.389 [info] > git for-each-ref --sort -committerdate --format %(refname) %(objectname) %(*objectname) [8ms]
2025-03-19 05:12:11.421 [info] > git status -z -uall [67ms]
2025-03-19 05:12:16.519 [info] [Git][getRemotes] No remotes found in the git config file
2025-03-19 05:12:16.520 [info] > git config --get commit.template [17ms]
2025-03-19 05:12:16.521 [info] > git for-each-ref --format=%(refname)%00%(upstream:short)%00%(objectname)%00%(upstream:track)%00%(upstream:remotename)%00%(upstream:remoteref) refs/heads/main refs/remotes/main [2ms]
2025-03-19 05:12:16.521 [warning] [Git][getBranch] No such branch: main
2025-03-19 05:12:16.585 [info] > git for-each-ref --sort -committerdate --format %(refname) %(objectname) %(*objectname) [2ms]
2025-03-19 05:12:16.617 [info] > git status -z -uall [81ms]
2025-03-19 05:12:21.744 [info] > git config --get commit.template [2ms]
2025-03-19 05:12:21.761 [info] [Git][getRemotes] No remotes found in the git config file
2025-03-19 05:12:21.763 [info] > git for-each-ref --format=%(refname)%00%(upstream:short)%00%(objectname)%00%(upstream:track)%00%(upstream:remotename)%00%(upstream:remoteref) refs/heads/main refs/remotes/main [2ms]
2025-03-19 05:12:21.763 [warning] [Git][getBranch] No such branch: main
2025-03-19 05:12:21.796 [info] > git for-each-ref --sort -committerdate --format %(refname) %(objectname) %(*objectname) [3ms]
2025-03-19 05:12:21.849 [info] > git status -z -uall [69ms]
2025-03-19 05:14:21.496 [info] [Git][getRemotes] No remotes found in the git config file
2025-03-19 05:14:21.497 [info] > git config --get commit.template [9ms]
2025-03-19 05:14:21.497 [info] > git for-each-ref --format=%(refname)%00%(upstream:short)%00%(objectname)%00%(upstream:track)%00%(upstream:remotename)%00%(upstream:remoteref) refs/heads/main refs/remotes/main [1ms]
2025-03-19 05:14:21.498 [warning] [Git][getBranch] No such branch: main
2025-03-19 05:14:21.518 [info] > git for-each-ref --sort -committerdate --format %(refname) %(objectname) %(*objectname) [1ms]
2025-03-19 05:14:21.556 [info] > git status -z -uall [50ms]
2025-03-19 05:14:26.640 [info] > git config --get commit.template [4ms]
2025-03-19 05:14:26.659 [info] [Git][getRemotes] No remotes found in the git config file
2025-03-19 05:14:26.665 [info] > git for-each-ref --format=%(refname)%00%(upstream:short)%00%(objectname)%00%(upstream:track)%00%(upstream:remotename)%00%(upstream:remoteref) refs/heads/main refs/remotes/main [6ms]
2025-03-19 05:14:26.665 [warning] [Git][getBranch] No such branch: main
2025-03-19 05:14:26.710 [info] > git for-each-ref --sort -committerdate --format %(refname) %(objectname) %(*objectname) [3ms]
2025-03-19 05:14:26.828 [info] > git status -z -uall [145ms]
2025-03-19 05:14:32.076 [info] > git config --get commit.template [1ms]
2025-03-19 05:14:32.091 [info] [Git][getRemotes] No remotes found in the git config file
2025-03-19 05:14:32.092 [info] > git for-each-ref --format=%(refname)%00%(upstream:short)%00%(objectname)%00%(upstream:track)%00%(upstream:remotename)%00%(upstream:remoteref) refs/heads/main refs/remotes/main [1ms]
2025-03-19 05:14:32.092 [warning] [Git][getBranch] No such branch: main
2025-03-19 05:14:32.140 [info] > git for-each-ref --sort -committerdate --format %(refname) %(objectname) %(*objectname) [9ms]
2025-03-19 05:14:32.188 [info] > git status -z -uall [81ms]
2025-03-19 05:14:37.302 [info] [Git][getRemotes] No remotes found in the git config file
2025-03-19 05:14:37.302 [info] > git config --get commit.template [9ms]
2025-03-19 05:14:37.303 [info] > git for-each-ref --format=%(refname)%00%(upstream:short)%00%(objectname)%00%(upstream:track)%00%(upstream:remotename)%00%(upstream:remoteref) refs/heads/main refs/remotes/main [2ms]
2025-03-19 05:14:37.303 [warning] [Git][getBranch] No such branch: main
2025-03-19 05:14:37.324 [info] > git for-each-ref --sort -committerdate --format %(refname) %(objectname) %(*objectname) [1ms]
2025-03-19 05:14:37.354 [info] > git status -z -uall [43ms]
2025-03-19 05:14:40.768 [info] > git config --get commit.template [9ms]
2025-03-19 05:14:40.771 [info] > git for-each-ref --format=%(refname)%00%(upstream:short)%00%(objectname)%00%(upstream:track)%00%(upstream:remotename)%00%(upstream:remoteref) refs/heads/main refs/remotes/main [4ms]
2025-03-19 05:14:40.790 [info] > git status -z -uall [10ms]
2025-03-19 05:14:40.792 [info] > git for-each-ref --sort -committerdate --format %(refname) %(objectname) %(*objectname) [4ms]
2025-03-19 05:14:45.273 [info] [Git][getRemotes] No remotes found in the git config file
2025-03-19 05:14:45.275 [info] > git config --get commit.template [17ms]
2025-03-19 05:14:45.275 [info] > git for-each-ref --format=%(refname)%00%(upstream:short)%00%(objectname)%00%(upstream:track)%00%(upstream:remotename)%00%(upstream:remoteref) refs/heads/main refs/remotes/main [2ms]
2025-03-19 05:14:45.275 [warning] [Git][getBranch] No such branch: main
2025-03-19 05:14:45.298 [info] > git for-each-ref --sort -committerdate --format %(refname) %(objectname) %(*objectname) [2ms]
2025-03-19 05:14:45.330 [info] > git status -z -uall [46ms]
2025-03-19 05:14:46.161 [info] > git config --get commit.template [6ms]
2025-03-19 05:14:46.177 [info] > git for-each-ref --format=%(refname)%00%(upstream:short)%00%(objectname)%00%(upstream:track)%00%(upstream:remotename)%00%(upstream:remoteref) refs/heads/main refs/remotes/main [1ms]
2025-03-19 05:14:46.197 [info] > git status -z -uall [9ms]
2025-03-19 05:14:46.198 [info] > git for-each-ref --sort -committerdate --format %(refname) %(objectname) %(*objectname) [2ms]
2025-03-19 05:14:51.218 [info] > git config --get commit.template [9ms]
2025-03-19 05:14:51.219 [info] > git for-each-ref --format=%(refname)%00%(upstream:short)%00%(objectname)%00%(upstream:track)%00%(upstream:remotename)%00%(upstream:remoteref) refs/heads/main refs/remotes/main [2ms]
2025-03-19 05:14:51.237 [info] > git status -z -uall [9ms]
2025-03-19 05:14:51.238 [info] > git for-each-ref --sort -committerdate --format %(refname) %(objectname) %(*objectname) [2ms]
2025-03-19 05:14:53.311 [info] [Git][getRemotes] No remotes found in the git config file
2025-03-19 05:14:53.320 [info] > git config --get commit.template [10ms]
2025-03-19 05:14:53.321 [info] > git for-each-ref --format=%(refname)%00%(upstream:short)%00%(objectname)%00%(upstream:track)%00%(upstream:remotename)%00%(upstream:remoteref) refs/heads/main refs/remotes/main [2ms]
2025-03-19 05:14:53.321 [warning] [Git][getBranch] No such branch: main
2025-03-19 05:14:53.344 [info] > git for-each-ref --sort -committerdate --format %(refname) %(objectname) %(*objectname) [3ms]
2025-03-19 05:14:53.372 [info] > git status -z -uall [42ms]
2025-03-19 05:14:58.155 [info] > git config --get commit.template [10ms]
2025-03-19 05:14:58.156 [info] > git for-each-ref --format=%(refname)%00%(upstream:short)%00%(objectname)%00%(upstream:track)%00%(upstream:remotename)%00%(upstream:remoteref) refs/heads/main refs/remotes/main [2ms]
2025-03-19 05:14:58.177 [info] > git status -z -uall [12ms]
2025-03-19 05:14:58.178 [info] > git for-each-ref --sort -committerdate --format %(refname) %(objectname) %(*objectname) [2ms]
2025-03-19 05:14:58.447 [info] [Git][getRemotes] No remotes found in the git config file
2025-03-19 05:14:58.448 [info] > git config --get commit.template [11ms]
2025-03-19 05:14:58.449 [info] > git for-each-ref --format=%(refname)%00%(upstream:short)%00%(objectname)%00%(upstream:track)%00%(upstream:remotename)%00%(upstream:remoteref) refs/heads/main refs/remotes/main [2ms]
2025-03-19 05:14:58.449 [warning] [Git][getBranch] No such branch: main
2025-03-19 05:14:58.471 [info] > git for-each-ref --sort -committerdate --format %(refname) %(objectname) %(*objectname) [2ms]
2025-03-19 05:14:58.499 [info] > git status -z -uall [42ms]
2025-03-19 05:15:03.567 [info] [Git][getRemotes] No remotes found in the git config file
2025-03-19 05:15:03.568 [info] > git config --get commit.template [9ms]
2025-03-19 05:15:03.568 [info] > git for-each-ref --format=%(refname)%00%(upstream:short)%00%(objectname)%00%(upstream:track)%00%(upstream:remotename)%00%(upstream:remoteref) refs/heads/main refs/remotes/main [1ms]
2025-03-19 05:15:03.568 [warning] [Git][getBranch] No such branch: main
2025-03-19 05:15:03.590 [info] > git for-each-ref --sort -committerdate --format %(refname) %(objectname) %(*objectname) [3ms]
2025-03-19 05:15:03.619 [info] > git status -z -uall [43ms]
2025-03-19 05:15:08.688 [info] [Git][getRemotes] No remotes found in the git config file
2025-03-19 05:15:08.689 [info] > git config --get commit.template [10ms]
2025-03-19 05:15:08.690 [info] > git for-each-ref --format=%(refname)%00%(upstream:short)%00%(objectname)%00%(upstream:track)%00%(upstream:remotename)%00%(upstream:remoteref) refs/heads/main refs/remotes/main [1ms]
2025-03-19 05:15:08.690 [warning] [Git][getBranch] No such branch: main
2025-03-19 05:15:08.714 [info] > git for-each-ref --sort -committerdate --format %(refname) %(objectname) %(*objectname) [1ms]
2025-03-19 05:15:08.741 [info] > git status -z -uall [43ms]
2025-03-19 05:15:10.518 [info] > git config --get commit.template [10ms]
2025-03-19 05:15:10.519 [info] > git for-each-ref --format=%(refname)%00%(upstream:short)%00%(objectname)%00%(upstream:track)%00%(upstream:remotename)%00%(upstream:remoteref) refs/heads/main refs/remotes/main [2ms]
2025-03-19 05:15:10.537 [info] > git status -z -uall [10ms]
2025-03-19 05:15:10.539 [info] > git for-each-ref --sort -committerdate --format %(refname) %(objectname) %(*objectname) [2ms]
2025-03-19 05:15:15.558 [info] > git config --get commit.template [9ms]
2025-03-19 05:15:15.559 [info] > git for-each-ref --format=%(refname)%00%(upstream:short)%00%(objectname)%00%(upstream:track)%00%(upstream:remotename)%00%(upstream:remoteref) refs/heads/main refs/remotes/main [1ms]
2025-03-19 05:15:15.576 [info] > git status -z -uall [8ms]
2025-03-19 05:15:15.578 [info] > git for-each-ref --sort -committerdate --format %(refname) %(objectname) %(*objectname) [2ms]
2025-03-19 05:15:28.257 [info] > git config --get commit.template [8ms]
2025-03-19 05:15:28.274 [info] > git config --get commit.template [18ms]
2025-03-19 05:15:28.275 [info] [Git][getRemotes] No remotes found in the git config file
2025-03-19 05:15:28.275 [info] > git for-each-ref --format=%(refname)%00%(upstream:short)%00%(objectname)%00%(upstream:track)%00%(upstream:remotename)%00%(upstream:remoteref) refs/heads/main refs/remotes/main [3ms]
2025-03-19 05:15:28.275 [warning] [Git][getBranch] No such branch: main
2025-03-19 05:15:28.295 [info] > git for-each-ref --format=%(refname)%00%(upstream:short)%00%(objectname)%00%(upstream:track)%00%(upstream:remotename)%00%(upstream:remoteref) refs/heads/main refs/remotes/main [31ms]
2025-03-19 05:15:28.297 [info] > git for-each-ref --sort -committerdate --format %(refname) %(objectname) %(*objectname) [2ms]
2025-03-19 05:15:28.325 [info] > git status -z -uall [14ms]
2025-03-19 05:15:28.327 [info] > git for-each-ref --sort -committerdate --format %(refname) %(objectname) %(*objectname) [2ms]
2025-03-19 05:15:28.340 [info] > git status -z -uall [57ms]
2025-03-19 05:15:33.417 [info] > git config --get commit.template [2ms]
2025-03-19 05:15:33.429 [info] [Git][getRemotes] No remotes found in the git config file
2025-03-19 05:15:33.430 [info] > git for-each-ref --format=%(refname)%00%(upstream:short)%00%(objectname)%00%(upstream:track)%00%(upstream:remotename)%00%(upstream:remoteref) refs/heads/main refs/remotes/main [1ms]
2025-03-19 05:15:33.430 [warning] [Git][getBranch] No such branch: main
2025-03-19 05:15:33.455 [info] > git for-each-ref --sort -committerdate --format %(refname) %(objectname) %(*objectname) [2ms]
2025-03-19 05:15:33.482 [info] > git status -z -uall [43ms]
2025-03-19 05:15:38.556 [info] > git config --get commit.template [2ms]
2025-03-19 05:15:38.564 [info] [Git][getRemotes] No remotes found in the git config file
2025-03-19 05:15:38.565 [info] > git for-each-ref --format=%(refname)%00%(upstream:short)%00%(objectname)%00%(upstream:track)%00%(upstream:remotename)%00%(upstream:remoteref) refs/heads/main refs/remotes/main [1ms]
2025-03-19 05:15:38.565 [warning] [Git][getBranch] No such branch: main
2025-03-19 05:15:38.586 [info] > git for-each-ref --sort -committerdate --format %(refname) %(objectname) %(*objectname) [1ms]
2025-03-19 05:15:38.621 [info] > git status -z -uall [49ms]
2025-03-19 05:15:43.683 [info] [Git][getRemotes] No remotes found in the git config file
2025-03-19 05:15:43.691 [info] > git config --get commit.template [9ms]
2025-03-19 05:15:43.692 [info] > git for-each-ref --format=%(refname)%00%(upstream:short)%00%(objectname)%00%(upstream:track)%00%(upstream:remotename)%00%(upstream:remoteref) refs/heads/main refs/remotes/main [2ms]
2025-03-19 05:15:43.692 [warning] [Git][getBranch] No such branch: main
2025-03-19 05:15:43.713 [info] > git for-each-ref --sort -committerdate --format %(refname) %(objectname) %(*objectname) [2ms]
2025-03-19 05:15:43.741 [info] > git status -z -uall [41ms]
2025-03-19 05:15:48.808 [info] [Git][getRemotes] No remotes found in the git config file
2025-03-19 05:15:48.809 [info] > git config --get commit.template [10ms]
2025-03-19 05:15:48.810 [info] > git for-each-ref --format=%(refname)%00%(upstream:short)%00%(objectname)%00%(upstream:track)%00%(upstream:remotename)%00%(upstream:remoteref) refs/heads/main refs/remotes/main [2ms]
2025-03-19 05:15:48.810 [warning] [Git][getBranch] No such branch: main
2025-03-19 05:15:48.833 [info] > git for-each-ref --sort -committerdate --format %(refname) %(objectname) %(*objectname) [2ms]
2025-03-19 05:15:48.859 [info] > git status -z -uall [41ms]
2025-03-19 05:16:06.020 [info] [Git][getRemotes] No remotes found in the git config file
2025-03-19 05:16:06.021 [info] > git config --get commit.template [9ms]
2025-03-19 05:16:06.021 [info] > git for-each-ref --format=%(refname)%00%(upstream:short)%00%(objectname)%00%(upstream:track)%00%(upstream:remotename)%00%(upstream:remoteref) refs/heads/main refs/remotes/main [1ms]
2025-03-19 05:16:06.022 [warning] [Git][getBranch] No such branch: main
2025-03-19 05:16:06.046 [info] > git for-each-ref --sort -committerdate --format %(refname) %(objectname) %(*objectname) [4ms]
2025-03-19 05:16:06.072 [info] > git status -z -uall [43ms]
2025-03-19 05:16:11.146 [info] [Git][getRemotes] No remotes found in the git config file
2025-03-19 05:16:11.146 [info] > git config --get commit.template [9ms]
2025-03-19 05:16:11.147 [info] > git for-each-ref --format=%(refname)%00%(upstream:short)%00%(objectname)%00%(upstream:track)%00%(upstream:remotename)%00%(upstream:remoteref) refs/heads/main refs/remotes/main [1ms]
2025-03-19 05:16:11.147 [warning] [Git][getBranch] No such branch: main
2025-03-19 05:16:11.169 [info] > git for-each-ref --sort -committerdate --format %(refname) %(objectname) %(*objectname) [1ms]
2025-03-19 05:16:11.197 [info] > git status -z -uall [42ms]
2025-03-19 05:26:01.440 [info] > git config --get commit.template [10ms]
2025-03-19 05:26:01.441 [info] [Git][getRemotes] No remotes found in the git config file
2025-03-19 05:26:01.441 [info] > git for-each-ref --format=%(refname)%00%(upstream:short)%00%(objectname)%00%(upstream:track)%00%(upstream:remotename)%00%(upstream:remoteref) refs/heads/main refs/remotes/main [2ms]
2025-03-19 05:26:01.441 [warning] [Git][getBranch] No such branch: main
2025-03-19 05:26:01.479 [info] > git for-each-ref --sort -committerdate --format %(refname) %(objectname) %(*objectname) [4ms]
2025-03-19 05:26:01.498 [info] > git status -z -uall [48ms]
2025-03-19 05:26:06.583 [info] [Git][getRemotes] No remotes found in the git config file
2025-03-19 05:26:06.584 [info] > git config --get commit.template [9ms]
2025-03-19 05:26:06.584 [info] > git for-each-ref --format=%(refname)%00%(upstream:short)%00%(objectname)%00%(upstream:track)%00%(upstream:remotename)%00%(upstream:remoteref) refs/heads/main refs/remotes/main [1ms]
2025-03-19 05:26:06.584 [warning] [Git][getBranch] No such branch: main
2025-03-19 05:26:06.607 [info] > git for-each-ref --sort -committerdate --format %(refname) %(objectname) %(*objectname) [2ms]
2025-03-19 05:26:06.636 [info] > git status -z -uall [44ms]
2025-03-19 05:26:11.708 [info] [Git][getRemotes] No remotes found in the git config file
2025-03-19 05:26:11.709 [info] > git config --get commit.template [8ms]
2025-03-19 05:26:11.709 [info] > git for-each-ref --format=%(refname)%00%(upstream:short)%00%(objectname)%00%(upstream:track)%00%(upstream:remotename)%00%(upstream:remoteref) refs/heads/main refs/remotes/main [1ms]
2025-03-19 05:26:11.709 [warning] [Git][getBranch] No such branch: main
2025-03-19 05:26:11.730 [info] > git for-each-ref --sort -committerdate --format %(refname) %(objectname) %(*objectname) [1ms]
2025-03-19 05:26:11.759 [info] > git status -z -uall [42ms]
2025-03-19 05:26:16.830 [info] [Git][getRemotes] No remotes found in the git config file
2025-03-19 05:26:16.830 [info] > git config --get commit.template [9ms]
2025-03-19 05:26:16.831 [info] > git for-each-ref --format=%(refname)%00%(upstream:short)%00%(objectname)%00%(upstream:track)%00%(upstream:remotename)%00%(upstream:remoteref) refs/heads/main refs/remotes/main [2ms]
2025-03-19 05:26:16.831 [warning] [Git][getBranch] No such branch: main
2025-03-19 05:26:16.855 [info] > git for-each-ref --sort -committerdate --format %(refname) %(objectname) %(*objectname) [3ms]
2025-03-19 05:26:16.909 [info] > git status -z -uall [70ms]
2025-03-19 05:26:21.984 [info] [Git][getRemotes] No remotes found in the git config file
2025-03-19 05:26:21.984 [info] > git config --get commit.template [10ms]
2025-03-19 05:26:21.985 [info] > git for-each-ref --format=%(refname)%00%(upstream:short)%00%(objectname)%00%(upstream:track)%00%(upstream:remotename)%00%(upstream:remoteref) refs/heads/main refs/remotes/main [2ms]
2025-03-19 05:26:21.985 [warning] [Git][getBranch] No such branch: main
2025-03-19 05:26:22.006 [info] > git for-each-ref --sort -committerdate --format %(refname) %(objectname) %(*objectname) [1ms]
2025-03-19 05:26:22.035 [info] > git status -z -uall [42ms]
2025-03-19 05:26:28.020 [info] [Git][getRemotes] No remotes found in the git config file
2025-03-19 05:26:28.021 [info] > git config --get commit.template [10ms]
2025-03-19 05:26:28.021 [info] > git for-each-ref --format=%(refname)%00%(upstream:short)%00%(objectname)%00%(upstream:track)%00%(upstream:remotename)%00%(upstream:remoteref) refs/heads/main refs/remotes/main [1ms]
2025-03-19 05:26:28.021 [warning] [Git][getBranch] No such branch: main
2025-03-19 05:26:28.048 [info] > git for-each-ref --sort -committerdate --format %(refname) %(objectname) %(*objectname) [2ms]
2025-03-19 05:26:28.090 [info] > git status -z -uall [60ms]
2025-03-19 05:26:36.021 [info] [Git][getRemotes] No remotes found in the git config file
2025-03-19 05:26:36.022 [info] > git config --get commit.template [10ms]
2025-03-19 05:26:36.022 [info] > git for-each-ref --format=%(refname)%00%(upstream:short)%00%(objectname)%00%(upstream:track)%00%(upstream:remotename)%00%(upstream:remoteref) refs/heads/main refs/remotes/main [1ms]
2025-03-19 05:26:36.022 [warning] [Git][getBranch] No such branch: main
2025-03-19 05:26:36.045 [info] > git for-each-ref --sort -committerdate --format %(refname) %(objectname) %(*objectname) [2ms]
2025-03-19 05:26:36.073 [info] > git status -z -uall [43ms]
2025-03-19 05:26:40.139 [info] > git config --get commit.template [11ms]
2025-03-19 05:26:40.140 [info] > git for-each-ref --format=%(refname)%00%(upstream:short)%00%(objectname)%00%(upstream:track)%00%(upstream:remotename)%00%(upstream:remoteref) refs/heads/main refs/remotes/main [2ms]
2025-03-19 05:26:40.158 [info] > git status -z -uall [9ms]
2025-03-19 05:26:40.160 [info] > git for-each-ref --sort -committerdate --format %(refname) %(objectname) %(*objectname) [2ms]
2025-03-19 05:26:42.021 [info] [Git][getRemotes] No remotes found in the git config file
2025-03-19 05:26:42.031 [info] > git config --get commit.template [10ms]
2025-03-19 05:26:42.032 [info] > git for-each-ref --format=%(refname)%00%(upstream:short)%00%(objectname)%00%(upstream:track)%00%(upstream:remotename)%00%(upstream:remoteref) refs/heads/main refs/remotes/main [2ms]
2025-03-19 05:26:42.032 [warning] [Git][getBranch] No such branch: main
2025-03-19 05:26:42.055 [info] > git for-each-ref --sort -committerdate --format %(refname) %(objectname) %(*objectname) [1ms]
2025-03-19 05:26:42.082 [info] > git status -z -uall [42ms]
2025-03-19 05:26:47.147 [info] [Git][getRemotes] No remotes found in the git config file
2025-03-19 05:26:47.148 [info] > git config --get commit.template [10ms]
2025-03-19 05:26:47.149 [info] > git for-each-ref --format=%(refname)%00%(upstream:short)%00%(objectname)%00%(upstream:track)%00%(upstream:remotename)%00%(upstream:remoteref) refs/heads/main refs/remotes/main [2ms]
2025-03-19 05:26:47.149 [warning] [Git][getBranch] No such branch: main
2025-03-19 05:26:47.170 [info] > git for-each-ref --sort -committerdate --format %(refname) %(objectname) %(*objectname) [1ms]
2025-03-19 05:26:47.202 [info] > git status -z -uall [46ms]
2025-03-19 05:26:52.273 [info] [Git][getRemotes] No remotes found in the git config file
2025-03-19 05:26:52.273 [info] > git config --get commit.template [8ms]
2025-03-19 05:26:52.274 [info] > git for-each-ref --format=%(refname)%00%(upstream:short)%00%(objectname)%00%(upstream:track)%00%(upstream:remotename)%00%(upstream:remoteref) refs/heads/main refs/remotes/main [2ms]
2025-03-19 05:26:52.274 [warning] [Git][getBranch] No such branch: main
2025-03-19 05:26:52.297 [info] > git for-each-ref --sort -committerdate --format %(refname) %(objectname) %(*objectname) [2ms]
2025-03-19 05:26:52.324 [info] > git status -z -uall [42ms]
2025-03-19 05:26:55.800 [info] > git config --get commit.template [10ms]
2025-03-19 05:26:55.801 [info] > git for-each-ref --format=%(refname)%00%(upstream:short)%00%(objectname)%00%(upstream:track)%00%(upstream:remotename)%00%(upstream:remoteref) refs/heads/main refs/remotes/main [2ms]
2025-03-19 05:26:55.818 [info] > git status -z -uall [9ms]
2025-03-19 05:26:55.820 [info] > git for-each-ref --sort -committerdate --format %(refname) %(objectname) %(*objectname) [2ms]
2025-03-19 05:26:57.393 [info] [Git][getRemotes] No remotes found in the git config file
2025-03-19 05:26:57.394 [info] > git config --get commit.template [9ms]
2025-03-19 05:26:57.395 [info] > git for-each-ref --format=%(refname)%00%(upstream:short)%00%(objectname)%00%(upstream:track)%00%(upstream:remotename)%00%(upstream:remoteref) refs/heads/main refs/remotes/main [2ms]
2025-03-19 05:26:57.395 [warning] [Git][getBranch] No such branch: main
2025-03-19 05:26:57.417 [info] > git for-each-ref --sort -committerdate --format %(refname) %(objectname) %(*objectname) [1ms]
2025-03-19 05:26:57.446 [info] > git status -z -uall [43ms]
2025-03-19 05:27:01.055 [info] > git config --get commit.template [10ms]
2025-03-19 05:27:01.057 [info] > git for-each-ref --format=%(refname)%00%(upstream:short)%00%(objectname)%00%(upstream:track)%00%(upstream:remotename)%00%(upstream:remoteref) refs/heads/main refs/remotes/main [3ms]
2025-03-19 05:27:01.076 [info] > git status -z -uall [10ms]
2025-03-19 05:27:01.078 [info] > git for-each-ref --sort -committerdate --format %(refname) %(objectname) %(*objectname) [1ms]
2025-03-19 05:27:02.523 [info] [Git][getRemotes] No remotes found in the git config file
2025-03-19 05:27:02.523 [info] > git config --get commit.template [10ms]
2025-03-19 05:27:02.524 [info] > git for-each-ref --format=%(refname)%00%(upstream:short)%00%(objectname)%00%(upstream:track)%00%(upstream:remotename)%00%(upstream:remoteref) refs/heads/main refs/remotes/main [1ms]
2025-03-19 05:27:02.524 [warning] [Git][getBranch] No such branch: main
2025-03-19 05:27:02.549 [info] > git for-each-ref --sort -committerdate --format %(refname) %(objectname) %(*objectname) [2ms]
2025-03-19 05:27:02.577 [info] > git status -z -uall [44ms]
2025-03-19 05:27:07.648 [info] > git config --get commit.template [1ms]
2025-03-19 05:27:07.662 [info] [Git][getRemotes] No remotes found in the git config file
2025-03-19 05:27:07.664 [info] > git for-each-ref --format=%(refname)%00%(upstream:short)%00%(objectname)%00%(upstream:track)%00%(upstream:remotename)%00%(upstream:remoteref) refs/heads/main refs/remotes/main [1ms]
2025-03-19 05:27:07.664 [warning] [Git][getBranch] No such branch: main
2025-03-19 05:27:07.695 [info] > git for-each-ref --sort -committerdate --format %(refname) %(objectname) %(*objectname) [2ms]
2025-03-19 05:27:07.722 [info] > git status -z -uall [44ms]
2025-03-19 05:27:12.366 [info] > git config --get commit.template [10ms]
2025-03-19 05:27:12.367 [info] > git for-each-ref --format=%(refname)%00%(upstream:short)%00%(objectname)%00%(upstream:track)%00%(upstream:remotename)%00%(upstream:remoteref) refs/heads/main refs/remotes/main [2ms]
2025-03-19 05:27:12.385 [info] > git status -z -uall [9ms]
2025-03-19 05:27:12.387 [info] > git for-each-ref --sort -committerdate --format %(refname) %(objectname) %(*objectname) [2ms]
2025-03-19 05:27:17.753 [info] [Git][getRemotes] No remotes found in the git config file
2025-03-19 05:27:17.753 [info] > git config --get commit.template [13ms]
2025-03-19 05:27:17.755 [info] > git for-each-ref --format=%(refname)%00%(upstream:short)%00%(objectname)%00%(upstream:track)%00%(upstream:remotename)%00%(upstream:remoteref) refs/heads/main refs/remotes/main [2ms]
2025-03-19 05:27:17.755 [warning] [Git][getBranch] No such branch: main
2025-03-19 05:27:17.778 [info] > git for-each-ref --sort -committerdate --format %(refname) %(objectname) %(*objectname) [1ms]
2025-03-19 05:27:17.809 [info] > git status -z -uall [45ms]
2025-03-19 05:27:21.191 [info] > git config --get commit.template [10ms]
2025-03-19 05:27:21.193 [info] > git for-each-ref --format=%(refname)%00%(upstream:short)%00%(objectname)%00%(upstream:track)%00%(upstream:remotename)%00%(upstream:remoteref) refs/heads/main refs/remotes/main [2ms]
2025-03-19 05:27:21.211 [info] > git status -z -uall [9ms]
2025-03-19 05:27:21.213 [info] > git for-each-ref --sort -committerdate --format %(refname) %(objectname) %(*objectname) [2ms]
2025-03-19 05:27:25.789 [info] [Git][getRemotes] No remotes found in the git config file
2025-03-19 05:27:25.797 [info] > git config --get commit.template [9ms]
2025-03-19 05:27:25.798 [info] > git for-each-ref --format=%(refname)%00%(upstream:short)%00%(objectname)%00%(upstream:track)%00%(upstream:remotename)%00%(upstream:remoteref) refs/heads/main refs/remotes/main [1ms]
2025-03-19 05:27:25.799 [warning] [Git][getBranch] No such branch: main
2025-03-19 05:27:25.819 [info] > git for-each-ref --sort -committerdate --format %(refname) %(objectname) %(*objectname) [0ms]
2025-03-19 05:27:25.856 [info] > git status -z -uall [49ms]
2025-03-19 05:27:26.597 [info] > git config --get commit.template [2ms]
2025-03-19 05:27:26.614 [info] > git for-each-ref --format=%(refname)%00%(upstream:short)%00%(objectname)%00%(upstream:track)%00%(upstream:remotename)%00%(upstream:remoteref) refs/heads/main refs/remotes/main [2ms]
2025-03-19 05:27:26.638 [info] > git status -z -uall [10ms]
2025-03-19 05:27:26.639 [info] > git for-each-ref --sort -committerdate --format %(refname) %(objectname) %(*objectname) [2ms]
2025-03-19 05:27:43.263 [info] > git config --get commit.template [9ms]
2025-03-19 05:27:43.272 [info] [Git][getRemotes] No remotes found in the git config file
2025-03-19 05:27:43.281 [info] > git config --get commit.template [18ms]
2025-03-19 05:27:43.281 [info] > git for-each-ref --format=%(refname)%00%(upstream:short)%00%(objectname)%00%(upstream:track)%00%(upstream:remotename)%00%(upstream:remoteref) refs/heads/main refs/remotes/main [9ms]
2025-03-19 05:27:43.281 [warning] [Git][getBranch] No such branch: main
2025-03-19 05:27:43.302 [info] > git for-each-ref --format=%(refname)%00%(upstream:short)%00%(objectname)%00%(upstream:track)%00%(upstream:remotename)%00%(upstream:remoteref) refs/heads/main refs/remotes/main [22ms]
2025-03-19 05:27:43.304 [info] > git for-each-ref --sort -committerdate --format %(refname) %(objectname) %(*objectname) [2ms]
2025-03-19 05:27:43.337 [info] > git status -z -uall [18ms]
2025-03-19 05:27:43.339 [info] > git for-each-ref --sort -committerdate --format %(refname) %(objectname) %(*objectname) [2ms]
2025-03-19 05:27:43.349 [info] > git status -z -uall [59ms]
2025-03-19 05:27:48.449 [info] [Git][getRemotes] No remotes found in the git config file
2025-03-19 05:27:48.449 [info] > git config --get commit.template [10ms]
2025-03-19 05:27:48.450 [info] > git for-each-ref --format=%(refname)%00%(upstream:short)%00%(objectname)%00%(upstream:track)%00%(upstream:remotename)%00%(upstream:remoteref) refs/heads/main refs/remotes/main [2ms]
2025-03-19 05:27:48.450 [warning] [Git][getBranch] No such branch: main
2025-03-19 05:27:48.471 [info] > git for-each-ref --sort -committerdate --format %(refname) %(objectname) %(*objectname) [1ms]
2025-03-19 05:27:48.501 [info] > git status -z -uall [43ms]
2025-03-19 05:27:54.553 [info] [Git][getRemotes] No remotes found in the git config file
2025-03-19 05:27:54.554 [info] > git config --get commit.template [19ms]
2025-03-19 05:27:54.554 [info] > git for-each-ref --format=%(refname)%00%(upstream:short)%00%(objectname)%00%(upstream:track)%00%(upstream:remotename)%00%(upstream:remoteref) refs/heads/main refs/remotes/main [1ms]
2025-03-19 05:27:54.554 [warning] [Git][getBranch] No such branch: main
2025-03-19 05:27:54.579 [info] > git for-each-ref --sort -committerdate --format %(refname) %(objectname) %(*objectname) [1ms]
2025-03-19 05:27:54.607 [info] > git status -z -uall [42ms]
2025-03-19 05:27:58.326 [info] > git config --get commit.template [10ms]
2025-03-19 05:27:58.327 [info] > git for-each-ref --format=%(refname)%00%(upstream:short)%00%(objectname)%00%(upstream:track)%00%(upstream:remotename)%00%(upstream:remoteref) refs/heads/main refs/remotes/main [2ms]
2025-03-19 05:27:58.344 [info] > git status -z -uall [9ms]
2025-03-19 05:27:58.346 [info] > git for-each-ref --sort -committerdate --format %(refname) %(objectname) %(*objectname) [2ms]
2025-03-19 05:28:03.366 [info] > git config --get commit.template [9ms]
2025-03-19 05:28:03.367 [info] > git for-each-ref --format=%(refname)%00%(upstream:short)%00%(objectname)%00%(upstream:track)%00%(upstream:remotename)%00%(upstream:remoteref) refs/heads/main refs/remotes/main [1ms]
2025-03-19 05:28:03.386 [info] > git status -z -uall [10ms]
2025-03-19 05:28:03.387 [info] > git for-each-ref --sort -committerdate --format %(refname) %(objectname) %(*objectname) [2ms]
2025-03-19 05:28:06.792 [info] > git config --get commit.template [2ms]
2025-03-19 05:28:06.800 [info] [Git][getRemotes] No remotes found in the git config file
2025-03-19 05:28:06.801 [info] > git for-each-ref --format=%(refname)%00%(upstream:short)%00%(objectname)%00%(upstream:track)%00%(upstream:remotename)%00%(upstream:remoteref) refs/heads/main refs/remotes/main [1ms]
2025-03-19 05:28:06.802 [warning] [Git][getBranch] No such branch: main
2025-03-19 05:28:06.824 [info] > git for-each-ref --sort -committerdate --format %(refname) %(objectname) %(*objectname) [1ms]
2025-03-19 05:28:06.852 [info] > git status -z -uall [41ms]
2025-03-19 05:28:08.415 [info] > git config --get commit.template [15ms]
2025-03-19 05:28:08.416 [info] > git for-each-ref --format=%(refname)%00%(upstream:short)%00%(objectname)%00%(upstream:track)%00%(upstream:remotename)%00%(upstream:remoteref) refs/heads/main refs/remotes/main [1ms]
2025-03-19 05:28:08.440 [info] > git status -z -uall [9ms]
2025-03-19 05:28:08.442 [info] > git for-each-ref --sort -committerdate --format %(refname) %(objectname) %(*objectname) [1ms]
2025-03-19 05:28:11.926 [info] [Git][getRemotes] No remotes found in the git config file
2025-03-19 05:28:11.926 [info] > git config --get commit.template [10ms]
2025-03-19 05:28:11.927 [info] > git for-each-ref --format=%(refname)%00%(upstream:short)%00%(objectname)%00%(upstream:track)%00%(upstream:remotename)%00%(upstream:remoteref) refs/heads/main refs/remotes/main [1ms]
2025-03-19 05:28:11.927 [warning] [Git][getBranch] No such branch: main
2025-03-19 05:28:11.950 [info] > git for-each-ref --sort -committerdate --format %(refname) %(objectname) %(*objectname) [0ms]
2025-03-19 05:28:11.979 [info] > git status -z -uall [44ms]
2025-03-19 05:28:17.051 [info] [Git][getRemotes] No remotes found in the git config file
2025-03-19 05:28:17.052 [info] > git config --get commit.template [10ms]
2025-03-19 05:28:17.052 [info] > git for-each-ref --format=%(refname)%00%(upstream:short)%00%(objectname)%00%(upstream:track)%00%(upstream:remotename)%00%(upstream:remoteref) refs/heads/main refs/remotes/main [1ms]
2025-03-19 05:28:17.052 [warning] [Git][getBranch] No such branch: main
2025-03-19 05:28:17.075 [info] > git for-each-ref --sort -committerdate --format %(refname) %(objectname) %(*objectname) [1ms]
2025-03-19 05:28:17.106 [info] > git status -z -uall [45ms]
2025-03-19 05:28:17.207 [info] > git config --get commit.template [2ms]
2025-03-19 05:28:17.216 [info] > git for-each-ref --format=%(refname)%00%(upstream:short)%00%(objectname)%00%(upstream:track)%00%(upstream:remotename)%00%(upstream:remoteref) refs/heads/main refs/remotes/main [1ms]
2025-03-19 05:28:17.886 [info] > git status -z -uall [661ms]
2025-03-19 05:28:17.887 [info] > git for-each-ref --sort -committerdate --format %(refname) %(objectname) %(*objectname) [653ms]
2025-03-19 05:28:45.933 [info] [Git][getRemotes] No remotes found in the git config file
2025-03-19 05:28:45.933 [info] > git config --get commit.template [9ms]
2025-03-19 05:28:45.934 [info] > git for-each-ref --format=%(refname)%00%(upstream:short)%00%(objectname)%00%(upstream:track)%00%(upstream:remotename)%00%(upstream:remoteref) refs/heads/main refs/remotes/main [2ms]
2025-03-19 05:28:45.934 [warning] [Git][getBranch] No such branch: main
2025-03-19 05:28:45.955 [info] > git for-each-ref --sort -committerdate --format %(refname) %(objectname) %(*objectname) [1ms]
2025-03-19 05:28:45.989 [info] > git status -z -uall [47ms]
2025-03-19 05:28:57.649 [info] [Git][getRemotes] No remotes found in the git config file
2025-03-19 05:28:57.658 [info] > git config --get commit.template [9ms]
2025-03-19 05:28:57.659 [info] > git for-each-ref --format=%(refname)%00%(upstream:short)%00%(objectname)%00%(upstream:track)%00%(upstream:remotename)%00%(upstream:remoteref) refs/heads/main refs/remotes/main [1ms]
2025-03-19 05:28:57.659 [warning] [Git][getBranch] No such branch: main
2025-03-19 05:28:57.682 [info] > git for-each-ref --sort -committerdate --format %(refname) %(objectname) %(*objectname) [1ms]
2025-03-19 05:28:57.727 [info] > git status -z -uall [59ms]
2025-03-19 05:29:02.972 [info] [Git][getRemotes] No remotes found in the git config file
2025-03-19 05:29:02.974 [info] > git for-each-ref --format=%(refname)%00%(upstream:short)%00%(objectname)%00%(upstream:track)%00%(upstream:remotename)%00%(upstream:remoteref) refs/heads/main refs/remotes/main [2ms]
2025-03-19 05:29:02.974 [warning] [Git][getBranch] No such branch: main
2025-03-19 05:29:02.975 [info] > git config --get commit.template [11ms]
2025-03-19 05:29:02.997 [info] > git for-each-ref --sort -committerdate --format %(refname) %(objectname) %(*objectname) [1ms]
2025-03-19 05:29:03.026 [info] > git status -z -uall [43ms]
2025-03-19 05:29:08.096 [info] [Git][getRemotes] No remotes found in the git config file
2025-03-19 05:29:08.097 [info] > git config --get commit.template [10ms]
2025-03-19 05:29:08.098 [info] > git for-each-ref --format=%(refname)%00%(upstream:short)%00%(objectname)%00%(upstream:track)%00%(upstream:remotename)%00%(upstream:remoteref) refs/heads/main refs/remotes/main [2ms]
2025-03-19 05:29:08.098 [warning] [Git][getBranch] No such branch: main
2025-03-19 05:29:08.123 [info] > git for-each-ref --sort -committerdate --format %(refname) %(objectname) %(*objectname) [2ms]
2025-03-19 05:29:08.149 [info] > git status -z -uall [42ms]
2025-03-19 05:33:46.410 [info] > git config --get commit.template [6ms]
2025-03-19 05:33:46.429 [info] [Git][getRemotes] No remotes found in the git config file
2025-03-19 05:33:46.431 [info] > git for-each-ref --format=%(refname)%00%(upstream:short)%00%(objectname)%00%(upstream:track)%00%(upstream:remotename)%00%(upstream:remoteref) refs/heads/main refs/remotes/main [2ms]
2025-03-19 05:33:46.431 [warning] [Git][getBranch] No such branch: main
2025-03-19 05:33:46.483 [info] > git for-each-ref --sort -committerdate --format %(refname) %(objectname) %(*objectname) [5ms]
2025-03-19 05:33:46.518 [info] > git status -z -uall [73ms]
2025-03-19 05:33:51.600 [info] [Git][getRemotes] No remotes found in the git config file
2025-03-19 05:33:51.600 [info] > git config --get commit.template [9ms]
2025-03-19 05:33:51.601 [info] > git for-each-ref --format=%(refname)%00%(upstream:short)%00%(objectname)%00%(upstream:track)%00%(upstream:remotename)%00%(upstream:remoteref) refs/heads/main refs/remotes/main [1ms]
2025-03-19 05:33:51.601 [warning] [Git][getBranch] No such branch: main
2025-03-19 05:33:51.623 [info] > git for-each-ref --sort -committerdate --format %(refname) %(objectname) %(*objectname) [1ms]
2025-03-19 05:33:51.652 [info] > git status -z -uall [43ms]
2025-03-19 05:33:55.862 [info] > git config --get commit.template [10ms]
2025-03-19 05:33:55.863 [info] > git for-each-ref --format=%(refname)%00%(upstream:short)%00%(objectname)%00%(upstream:track)%00%(upstream:remotename)%00%(upstream:remoteref) refs/heads/main refs/remotes/main [2ms]
2025-03-19 05:33:55.880 [info] > git status -z -uall [9ms]
2025-03-19 05:33:55.881 [info] > git for-each-ref --sort -committerdate --format %(refname) %(objectname) %(*objectname) [2ms]
2025-03-19 05:33:56.946 [info] [Git][getRemotes] No remotes found in the git config file
2025-03-19 05:33:56.946 [info] > git config --get commit.template [9ms]
2025-03-19 05:33:56.947 [info] > git for-each-ref --format=%(refname)%00%(upstream:short)%00%(objectname)%00%(upstream:track)%00%(upstream:remotename)%00%(upstream:remoteref) refs/heads/main refs/remotes/main [1ms]
2025-03-19 05:33:56.947 [warning] [Git][getBranch] No such branch: main
2025-03-19 05:33:56.968 [info] > git for-each-ref --sort -committerdate --format %(refname) %(objectname) %(*objectname) [1ms]
2025-03-19 05:33:56.997 [info] > git status -z -uall [42ms]
2025-03-19 05:34:02.065 [info] [Git][getRemotes] No remotes found in the git config file
2025-03-19 05:34:02.066 [info] > git config --get commit.template [9ms]
2025-03-19 05:34:02.066 [info] > git for-each-ref --format=%(refname)%00%(upstream:short)%00%(objectname)%00%(upstream:track)%00%(upstream:remotename)%00%(upstream:remoteref) refs/heads/main refs/remotes/main [1ms]
2025-03-19 05:34:02.066 [warning] [Git][getBranch] No such branch: main
2025-03-19 05:34:02.087 [info] > git for-each-ref --sort -committerdate --format %(refname) %(objectname) %(*objectname) [0ms]
2025-03-19 05:34:02.116 [info] > git status -z -uall [42ms]
2025-03-19 05:34:07.184 [info] [Git][getRemotes] No remotes found in the git config file
2025-03-19 05:34:07.184 [info] > git config --get commit.template [10ms]
2025-03-19 05:34:07.185 [info] > git for-each-ref --format=%(refname)%00%(upstream:short)%00%(objectname)%00%(upstream:track)%00%(upstream:remotename)%00%(upstream:remoteref) refs/heads/main refs/remotes/main [2ms]
2025-03-19 05:34:07.185 [warning] [Git][getBranch] No such branch: main
2025-03-19 05:34:07.208 [info] > git for-each-ref --sort -committerdate --format %(refname) %(objectname) %(*objectname) [1ms]
2025-03-19 05:34:07.245 [info] > git status -z -uall [52ms]
2025-03-19 05:34:13.163 [info] [Git][getRemotes] No remotes found in the git config file
2025-03-19 05:34:13.164 [info] > git config --get commit.template [10ms]
2025-03-19 05:34:13.165 [info] > git for-each-ref --format=%(refname)%00%(upstream:short)%00%(objectname)%00%(upstream:track)%00%(upstream:remotename)%00%(upstream:remoteref) refs/heads/main refs/remotes/main [2ms]
2025-03-19 05:34:13.165 [warning] [Git][getBranch] No such branch: main
2025-03-19 05:34:13.185 [info] > git for-each-ref --sort -committerdate --format %(refname) %(objectname) %(*objectname) [0ms]
2025-03-19 05:34:13.219 [info] > git status -z -uall [47ms]
2025-03-19 05:34:18.290 [info] [Git][getRemotes] No remotes found in the git config file
2025-03-19 05:34:18.291 [info] > git config --get commit.template [9ms]
2025-03-19 05:34:18.291 [info] > git for-each-ref --format=%(refname)%00%(upstream:short)%00%(objectname)%00%(upstream:track)%00%(upstream:remotename)%00%(upstream:remoteref) refs/heads/main refs/remotes/main [1ms]
2025-03-19 05:34:18.291 [warning] [Git][getBranch] No such branch: main
2025-03-19 05:34:18.313 [info] > git for-each-ref --sort -committerdate --format %(refname) %(objectname) %(*objectname) [2ms]
2025-03-19 05:34:18.349 [info] > git status -z -uall [50ms]
2025-03-19 05:34:23.414 [info] [Git][getRemotes] No remotes found in the git config file
2025-03-19 05:34:23.415 [info] > git config --get commit.template [9ms]
2025-03-19 05:34:23.415 [info] > git for-each-ref --format=%(refname)%00%(upstream:short)%00%(objectname)%00%(upstream:track)%00%(upstream:remotename)%00%(upstream:remoteref) refs/heads/main refs/remotes/main [1ms]
2025-03-19 05:34:23.415 [warning] [Git][getBranch] No such branch: main
2025-03-19 05:34:23.436 [info] > git for-each-ref --sort -committerdate --format %(refname) %(objectname) %(*objectname) [1ms]
2025-03-19 05:34:23.469 [info] > git status -z -uall [46ms]
2025-03-19 05:35:07.004 [info] > git config --get commit.template [2ms]
2025-03-19 05:35:07.012 [info] [Git][getRemotes] No remotes found in the git config file
2025-03-19 05:35:07.013 [info] > git for-each-ref --format=%(refname)%00%(upstream:short)%00%(objectname)%00%(upstream:track)%00%(upstream:remotename)%00%(upstream:remoteref) refs/heads/main refs/remotes/main [1ms]
2025-03-19 05:35:07.014 [warning] [Git][getBranch] No such branch: main
2025-03-19 05:35:07.036 [info] > git for-each-ref --sort -committerdate --format %(refname) %(objectname) %(*objectname) [2ms]
2025-03-19 05:35:07.068 [info] > git status -z -uall [46ms]
2025-03-19 05:35:12.165 [info] > git config --get commit.template [1ms]
2025-03-19 05:35:12.179 [info] [Git][getRemotes] No remotes found in the git config file
2025-03-19 05:35:12.180 [info] > git for-each-ref --format=%(refname)%00%(upstream:short)%00%(objectname)%00%(upstream:track)%00%(upstream:remotename)%00%(upstream:remoteref) refs/heads/main refs/remotes/main [1ms]
2025-03-19 05:35:12.181 [warning] [Git][getBranch] No such branch: main
2025-03-19 05:35:12.235 [info] > git for-each-ref --sort -committerdate --format %(refname) %(objectname) %(*objectname) [4ms]
2025-03-19 05:35:12.299 [info] > git status -z -uall [98ms]
2025-03-19 05:35:17.418 [info] > git config --get commit.template [0ms]
2025-03-19 05:35:17.427 [info] [Git][getRemotes] No remotes found in the git config file
2025-03-19 05:35:17.428 [info] > git for-each-ref --format=%(refname)%00%(upstream:short)%00%(objectname)%00%(upstream:track)%00%(upstream:remotename)%00%(upstream:remoteref) refs/heads/main refs/remotes/main [2ms]
2025-03-19 05:35:17.428 [warning] [Git][getBranch] No such branch: main
2025-03-19 05:35:17.449 [info] > git for-each-ref --sort -committerdate --format %(refname) %(objectname) %(*objectname) [1ms]
2025-03-19 05:35:17.480 [info] > git status -z -uall [44ms]
2025-03-19 05:36:14.761 [info] [Git][getRemotes] No remotes found in the git config file
2025-03-19 05:36:14.761 [info] > git config --get commit.template [10ms]
2025-03-19 05:36:14.763 [info] > git for-each-ref --format=%(refname)%00%(upstream:short)%00%(objectname)%00%(upstream:track)%00%(upstream:remotename)%00%(upstream:remoteref) refs/heads/main refs/remotes/main [2ms]
2025-03-19 05:36:14.803 [info] > git for-each-ref --sort -committerdate --format %(refname) %(objectname) %(*objectname) [2ms]
2025-03-19 05:36:14.846 [info] > git ls-files --stage -- index.html [2ms]
2025-03-19 05:36:14.867 [info] > git cat-file -s 8dfca808c8539241b179df2b270a486b8fa1055b [2ms]
2025-03-19 05:36:14.943 [info] > git status -z -uall [172ms]
2025-03-19 05:36:14.989 [info] > git config --get --local branch.main.github-pr-owner-number [10ms]
2025-03-19 05:36:14.990 [warning] [Git][config] git config failed: Failed to execute git
2025-03-19 05:36:15.001 [info] > git show --textconv :index.html [13ms]
2025-03-19 05:36:15.002 [info] > git config --get --local branch.main.remote [2ms]
2025-03-19 05:36:15.002 [warning] [Git][config] git config failed: Failed to execute git
2025-03-19 05:36:15.012 [info] > git config --get --local branch.main.merge [2ms]
2025-03-19 05:36:15.012 [warning] [Git][config] git config failed: Failed to execute git
2025-03-19 05:36:24.016 [info] [Git][getRemotes] No remotes found in the git config file
2025-03-19 05:36:24.017 [info] > git config --get commit.template [10ms]
2025-03-19 05:36:24.018 [info] > git for-each-ref --format=%(refname)%00%(upstream:short)%00%(objectname)%00%(upstream:track)%00%(upstream:remotename)%00%(upstream:remoteref) refs/heads/main refs/remotes/main [2ms]
2025-03-19 05:36:24.058 [info] > git for-each-ref --sort -committerdate --format %(refname) %(objectname) %(*objectname) [2ms]
2025-03-19 05:36:24.130 [info] > git status -z -uall [102ms]
2025-03-19 05:36:27.136 [info] > git config --get commit.template [9ms]
2025-03-19 05:36:27.137 [info] > git for-each-ref --format=%(refname)%00%(upstream:short)%00%(objectname)%00%(upstream:track)%00%(upstream:remotename)%00%(upstream:remoteref) refs/heads/main refs/remotes/main [2ms]
2025-03-19 05:36:27.155 [info] > git status -z -uall [9ms]
2025-03-19 05:36:27.156 [info] > git for-each-ref --sort -committerdate --format %(refname) %(objectname) %(*objectname) [2ms]
2025-03-19 05:36:29.150 [info] [Git][getRemotes] No remotes found in the git config file
2025-03-19 05:36:29.151 [info] > git config --get commit.template [10ms]
2025-03-19 05:36:29.152 [info] > git for-each-ref --format=%(refname)%00%(upstream:short)%00%(objectname)%00%(upstream:track)%00%(upstream:remotename)%00%(upstream:remoteref) refs/heads/main refs/remotes/main [2ms]
2025-03-19 05:36:29.190 [info] > git for-each-ref --sort -committerdate --format %(refname) %(objectname) %(*objectname) [4ms]
2025-03-19 05:36:29.262 [info] > git status -z -uall [102ms]
2025-03-19 05:36:32.272 [info] > git config --get commit.template [10ms]
2025-03-19 05:36:32.273 [info] > git for-each-ref --format=%(refname)%00%(upstream:short)%00%(objectname)%00%(upstream:track)%00%(upstream:remotename)%00%(upstream:remoteref) refs/heads/main refs/remotes/main [1ms]
2025-03-19 05:36:32.293 [info] > git status -z -uall [11ms]
2025-03-19 05:36:32.295 [info] > git for-each-ref --sort -committerdate --format %(refname) %(objectname) %(*objectname) [2ms]
2025-03-19 05:36:41.831 [info] [Git][getRemotes] No remotes found in the git config file
2025-03-19 05:36:41.832 [info] > git for-each-ref --format=%(refname)%00%(upstream:short)%00%(objectname)%00%(upstream:track)%00%(upstream:remotename)%00%(upstream:remoteref) refs/heads/main refs/remotes/main [0ms]
2025-03-19 05:36:41.832 [info] > git config --get commit.template [18ms]
2025-03-19 05:36:41.883 [info] > git for-each-ref --sort -committerdate --format %(refname) %(objectname) %(*objectname) [4ms]
2025-03-19 05:36:41.960 [info] > git status -z -uall [112ms]
2025-03-19 05:36:46.980 [info] [Git][getRemotes] No remotes found in the git config file
2025-03-19 05:36:46.982 [info] > git config --get commit.template [10ms]
2025-03-19 05:36:46.983 [info] > git for-each-ref --format=%(refname)%00%(upstream:short)%00%(objectname)%00%(upstream:track)%00%(upstream:remotename)%00%(upstream:remoteref) refs/heads/main refs/remotes/main [3ms]
2025-03-19 05:36:47.025 [info] > git for-each-ref --sort -committerdate --format %(refname) %(objectname) %(*objectname) [3ms]
2025-03-19 05:36:47.093 [info] > git status -z -uall [101ms]
2025-03-19 05:36:52.115 [info] [Git][getRemotes] No remotes found in the git config file
2025-03-19 05:36:52.115 [info] > git config --get commit.template [9ms]
2025-03-19 05:36:52.117 [info] > git for-each-ref --format=%(refname)%00%(upstream:short)%00%(objectname)%00%(upstream:track)%00%(upstream:remotename)%00%(upstream:remoteref) refs/heads/main refs/remotes/main [2ms]
2025-03-19 05:36:52.156 [info] > git for-each-ref --sort -committerdate --format %(refname) %(objectname) %(*objectname) [2ms]
2025-03-19 05:36:52.229 [info] > git status -z -uall [104ms]
2025-03-19 05:37:37.053 [info] [Git][getRemotes] No remotes found in the git config file
2025-03-19 05:37:37.054 [info] > git config --get commit.template [10ms]
2025-03-19 05:37:37.055 [info] > git for-each-ref --format=%(refname)%00%(upstream:short)%00%(objectname)%00%(upstream:track)%00%(upstream:remotename)%00%(upstream:remoteref) refs/heads/main refs/remotes/main [2ms]
2025-03-19 05:37:37.097 [info] > git for-each-ref --sort -committerdate --format %(refname) %(objectname) %(*objectname) [2ms]
2025-03-19 05:37:37.181 [info] > git status -z -uall [116ms]
2025-03-19 05:37:42.203 [info] > git config --get commit.template [1ms]
2025-03-19 05:37:42.218 [info] [Git][getRemotes] No remotes found in the git config file
2025-03-19 05:37:42.220 [info] > git for-each-ref --format=%(refname)%00%(upstream:short)%00%(objectname)%00%(upstream:track)%00%(upstream:remotename)%00%(upstream:remoteref) refs/heads/main refs/remotes/main [2ms]
2025-03-19 05:37:42.266 [info] > git for-each-ref --sort -committerdate --format %(refname) %(objectname) %(*objectname) [4ms]
2025-03-19 05:37:42.342 [info] > git status -z -uall [110ms]
2025-03-19 05:37:47.363 [info] [Git][getRemotes] No remotes found in the git config file
2025-03-19 05:37:47.363 [info] > git config --get commit.template [9ms]
2025-03-19 05:37:47.364 [info] > git for-each-ref --format=%(refname)%00%(upstream:short)%00%(objectname)%00%(upstream:track)%00%(upstream:remotename)%00%(upstream:remoteref) refs/heads/main refs/remotes/main [2ms]
2025-03-19 05:37:47.404 [info] > git for-each-ref --sort -committerdate --format %(refname) %(objectname) %(*objectname) [2ms]
2025-03-19 05:37:47.478 [info] > git status -z -uall [106ms]
2025-03-19 05:38:24.803 [info] [Git][getRemotes] No remotes found in the git config file
2025-03-19 05:38:24.804 [info] > git config --get commit.template [10ms]
2025-03-19 05:38:24.805 [info] > git for-each-ref --format=%(refname)%00%(upstream:short)%00%(objectname)%00%(upstream:track)%00%(upstream:remotename)%00%(upstream:remoteref) refs/heads/main refs/remotes/main [2ms]
2025-03-19 05:38:24.846 [info] > git for-each-ref --sort -committerdate --format %(refname) %(objectname) %(*objectname) [3ms]
2025-03-19 05:38:24.917 [info] > git status -z -uall [104ms]
2025-03-19 05:38:29.929 [info] [Git][getRemotes] No remotes found in the git config file
2025-03-19 05:38:29.939 [info] > git config --get commit.template [11ms]
2025-03-19 05:38:29.941 [info] > git for-each-ref --format=%(refname)%00%(upstream:short)%00%(objectname)%00%(upstream:track)%00%(upstream:remotename)%00%(upstream:remoteref) refs/heads/main refs/remotes/main [1ms]
2025-03-19 05:38:29.980 [info] > git for-each-ref --sort -committerdate --format %(refname) %(objectname) %(*objectname) [5ms]
2025-03-19 05:38:30.055 [info] > git status -z -uall [105ms]
2025-03-19 05:39:54.175 [info] > git config --get commit.template [2ms]
2025-03-19 05:39:54.184 [info] [Git][getRemotes] No remotes found in the git config file
2025-03-19 05:39:54.186 [info] > git for-each-ref --format=%(refname)%00%(upstream:short)%00%(objectname)%00%(upstream:track)%00%(upstream:remotename)%00%(upstream:remoteref) refs/heads/main refs/remotes/main [1ms]
2025-03-19 05:39:54.228 [info] > git for-each-ref --sort -committerdate --format %(refname) %(objectname) %(*objectname) [2ms]
2025-03-19 05:39:54.298 [info] > git status -z -uall [103ms]
2025-03-19 05:39:59.318 [info] [Git][getRemotes] No remotes found in the git config file
2025-03-19 05:39:59.318 [info] > git config --get commit.template [9ms]
2025-03-19 05:39:59.319 [info] > git for-each-ref --format=%(refname)%00%(upstream:short)%00%(objectname)%00%(upstream:track)%00%(upstream:remotename)%00%(upstream:remoteref) refs/heads/main refs/remotes/main [1ms]
2025-03-19 05:39:59.360 [info] > git for-each-ref --sort -committerdate --format %(refname) %(objectname) %(*objectname) [2ms]
2025-03-19 05:39:59.430 [info] > git status -z -uall [101ms]
2025-03-19 05:40:04.450 [info] [Git][getRemotes] No remotes found in the git config file
2025-03-19 05:40:04.450 [info] > git config --get commit.template [10ms]
2025-03-19 05:40:04.451 [info] > git for-each-ref --format=%(refname)%00%(upstream:short)%00%(objectname)%00%(upstream:track)%00%(upstream:remotename)%00%(upstream:remoteref) refs/heads/main refs/remotes/main [2ms]
2025-03-19 05:40:04.490 [info] > git for-each-ref --sort -committerdate --format %(refname) %(objectname) %(*objectname) [2ms]
2025-03-19 05:40:04.580 [info] > git status -z -uall [121ms]
2025-03-19 05:40:09.614 [info] [Git][getRemotes] No remotes found in the git config file
2025-03-19 05:40:09.614 [info] > git config --get commit.template [15ms]
2025-03-19 05:40:09.616 [info] > git for-each-ref --format=%(refname)%00%(upstream:short)%00%(objectname)%00%(upstream:track)%00%(upstream:remotename)%00%(upstream:remoteref) refs/heads/main refs/remotes/main [2ms]
2025-03-19 05:40:09.672 [info] > git for-each-ref --sort -committerdate --format %(refname) %(objectname) %(*objectname) [2ms]
2025-03-19 05:40:09.740 [info] > git status -z -uall [108ms]
2025-03-19 05:40:14.761 [info] [Git][getRemotes] No remotes found in the git config file
2025-03-19 05:40:14.762 [info] > git config --get commit.template [10ms]
2025-03-19 05:40:14.763 [info] > git for-each-ref --format=%(refname)%00%(upstream:short)%00%(objectname)%00%(upstream:track)%00%(upstream:remotename)%00%(upstream:remoteref) refs/heads/main refs/remotes/main [2ms]
2025-03-19 05:40:14.804 [info] > git for-each-ref --sort -committerdate --format %(refname) %(objectname) %(*objectname) [1ms]
2025-03-19 05:40:14.874 [info] > git status -z -uall [102ms]
2025-03-19 05:40:19.895 [info] [Git][getRemotes] No remotes found in the git config file
2025-03-19 05:40:19.895 [info] > git config --get commit.template [10ms]
2025-03-19 05:40:19.897 [info] > git for-each-ref --format=%(refname)%00%(upstream:short)%00%(objectname)%00%(upstream:track)%00%(upstream:remotename)%00%(upstream:remoteref) refs/heads/main refs/remotes/main [3ms]
2025-03-19 05:40:19.940 [info] > git for-each-ref --sort -committerdate --format %(refname) %(objectname) %(*objectname) [3ms]
2025-03-19 05:40:20.009 [info] > git status -z -uall [103ms]
2025-03-19 05:40:36.369 [info] [Git][getRemotes] No remotes found in the git config file
2025-03-19 05:40:36.370 [info] > git for-each-ref --format=%(refname)%00%(upstream:short)%00%(objectname)%00%(upstream:track)%00%(upstream:remotename)%00%(upstream:remoteref) refs/heads/main refs/remotes/main [3ms]
2025-03-19 05:40:36.370 [info] > git config --get commit.template [11ms]
2025-03-19 05:40:36.411 [info] > git for-each-ref --sort -committerdate --format %(refname) %(objectname) %(*objectname) [2ms]
2025-03-19 05:40:36.479 [info] > git status -z -uall [100ms]
2025-03-19 05:40:41.501 [info] [Git][getRemotes] No remotes found in the git config file
2025-03-19 05:40:41.501 [info] > git config --get commit.template [10ms]
2025-03-19 05:40:41.502 [info] > git for-each-ref --format=%(refname)%00%(upstream:short)%00%(objectname)%00%(upstream:track)%00%(upstream:remotename)%00%(upstream:remoteref) refs/heads/main refs/remotes/main [2ms]
2025-03-19 05:40:41.546 [info] > git for-each-ref --sort -committerdate --format %(refname) %(objectname) %(*objectname) [3ms]
2025-03-19 05:40:41.619 [info] > git status -z -uall [108ms]
2025-03-19 05:40:46.639 [info] [Git][getRemotes] No remotes found in the git config file
2025-03-19 05:40:46.640 [info] > git config --get commit.template [10ms]
2025-03-19 05:40:46.641 [info] > git for-each-ref --format=%(refname)%00%(upstream:short)%00%(objectname)%00%(upstream:track)%00%(upstream:remotename)%00%(upstream:remoteref) refs/heads/main refs/remotes/main [2ms]
2025-03-19 05:40:46.685 [info] > git for-each-ref --sort -committerdate --format %(refname) %(objectname) %(*objectname) [4ms]
2025-03-19 05:40:46.753 [info] > git status -z -uall [104ms]
2025-03-19 05:41:30.093 [info] [Git][getRemotes] No remotes found in the git config file
2025-03-19 05:41:30.102 [info] > git config --get commit.template [10ms]
2025-03-19 05:41:30.103 [info] > git for-each-ref --format=%(refname)%00%(upstream:short)%00%(objectname)%00%(upstream:track)%00%(upstream:remotename)%00%(upstream:remoteref) refs/heads/main refs/remotes/main [2ms]
2025-03-19 05:41:30.147 [info] > git for-each-ref --sort -committerdate --format %(refname) %(objectname) %(*objectname) [6ms]
2025-03-19 05:41:30.221 [info] > git status -z -uall [108ms]
2025-03-19 05:41:35.241 [info] [Git][getRemotes] No remotes found in the git config file
2025-03-19 05:41:35.243 [info] > git for-each-ref --format=%(refname)%00%(upstream:short)%00%(objectname)%00%(upstream:track)%00%(upstream:remotename)%00%(upstream:remoteref) refs/heads/main refs/remotes/main [2ms]
2025-03-19 05:41:35.244 [info] > git config --get commit.template [11ms]
2025-03-19 05:41:35.287 [info] > git for-each-ref --sort -committerdate --format %(refname) %(objectname) %(*objectname) [3ms]
2025-03-19 05:41:35.363 [info] > git status -z -uall [109ms]
2025-03-19 05:41:40.378 [info] [Git][getRemotes] No remotes found in the git config file
2025-03-19 05:41:40.388 [info] > git config --get commit.template [10ms]
2025-03-19 05:41:40.389 [info] > git for-each-ref --format=%(refname)%00%(upstream:short)%00%(objectname)%00%(upstream:track)%00%(upstream:remotename)%00%(upstream:remoteref) refs/heads/main refs/remotes/main [2ms]
2025-03-19 05:41:40.431 [info] > git for-each-ref --sort -committerdate --format %(refname) %(objectname) %(*objectname) [1ms]
2025-03-19 05:41:40.504 [info] > git status -z -uall [106ms]
2025-03-19 05:41:50.204 [info] [Git][getRemotes] No remotes found in the git config file
2025-03-19 05:41:50.205 [info] > git config --get commit.template [11ms]
2025-03-19 05:41:50.206 [info] > git for-each-ref --format=%(refname)%00%(upstream:short)%00%(objectname)%00%(upstream:track)%00%(upstream:remotename)%00%(upstream:remoteref) refs/heads/main refs/remotes/main [2ms]
2025-03-19 05:41:50.247 [info] > git for-each-ref --sort -committerdate --format %(refname) %(objectname) %(*objectname) [4ms]
2025-03-19 05:41:50.318 [info] > git status -z -uall [102ms]
2025-03-19 05:41:55.349 [info] [Git][getRemotes] No remotes found in the git config file
2025-03-19 05:41:55.349 [info] > git config --get commit.template [14ms]
2025-03-19 05:41:55.351 [info] > git for-each-ref --format=%(refname)%00%(upstream:short)%00%(objectname)%00%(upstream:track)%00%(upstream:remotename)%00%(upstream:remoteref) refs/heads/main refs/remotes/main [2ms]
2025-03-19 05:41:55.383 [info] > git for-each-ref --sort -committerdate --format %(refname) %(objectname) %(*objectname) [2ms]
