2025-03-19 07:17:39.891 [warning] /home/vscode/.ssh/config: ENOENT: no such file or directory, open '/home/vscode/.ssh/config'
2025-03-19 07:17:39.891 [info] [Activation] Extension version: 0.106.0
2025-03-19 07:17:42.102 [info] [Activation] Looking for git repository
2025-03-19 07:17:42.102 [info] [Activation] Found 0 repositories during activation
2025-03-19 07:17:42.102 [info] [Activation] Git repository found, initializing review manager and pr tree view.
2025-03-19 07:17:42.103 [info] [GitAPI] Registering git provider
2025-03-19 07:17:42.239 [info] [Activation] Git initialization state changed: state=initialized
2025-03-19 07:22:44.793 [warning] /home/vscode/.ssh/config: ENOENT: no such file or directory, open '/home/vscode/.ssh/config'
2025-03-19 07:22:44.890 [info] [Activation] Extension version: 0.106.0
2025-03-19 07:22:47.111 [info] [Activation] Looking for git repository
2025-03-19 07:22:47.111 [info] [Activation] Found 0 repositories during activation
2025-03-19 07:22:47.111 [info] [Activation] Git repository found, initializing review manager and pr tree view.
2025-03-19 07:22:47.127 [info] [GitAPI] Registering git provider
2025-03-19 07:31:42.092 [info] [GitAPI] Repository file:///workspaces/path-study-environment has been opened
2025-03-19 07:31:42.092 [info] [Review+0] Validate state in progress
2025-03-19 07:31:42.092 [info] [Review+0] Validating state...
2025-03-19 07:31:42.095 [warning] No remotes found. The following remotes are missing: origin, upstream
2025-03-19 07:31:42.095 [info] [FolderRepositoryManager+0] No GitHub remotes found for folder /workspaces/path-study-environment
2025-03-19 07:31:42.148 [info] [Review+0] Queuing additional validate state
2025-03-19 07:31:42.148 [info] [Activation] Repo state for file:///workspaces/path-study-environment changed.
2025-03-19 07:31:42.148 [info] [Activation] Repo file:///workspaces/path-study-environment has already been setup.
2025-03-19 07:31:42.973 [info] [Review+0] Validating state...
2025-03-19 07:31:43.067 [info] [FolderRepositoryManager+0] Found GitHub remote for folder /workspaces/path-study-environment
2025-03-19 07:31:43.647 [info] [FolderRepositoryManager+0] Trying to use globalState for assignableUsers.
2025-03-19 07:31:43.683 [info] [Review+0] No matching pull request metadata found locally for current branch main
2025-03-19 07:31:44.009 [info] [FolderRepositoryManager+0] Using globalState assignableUsers for 2.
2025-03-19 07:31:44.359 [info] [Review+0] No matching pull request metadata found on GitHub for current branch main
