2025-03-19 10:43:46.739 [info] Reading sessions from keychain...
2025-03-19 10:43:46.739 [info] Getting sessions for all scopes...
2025-03-19 10:43:46.739 [info] Getting sessions for all scopes...
2025-03-19 10:43:46.739 [info] Getting sessions for all scopes...
2025-03-19 10:43:46.739 [info] Getting sessions for user:email...
2025-03-19 10:43:46.739 [info] Getting sessions for all scopes...
2025-03-19 10:43:46.739 [info] Getting sessions for all scopes...
2025-03-19 10:43:46.739 [info] Getting sessions for all scopes...
2025-03-19 10:43:46.739 [info] Getting sessions for all scopes...
2025-03-19 10:43:46.739 [info] Getting sessions for all scopes...
2025-03-19 10:43:46.739 [info] Got stored sessions!
2025-03-19 10:43:46.739 [info] Got 6 verified sessions.
2025-03-19 10:43:46.739 [info] Got 6 sessions for ...
2025-03-19 10:43:46.739 [info] Got 6 sessions for ...
2025-03-19 10:43:46.739 [info] Got 6 sessions for ...
2025-03-19 10:43:46.739 [info] Got 1 sessions for user:email...
2025-03-19 10:43:46.739 [info] Got 6 sessions for ...
2025-03-19 10:43:46.739 [info] Got 6 sessions for ...
2025-03-19 10:43:46.739 [info] Got 6 sessions for ...
2025-03-19 10:43:46.739 [info] Got 6 sessions for ...
2025-03-19 10:43:46.739 [info] Got 6 sessions for ...
2025-03-19 10:43:46.739 [info] Getting sessions for codespace,read:user,repo,user:email...
2025-03-19 10:43:46.739 [info] Getting sessions for all scopes...
2025-03-19 10:43:46.739 [info] Got 1 sessions for codespace,read:user,repo,user:email...
2025-03-19 10:43:46.739 [info] Got 6 sessions for ...
2025-03-19 10:43:47.132 [info] Getting sessions for all scopes...
2025-03-19 10:43:47.133 [info] Got 6 sessions for ...
2025-03-19 10:43:50.219 [info] Getting sessions for read:user,repo,user:email,workflow...
2025-03-19 10:43:50.219 [info] Getting sessions for all scopes...
2025-03-19 10:43:50.219 [info] Got 1 sessions for read:user,repo,user:email,workflow...
2025-03-19 10:43:50.220 [info] Got 6 sessions for ...
2025-03-19 10:43:50.648 [info] Getting sessions for all scopes...
2025-03-19 10:43:50.648 [info] Getting sessions for all scopes...
2025-03-19 10:43:50.648 [info] Getting sessions for project,read:org,read:user,repo,user:email,workflow...
2025-03-19 10:43:50.648 [info] Getting sessions for all scopes...
2025-03-19 10:43:50.648 [info] Got 6 sessions for ...
2025-03-19 10:43:50.648 [info] Got 6 sessions for ...
2025-03-19 10:43:50.648 [info] Got 0 sessions for project,read:org,read:user,repo,user:email,workflow...
2025-03-19 10:43:50.648 [info] Got 6 sessions for ...
2025-03-19 10:43:50.812 [info] Getting sessions for all scopes...
2025-03-19 10:43:50.812 [info] Got 6 sessions for ...
2025-03-19 10:43:51.181 [info] Getting sessions for all scopes...
2025-03-19 10:43:51.181 [info] Got 6 sessions for ...
2025-03-19 10:43:51.380 [info] Getting sessions for read:user,repo,user:email,workflow...
2025-03-19 10:43:51.380 [info] Getting sessions for read:user,repo,user:email,workflow...
2025-03-19 10:43:51.381 [info] Got 1 sessions for read:user,repo,user:email,workflow...
2025-03-19 10:43:51.381 [info] Got 1 sessions for read:user,repo,user:email,workflow...
2025-03-19 10:43:51.487 [info] Getting sessions for read:user,repo,user:email,workflow...
2025-03-19 10:43:51.487 [info] Got 1 sessions for read:user,repo,user:email,workflow...
2025-03-19 10:43:51.781 [info] Getting sessions for all scopes...
2025-03-19 10:43:51.781 [info] Getting sessions for all scopes...
2025-03-19 10:43:51.781 [info] Got 6 sessions for ...
2025-03-19 10:43:51.781 [info] Got 6 sessions for ...
2025-03-19 10:43:59.264 [info] Getting sessions for all scopes...
2025-03-19 10:43:59.265 [info] Got 6 sessions for ...
2025-03-19 10:43:59.793 [info] Getting sessions for read:user,repo,user:email,workflow...
2025-03-19 10:43:59.795 [info] Got 1 sessions for read:user,repo,user:email,workflow...
2025-03-19 10:44:00.062 [info] Getting sessions for read:user,repo,user:email,workflow...
2025-03-19 10:44:00.062 [info] Got 1 sessions for read:user,repo,user:email,workflow...
2025-03-19 10:44:01.805 [info] Getting sessions for read:user,repo,user:email,workflow...
2025-03-19 10:44:01.805 [info] Got 1 sessions for read:user,repo,user:email,workflow...
2025-03-19 10:44:01.919 [info] Getting sessions for read:user,repo,user:email,workflow...
2025-03-19 10:44:01.919 [info] Got 1 sessions for read:user,repo,user:email,workflow...
