[Client I] GitHub Codespaces version 1.17.3
[Client I] isRunningInWeb: "true"
[Client V] Initializing authentication
[API I] Successfully signed in
[Client:extension:dba4 I] initializing
[Client:extension:dba4:resolver I] created with protocol "codespaces"
[RemoteExplorer I] Updating codespace performance info
[DevContainerJsonSupport I] Initializing devcontainer.json support package
[DevContainerJsonSupport V] [2025-03-19T05:11:22.233Z] Internal initialization of dev container support package...

[Client I] Connecting to current codespace: legendary-space-disco-r4w7w6jqgvx62wqv6
[Command:Connect I] Decorator starting: ErrorNotification
[Command:Connect I] Decorator starting: Telemetry
[Client I] Jupyter API registered? false
[API:retries-left-2 I] making GET request for "https://api.github.com/user/codespaces/legendary-space-disco-r4w7w6jqgvx62wqv6"
[RemoteExplorer I] Updating codespace performance info
[Client:extension:dba4:resolver:resolve:1 I] resolve retry #3
[Client:extension:dba4:resolver:resolve:1 I] resolving "codespaces+legendary-space-disco-r4w7w6jqgvx62wqv6"
[Client:extension:dba4:resolver:resolve:1 I] codespace: "legendary-space-disco-r4w7w6jqgvx62wqv6", fetching details
[Client:extension:dba4:resolver:resolve:1:fetch-codespace-info I] fetching codespace details for "legendary-space-disco-r4w7w6jqgvx62wqv6"
[Client:extension:dba4:resolver:resolve:1:fetch-codespace-info I] signed in, getting the details
[Client:extension:dba4:resolver:resolve:1:fetch-codespace-info I] fetching codespace "legendary-space-disco-r4w7w6jqgvx62wqv6" (retries left: 2)
[API:retries-left-2 I] making GET request for "https://api.github.com/user/codespaces/legendary-space-disco-r4w7w6jqgvx62wqv6"
[RemoteExplorer I] Updating codespace performance info
[Client:extension:dba4:resolver I] successfully fetched codespace details> object #0: {
  "id": 25986879,
  "name": "<39:<redacted>>",
  "environment_id": "6f09c278-a120-4155-9cb2-140295fa9e24",
  "owner": "<undefined:<redacted>>",
  "billable_owner": {
    "login": "afiily",
    "id": 203522317,
    "node_id": "U_kgDODCGBDQ",
    "avatar_url": "https://avatars.githubusercontent.com/u/203522317?v=4",
    "gravatar_id": "",
    "url": "https://api.github.com/users/afiily",
    "html_url": "https://github.com/afiily",
    "followers_url": "https://api.github.com/users/afiily/followers",
    "following_url": "https://api.github.com/users/afiily/following{/other_user}",
    "gists_url": "https://api.github.com/users/afiily/gists{/gist_id}",
    "starred_url": "https://api.github.com/users/afiily/starred{/owner}{/repo}",
    "subscriptions_url": "https://api.github.com/users/afiily/subscriptions",
    "organizations_url": "https://api.github.com/users/afiily/orgs",
    "repos_url": "https://api.github.com/users/afiily/repos",
    "events_url": "https://api.github.com/users/afiily/events{/privacy}",
    "received_events_url": "https://api.github.com/users/afiily/received_events",
    "type": "User",
    "user_view_type": "public",
    "site_admin": false
  },
  "repository": {
    "id": 949417866,
    "node_id": "R_kgDOOJb3ig",
    "name": "<22:<redacted>>",
    "full_name": "afiily/path-study-environment",
    "private": false,
    "owner": "<undefined:<redacted>>",
    "html_url": "https://github.com/afiily/path-study-environment",
    "description": null,
    "fork": true,
    "url": "https://api.github.com/repos/afiily/path-study-environment",
    "forks_url": "https://api.github.com/repos/afiily/path-study-environment/forks",
    "keys_url": "https://api.github.com/repos/afiily/path-study-environment/keys{/key_id}",
    "collaborators_url": "https://api.github.com/repos/afiily/path-study-environment/collaborators{/collaborator}",
    "teams_url": "https://api.github.com/repos/afiily/path-study-environment/teams",
    "hooks_url": "https://api.github.com/repos/afiily/path-study-environment/hooks",
    "issue_events_url": "https://api.github.com/repos/afiily/path-study-environment/issues/events{/number}",
    "events_url": "https://api.github.com/repos/afiily/path-study-environment/events",
    "assignees_url": "https://api.github.com/repos/afiily/path-study-environment/assignees{/user}",
    "branches_url": "https://api.github.com/repos/afiily/path-study-environment/branches{/branch}",
    "tags_url": "https://api.github.com/repos/afiily/path-study-environment/tags",
    "blobs_url": "https://api.github.com/repos/afiily/path-study-environment/git/blobs{/sha}",
    "git_tags_url": "https://api.github.com/repos/afiily/path-study-environment/git/tags{/sha}",
    "git_refs_url": "https://api.github.com/repos/afiily/path-study-environment/git/refs{/sha}",
    "trees_url": "https://api.github.com/repos/afiily/path-study-environment/git/trees{/sha}",
    "statuses_url": "https://api.github.com/repos/afiily/path-study-environment/statuses/{sha}",
    "languages_url": "https://api.github.com/repos/afiily/path-study-environment/languages",
    "stargazers_url": "https://api.github.com/repos/afiily/path-study-environment/stargazers",
    "contributors_url": "https://api.github.com/repos/afiily/path-study-environment/contributors",
    "subscribers_url": "https://api.github.com/repos/afiily/path-study-environment/subscribers",
    "subscription_url": "https://api.github.com/repos/afiily/path-study-environment/subscription",
    "commits_url": "https://api.github.com/repos/afiily/path-study-environment/commits{/sha}",
    "git_commits_url": "https://api.github.com/repos/afiily/path-study-environment/git/commits{/sha}",
    "comments_url": "https://api.github.com/repos/afiily/path-study-environment/comments{/number}",
    "issue_comment_url": "https://api.github.com/repos/afiily/path-study-environment/issues/comments{/number}",
    "contents_url": "https://api.github.com/repos/afiily/path-study-environment/contents/{+path}",
    "compare_url": "https://api.github.com/repos/afiily/path-study-environment/compare/{base}...{head}",
    "merges_url": "https://api.github.com/repos/afiily/path-study-environment/merges",
    "archive_url": "https://api.github.com/repos/afiily/path-study-environment/{archive_format}{/ref}",
    "downloads_url": "https://api.github.com/repos/afiily/path-study-environment/downloads",
    "issues_url": "https://api.github.com/repos/afiily/path-study-environment/issues{/number}",
    "pulls_url": "https://api.github.com/repos/afiily/path-study-environment/pulls{/number}",
    "milestones_url": "https://api.github.com/repos/afiily/path-study-environment/milestones{/number}",
    "notifications_url": "https://api.github.com/repos/afiily/path-study-environment/notifications{?since,all,participating}",
    "labels_url": "https://api.github.com/repos/afiily/path-study-environment/labels{/name}",
    "releases_url": "https://api.github.com/repos/afiily/path-study-environment/releases{/id}",
    "deployments_url": "https://api.github.com/repos/afiily/path-study-environment/deployments"
  },
  "machine": {
    "name": "<14:<redacted>>",
    "display_name": "2 cores, 8 GB RAM, 32 GB storage",
    "operating_system": "linux",
    "storage_in_bytes": 34359738368,
    "memory_in_bytes": 8589934592,
    "cpus": 2,
    "prebuild_availability": null
  },
  "prebuild": null,
  "created_at": "2025-03-16T21:22:56+09:00",
  "updated_at": "2025-03-19T14:11:32+09:00",
  "last_used_at": "2025-03-19T14:10:51+09:00",
  "state": "Available",
  "url": "https://api.github.com/user/codespaces/legendary-space-disco-r4w7w6jqgvx62wqv6",
  "git_status": {
    "ahead": 0,
    "behind": 0,
    "has_unpushed_changes": false,
    "has_uncommitted_changes": false,
    "ref": "main"
  },
  "location": "SouthEastAsia",
  "idle_timeout_minutes": 30,
  "web_url": "https://legendary-space-disco-r4w7w6jqgvx62wqv6.github.dev",
  "machines_url": "https://api.github.com/user/codespaces/legendary-space-disco-r4w7w6jqgvx62wqv6/machines",
  "start_url": "https://api.github.com/user/codespaces/legendary-space-disco-r4w7w6jqgvx62wqv6/start",
  "stop_url": "https://api.github.com/user/codespaces/legendary-space-disco-r4w7w6jqgvx62wqv6/stop",
  "pulls_url": null,
  "recent_folders": [
    "/home/vscode"
  ],
  "runtime_constraints": {
    "allowed_port_privacy_settings": [
      "private",
      "public"
    ]
  },
  "connection": {
    "sessionPath": "/home/vscode",
    "tunnelProperties": {
      "tunnelId": "giant-dog-blck366",
      "clusterId": "asse",
      "domain": "app.github.dev",
      "connectAccessToken": "<386:<redacted>>",
      "managePortsAccessToken": "<393:<redacted>>",
      "serviceUri": "https://global.rel.tunnels.api.visualstudio.com/"
    }
  },
  "container_id": "1e2a41092a90b5f358fc6cb79f69ffc5d4f65eb1589cc8be51ee6ab92cd3be35",
  "display_name": "legendary space disco",
  "devcontainer_path": ".devcontainer/devcontainer.json",
  "pending_operation": false,
  "feature_flags": {
    "developer": false,
    "detailedActivityMonitor": false,
    "vscodeAccountSwitching": false,
    "enableSmbDiagnosticContinuousMonitoring": false,
    "enableSmbDiagnosticOnAnomalyMonitoring": false,
    "useEarlyWorkbenchWebClient": true,
    "useCoiWebClient": false,
    "remapUserNamespace": false,
    "removeConnectRetriesWebClient": true,
    "storageV2ExhaustiveValidation": false,
    "forcePushShutdownTelemetry": true,
    "useNewJupyterApi": true,
    "improvedWarmupContainerReuse": true,
    "storageV2ComprehensiveDiagnosticsCollection": false,
    "usingCopilotWorkspaceConfig": true,
    "copilotWorkspace": false,
    "hostnameSpecificGitCredentialHelper": true,
    "Basis": true,
    "Skuheapscaling": true,
    "CacheIde": true,
    "Developer": false,
    "Eap": false
  },
  "retention_period_minutes": 43200,
  "retention_expires_at": null,
  "template": null,
  "publish_url": null
}
[RemoteExplorer I] Updating codespace performance info
[Client:extension:dba4:resolver:resolve:1:check-codespace-state I] codespace legendary-space-disco-r4w7w6jqgvx62wqv6 (id: 6f09c278-a120-4155-9cb2-140295fa9e24) is in the "Default" state
[Client:extension:dba4:resolver:resolve:1:check-codespace-state I] noop
[Client:extension:dba4:resolver I] Initializing RPC client
[Client:extension:dba4:resolver I] Running in web, using unix socket for communication
[Client:extension:dba4:resolver I] Initializing Node-based codespace host service client
[Client:extension:dba4:resolver I] Initializing Node-based VS Code server host service client
[Client:extension:dba4:resolver I] Initializing Node-based Jupyter server host service client
[Client:extension:dba4:resolver:resolve:1:check-codespace-state I] vscode connection options: > object #0: {
  "environmentId": "6f09c278-a120-4155-9cb2-140295fa9e24",
  "vsCodeCommit": "ddc367ed5c8936efe395cffeec279b04ffd7db78",
  "vsCodeQuality": "stable",
  "extensions": [
    "GitHub.codespaces",
    "GitHub.vscode-pull-request-github"
  ],
  "telemetry": true
}
[RemoteExplorer I] Updating codespace details
[Client:extension:dba4:resolver I] Executed start-remote-server using gRPC
[Client:extension:dba4:resolver:resolve:1 I] vscode server remote port: "41825", local port: "undefined"}
[Client V] connect duration: 11516 ms
[Client:extension:dba4:resolver:resolve:1 I] Progress: Done
[Client:extension:dba4:resolver I] Subscribed to event stream
[Client:extension:dba4:resolver:resolve:1:background-tasks I] launching background configuration tasks
[Client:extension:dba4:resolver:resolve:1:background-tasks I] Running in web, starting post attach command listener without disposable
[Client:extension:dba4:resolver:resolve:1:background-tasks:post-attach-command-manager I] PostAttachCommandManager: addEnvironmentConfiguredEventCallback()
[Client:extension:dba4:resolver:resolve:1:background-tasks I] no max idle timeout notice
[Client:extension:dba4:resolver:resolve:1:background-tasks V] checking correctness of the codespace session path> object #0: [
  {
    "uri": {
      "$mid": 1,
      "fsPath": "/home/vscode",
      "external": "file:///home/vscode",
      "path": "/home/vscode",
      "scheme": "file"
    },
    "name": "<6:<redacted>>",
    "index": 0
  }
]
[Client:extension:dba4:resolver:resolve:1:background-tasks I] Running in web, starting dev container change event listener without disposable
[Client:extension:dba4:resolver:resolve:1:background-tasks I] Running in web, starting secrets updated event listener without disposable
[Client:extension:dba4:resolver:resolve:1:background-tasks I] Running in web, starting codespace stopping event listener without disposable
[Client:extension:dba4:resolver:resolve:1:background-tasks I] starting activity monitor, isRunningInWeb: "true"
[Client:extension:dba4:resolver:resolve:1:background-tasks:activity-monitor:vscode-activity-provider I] isRunningInWeb: true
[Client:extension:dba4:resolver:resolve:1:background-tasks:activity-monitor:vscode-activity-provider I] starting activity monitor
[Client:extension:dba4:resolver:resolve:1:background-tasks:activity-monitor:vscode-activity-provider V] sending activity heartbeat
[Client:extension:dba4:resolver:resolve:1:background-tasks I] Running in web, starting user notification event listener without disposable
[Client:extension:dba4:resolver:resolve:1:background-tasks:openDefaultFiles I] Skipping openFiles because it's not the first activation
[Command:Connect I] Command [Connect to Codespace]: Connect to Codespace Success (17935ms)
[Command:Connect I] Decorator finishing: Telemetry. Duration: 2ms (1 + 1)
[Command:Connect I] Decorator finishing: ErrorNotification. Duration: 1ms (0 + 1)
[Client:extension:dba4:resolver:resolve:1:background-tasks I] Executed get-container-persisted-folder using gRPC
[Client:extension:dba4:resolver:resolve:1:background-tasks V] container folder path: "/workspaces/.codespaces/.persistedshare"
[Client:extension:dba4:resolver:resolve:1:background-tasks V] shared folder path: "/workspaces/.codespaces/shared/postCreateOutput.json"
[Client:extension:dba4:resolver:resolve:1:background-tasks V] shared file path: "/workspaces/.codespaces/shared/postCreateOutput.json"
[Client:extension:dba4:resolver:resolve:1:background-tasks I] Executed configure-environment using gRPC
[ResourceUsage I] Executed get-container-persisted-folder using gRPC
[ResourceUsage V] container folder path: "/workspaces/.codespaces/.persistedshare"
[ResourceUsage V] shared folder path: "/workspaces/.codespaces/shared/resource-usage.json"
[ResourceUsage V] shared file path: "/workspaces/.codespaces/shared/resource-usage.json"
[ResourceUsage I] Starting monitor
[ResourceUsage I] Checking if the codespace connection exists
[ResourceUsage I] Running in web, starting monitor without disposable
[Performance I] Executed get-container-persisted-folder using gRPC
[Client:extension:dba4:resolver:resolve:1:background-tasks I] Executed is-recovery-container using gRPC
[Client:extension:dba4:resolver:resolve:1:background-tasks V] not in recovery container
[Client:extension:dba4:resolver I] Received event: Subscribed
[Client:extension:dba4:resolver I] Client ad7aa2bc-bda5-4010-920b-ad752cf63108 subscribed to event stream
[Client:extension:dba4:resolver I] Received event: EnvironmentConfigured
[Client:extension:dba4:resolver:resolve:1:background-tasks:post-attach-command-manager I] PostAttachCommandManager: handleEnvironmentConfiguredEvent()
[Client:extension:dba4:resolver:resolve:1:background-tasks I] GetRemotePid: Echoing $PPID to /tmp/codespace_pids/.pid-47fe434c-0e64-4cc0-81d9-b081a7737ba9...
[Client:extension:dba4:resolver:resolve:1:background-tasks I] GetRemotePid: Start polling for existance of PID file at file:///tmp/codespace_pids/.pid-47fe434c-0e64-4cc0-81d9-b081a7737ba9 took 1 ms...
[Client:extension:dba4:resolver:resolve:1:background-tasks:activity-monitor:vscode-activity-provider I] Executed notify-codespace-of-client-activity using gRPC
[Client:extension:dba4:resolver:resolve:1:background-tasks:activity-monitor:vscode-activity-provider I] Activity signal sent with result true
[Performance I] Starting monitor
[Performance I] Checking if the codespace connection exists
[Performance I] Running in web, starting monitor without disposable
[Client:extension:dba4:resolver:resolve:1:background-tasks:post-attach-command-manager I] PostAttachCommandManager: commandsKey: codespaces.985.runningPostAttachCommands
[Client:extension:dba4:resolver:resolve:1:background-tasks:post-attach-command-manager I] PostAttachCommandManager: Running /bin/bash ~/environment/.devcontainer/postAttachCommand.sh in terminal Codespaces: /bin/bash ~/environment/.devcontainer/postAttachCommand.sh
[Client:extension:dba4:resolver:resolve:1:background-tasks:post-attach-command-manager I] PostAttachCommandManager: Added Codespaces: /bin/bash ~/environment/.devcontainer/postAttachCommand.sh to codespaces.985.runningPostAttachCommands
[Performance I] Executed get-performance-data using gRPC
[Performance I] Executed get-performance-data using gRPC
[Performance I] Executed get-performance-data using gRPC
[Performance I] Executed get-performance-data using gRPC
[Performance I] Executed get-performance-data using gRPC
[Client:extension:dba4:resolver:resolve:1:background-tasks:activity-monitor:vscode-activity-provider V] sending activity heartbeat
[Client:extension:dba4:resolver:resolve:1:background-tasks:activity-monitor:vscode-activity-provider I] Executed notify-codespace-of-client-activity using gRPC
[Client:extension:dba4:resolver:resolve:1:background-tasks:activity-monitor:vscode-activity-provider I] Activity signal sent with result true
[Performance I] Executed get-performance-data using gRPC
[Performance I] Executed get-performance-data using gRPC
[Performance I] Executed get-performance-data using gRPC
[Client:extension:dba4:resolver:resolve:1:background-tasks:activity-monitor:vscode-activity-provider V] sending activity heartbeat
[Client:extension:dba4:resolver:resolve:1:background-tasks:activity-monitor:vscode-activity-provider I] Executed notify-codespace-of-client-activity using gRPC
[Client:extension:dba4:resolver:resolve:1:background-tasks:activity-monitor:vscode-activity-provider I] Activity signal sent with result true
[Performance I] Executed get-performance-data using gRPC
[Performance I] Executed get-performance-data using gRPC
[Performance I] Executed get-performance-data using gRPC
[Performance I] Executed get-performance-data using gRPC
[Performance I] Executed get-performance-data using gRPC
[Performance I] Executed get-performance-data using gRPC
[Performance I] Executed get-performance-data using gRPC
[Performance I] Executed get-performance-data using gRPC
[Performance I] Executed get-performance-data using gRPC
[Performance I] Executed get-performance-data using gRPC
[Performance I] Executed get-performance-data using gRPC
[Performance I] Executed get-performance-data using gRPC
[Performance I] Executed get-performance-data using gRPC
[Performance I] Executed get-performance-data using gRPC
[Performance I] Executed get-performance-data using gRPC
[Performance I] Executed get-performance-data using gRPC
[Performance I] Executed get-performance-data using gRPC
[Performance I] Executed get-performance-data using gRPC
[Performance I] Executed get-performance-data using gRPC
[Performance I] Executed get-performance-data using gRPC
[Performance I] Executed get-performance-data using gRPC
[Client:extension:dba4:resolver:resolve:1:background-tasks:activity-monitor:vscode-activity-provider V] sending activity heartbeat
[Client:extension:dba4:resolver:resolve:1:background-tasks:activity-monitor:vscode-activity-provider I] Executed notify-codespace-of-client-activity using gRPC
[Client:extension:dba4:resolver:resolve:1:background-tasks:activity-monitor:vscode-activity-provider I] Activity signal sent with result true
[Performance I] Executed get-performance-data using gRPC
[Performance I] Executed get-performance-data using gRPC
[Client:extension:dba4:resolver:resolve:1:background-tasks:activity-monitor:vscode-activity-provider V] sending activity heartbeat
[Client:extension:dba4:resolver:resolve:1:background-tasks:activity-monitor:vscode-activity-provider I] Executed notify-codespace-of-client-activity using gRPC
[Client:extension:dba4:resolver:resolve:1:background-tasks:activity-monitor:vscode-activity-provider I] Activity signal sent with result true
[Performance I] Executed get-performance-data using gRPC
[Performance I] Executed get-performance-data using gRPC
[Performance I] Executed get-performance-data using gRPC
[Performance I] Executed get-performance-data using gRPC
[Performance I] Executed get-performance-data using gRPC
[Performance I] Executed get-performance-data using gRPC
[Performance I] Executed get-performance-data using gRPC
[Performance I] Executed get-performance-data using gRPC
[Performance I] Executed get-performance-data using gRPC
[Performance I] Executed get-performance-data using gRPC
[Performance I] Executed get-performance-data using gRPC
[Performance I] Executed get-performance-data using gRPC
[Performance I] Executed get-performance-data using gRPC
[Client:extension:dba4:resolver:resolve:1:background-tasks:activity-monitor:vscode-activity-provider V] sending activity heartbeat
[Client:extension:dba4:resolver:resolve:1:background-tasks:activity-monitor:vscode-activity-provider I] Executed notify-codespace-of-client-activity using gRPC
[Client:extension:dba4:resolver:resolve:1:background-tasks:activity-monitor:vscode-activity-provider I] Activity signal sent with result true
[Performance I] Executed get-performance-data using gRPC
[Performance I] Executed get-performance-data using gRPC
[Client:extension:dba4:resolver:resolve:1:background-tasks:activity-monitor:vscode-activity-provider V] sending activity heartbeat
[Client:extension:dba4:resolver:resolve:1:background-tasks:activity-monitor:vscode-activity-provider I] Executed notify-codespace-of-client-activity using gRPC
[Client:extension:dba4:resolver:resolve:1:background-tasks:activity-monitor:vscode-activity-provider I] Activity signal sent with result true
[Performance I] Executed get-performance-data using gRPC
[Performance I] Executed get-performance-data using gRPC
[Performance I] Executed get-performance-data using gRPC
[Client:extension:dba4:resolver:resolve:1:background-tasks:activity-monitor:vscode-activity-provider V] sending activity heartbeat
[Client:extension:dba4:resolver:resolve:1:background-tasks:activity-monitor:vscode-activity-provider I] Executed notify-codespace-of-client-activity using gRPC
[Client:extension:dba4:resolver:resolve:1:background-tasks:activity-monitor:vscode-activity-provider I] Activity signal sent with result true
[Performance I] Executed get-performance-data using gRPC
[Performance I] Executed get-performance-data using gRPC
[Client:extension:dba4:resolver:resolve:1:background-tasks:activity-monitor:vscode-activity-provider V] sending activity heartbeat
[Client:extension:dba4:resolver:resolve:1:background-tasks:activity-monitor:vscode-activity-provider I] Executed notify-codespace-of-client-activity using gRPC
[Client:extension:dba4:resolver:resolve:1:background-tasks:activity-monitor:vscode-activity-provider I] Activity signal sent with result true
[Performance I] Executed get-performance-data using gRPC
[Performance I] Executed get-performance-data using gRPC
[Client:extension:dba4:resolver:resolve:1:background-tasks:activity-monitor:vscode-activity-provider V] sending activity heartbeat
[Client:extension:dba4:resolver:resolve:1:background-tasks:activity-monitor:vscode-activity-provider I] Executed notify-codespace-of-client-activity using gRPC
[Client:extension:dba4:resolver:resolve:1:background-tasks:activity-monitor:vscode-activity-provider I] Activity signal sent with result true
[Performance I] Executed get-performance-data using gRPC
[Performance I] Executed get-performance-data using gRPC
[Client:extension:dba4:resolver:resolve:1:background-tasks:activity-monitor:vscode-activity-provider V] sending activity heartbeat
[Client:extension:dba4:resolver:resolve:1:background-tasks:activity-monitor:vscode-activity-provider I] Executed notify-codespace-of-client-activity using gRPC
[Client:extension:dba4:resolver:resolve:1:background-tasks:activity-monitor:vscode-activity-provider I] Activity signal sent with result true
[Performance I] Executed get-performance-data using gRPC
[Performance I] Executed get-performance-data using gRPC
[Client:extension:dba4:resolver:resolve:1:background-tasks:activity-monitor:vscode-activity-provider V] sending activity heartbeat
[Client:extension:dba4:resolver:resolve:1:background-tasks:activity-monitor:vscode-activity-provider I] Executed notify-codespace-of-client-activity using gRPC
[Client:extension:dba4:resolver:resolve:1:background-tasks:activity-monitor:vscode-activity-provider I] Activity signal sent with result true
[Performance I] Executed get-performance-data using gRPC
[Performance I] Executed get-performance-data using gRPC
[Client:extension:dba4:resolver:resolve:1:background-tasks:activity-monitor:vscode-activity-provider V] sending activity heartbeat
[Client:extension:dba4:resolver:resolve:1:background-tasks:activity-monitor:vscode-activity-provider I] Executed notify-codespace-of-client-activity using gRPC
[Client:extension:dba4:resolver:resolve:1:background-tasks:activity-monitor:vscode-activity-provider I] Activity signal sent with result true
[Performance I] Executed get-performance-data using gRPC
[Performance I] Executed get-performance-data using gRPC
[Client:extension:dba4:resolver:resolve:1:background-tasks:activity-monitor:vscode-activity-provider V] sending activity heartbeat
[Client:extension:dba4:resolver:resolve:1:background-tasks:activity-monitor:vscode-activity-provider I] Executed notify-codespace-of-client-activity using gRPC
[Client:extension:dba4:resolver:resolve:1:background-tasks:activity-monitor:vscode-activity-provider I] Activity signal sent with result true
[Performance I] Executed get-performance-data using gRPC
[Performance I] Executed get-performance-data using gRPC
[Performance I] Executed get-performance-data using gRPC
[Performance I] Executed get-performance-data using gRPC
[Performance I] Executed get-performance-data using gRPC
[Performance I] Executed get-performance-data using gRPC
[Performance I] Executed get-performance-data using gRPC
[Performance I] Executed get-performance-data using gRPC
[Performance I] Executed get-performance-data using gRPC
[Performance I] Executed get-performance-data using gRPC
[Performance I] Executed get-performance-data using gRPC
[Performance I] Executed get-performance-data using gRPC
[Client:extension:dba4:resolver:resolve:1:background-tasks:activity-monitor:vscode-activity-provider V] sending activity heartbeat
[Client:extension:dba4:resolver:resolve:1:background-tasks:activity-monitor:vscode-activity-provider I] Executed notify-codespace-of-client-activity using gRPC
[Client:extension:dba4:resolver:resolve:1:background-tasks:activity-monitor:vscode-activity-provider I] Activity signal sent with result true
[Performance I] Executed get-performance-data using gRPC
[Performance I] Executed get-performance-data using gRPC
[Performance I] Executed get-performance-data using gRPC
[Client:extension:dba4:resolver:resolve:1:background-tasks:activity-monitor:vscode-activity-provider V] sending activity heartbeat
[Client:extension:dba4:resolver:resolve:1:background-tasks:activity-monitor:vscode-activity-provider I] Executed notify-codespace-of-client-activity using gRPC
[Client:extension:dba4:resolver:resolve:1:background-tasks:activity-monitor:vscode-activity-provider I] Activity signal sent with result true
[Performance I] Executed get-performance-data using gRPC
[Performance I] Executed get-performance-data using gRPC
[Performance I] Executed get-performance-data using gRPC
[Performance I] Executed get-performance-data using gRPC
[Client:extension:dba4:resolver:resolve:1:background-tasks:activity-monitor:vscode-activity-provider V] sending activity heartbeat
[Client:extension:dba4:resolver:resolve:1:background-tasks:activity-monitor:vscode-activity-provider I] Executed notify-codespace-of-client-activity using gRPC
[Client:extension:dba4:resolver:resolve:1:background-tasks:activity-monitor:vscode-activity-provider I] Activity signal sent with result true
[Performance I] Executed get-performance-data using gRPC
[Performance I] Executed get-performance-data using gRPC
[Performance I] Executed get-performance-data using gRPC
[Performance I] Executed get-performance-data using gRPC
[Client:extension:dba4:resolver I] Received event: DevContainerConfigChanged
[Client:extension:dba4:resolver:resolve:1:background-tasks I] asking user if they want to rebuild> object #0: "Rebuild Now"
[Client:extension:dba4:resolver:resolve:1:background-tasks:activity-monitor:vscode-activity-provider V] sending activity heartbeat
[Client:extension:dba4:resolver:resolve:1:background-tasks:activity-monitor:vscode-activity-provider I] Executed notify-codespace-of-client-activity using gRPC
[Client:extension:dba4:resolver:resolve:1:background-tasks:activity-monitor:vscode-activity-provider I] Activity signal sent with result true
[Performance I] Executed get-performance-data using gRPC
[Performance I] Executed get-performance-data using gRPC
[Performance I] Executed get-performance-data using gRPC
[Client:extension:dba4:resolver I] Received event: DevContainerConfigChanged
[Client:extension:dba4:resolver:resolve:1:background-tasks:activity-monitor:vscode-activity-provider V] sending activity heartbeat
[Client:extension:dba4:resolver:resolve:1:background-tasks:activity-monitor:vscode-activity-provider I] Executed notify-codespace-of-client-activity using gRPC
[Client:extension:dba4:resolver:resolve:1:background-tasks:activity-monitor:vscode-activity-provider I] Activity signal sent with result true
[Performance I] Executed get-performance-data using gRPC
[Performance I] Executed get-performance-data using gRPC
[Performance I] Executed get-performance-data using gRPC
[Performance I] Executed get-performance-data using gRPC
[Client:extension:dba4:resolver:resolve:1:background-tasks:activity-monitor:vscode-activity-provider V] sending activity heartbeat
[Client:extension:dba4:resolver:resolve:1:background-tasks:activity-monitor:vscode-activity-provider I] Executed notify-codespace-of-client-activity using gRPC
[Client:extension:dba4:resolver:resolve:1:background-tasks:activity-monitor:vscode-activity-provider I] Activity signal sent with result true
