2025-03-19 05:11:16.700 [info] Reading sessions from keychain...
2025-03-19 05:11:16.700 [info] Getting sessions for all scopes...
2025-03-19 05:11:16.700 [info] Getting sessions for all scopes...
2025-03-19 05:11:16.700 [info] Getting sessions for all scopes...
2025-03-19 05:11:16.702 [info] Getting sessions for user:email...
2025-03-19 05:11:16.703 [info] Getting sessions for all scopes...
2025-03-19 05:11:16.703 [info] Getting sessions for all scopes...
2025-03-19 05:11:16.703 [info] Getting sessions for all scopes...
2025-03-19 05:11:16.703 [info] Getting sessions for all scopes...
2025-03-19 05:11:16.703 [info] Getting sessions for all scopes...
2025-03-19 05:11:16.704 [info] Got stored sessions!
2025-03-19 05:11:16.704 [info] Got 6 verified sessions.
2025-03-19 05:11:16.704 [info] Got 6 sessions for ...
2025-03-19 05:11:16.705 [info] Got 6 sessions for ...
2025-03-19 05:11:16.705 [info] Got 6 sessions for ...
2025-03-19 05:11:16.705 [info] Got 1 sessions for user:email...
2025-03-19 05:11:16.705 [info] Got 6 sessions for ...
2025-03-19 05:11:16.705 [info] Got 6 sessions for ...
2025-03-19 05:11:16.705 [info] Got 6 sessions for ...
2025-03-19 05:11:16.705 [info] Got 6 sessions for ...
2025-03-19 05:11:16.705 [info] Got 6 sessions for ...
2025-03-19 05:11:16.803 [info] Getting sessions for codespace,read:user,repo,user:email...
2025-03-19 05:11:16.803 [info] Getting sessions for all scopes...
2025-03-19 05:11:16.803 [info] Getting sessions for all scopes...
2025-03-19 05:11:16.803 [info] Getting sessions for all scopes...
2025-03-19 05:11:16.803 [info] Got 1 sessions for codespace,read:user,repo,user:email...
2025-03-19 05:11:16.803 [info] Got 6 sessions for ...
2025-03-19 05:11:16.803 [info] Got 6 sessions for ...
2025-03-19 05:11:16.803 [info] Got 6 sessions for ...
2025-03-19 05:11:16.898 [info] Getting sessions for all scopes...
2025-03-19 05:11:16.898 [info] Got 6 sessions for ...
2025-03-19 05:11:17.263 [info] Getting sessions for all scopes...
2025-03-19 05:11:17.264 [info] Got 6 sessions for ...
2025-03-19 05:11:19.185 [info] Getting sessions for read:user,repo,user:email,workflow...
2025-03-19 05:11:19.185 [info] Getting sessions for all scopes...
2025-03-19 05:11:19.185 [info] Got 1 sessions for read:user,repo,user:email,workflow...
2025-03-19 05:11:19.187 [info] Got 6 sessions for ...
2025-03-19 05:11:20.048 [info] Getting sessions for all scopes...
2025-03-19 05:11:20.049 [info] Got 6 sessions for ...
2025-03-19 05:11:20.270 [info] Getting sessions for read:user,repo,user:email,workflow...
2025-03-19 05:11:20.270 [info] Getting sessions for all scopes...
2025-03-19 05:11:20.270 [info] Got 1 sessions for read:user,repo,user:email,workflow...
2025-03-19 05:11:20.270 [info] Got 6 sessions for ...
2025-03-19 05:11:20.411 [info] Getting sessions for project,read:org,read:user,repo,user:email,workflow...
2025-03-19 05:11:20.411 [info] Getting sessions for all scopes...
2025-03-19 05:11:20.411 [info] Getting sessions for all scopes...
2025-03-19 05:11:20.411 [info] Got 0 sessions for project,read:org,read:user,repo,user:email,workflow...
2025-03-19 05:11:20.411 [info] Got 6 sessions for ...
2025-03-19 05:11:20.415 [info] Got 6 sessions for ...
2025-03-19 05:11:23.658 [info] Getting sessions for read:user,repo,user:email,workflow...
2025-03-19 05:11:23.658 [info] Getting sessions for read:user,repo,user:email,workflow...
2025-03-19 05:11:23.658 [info] Got 1 sessions for read:user,repo,user:email,workflow...
2025-03-19 05:11:23.658 [info] Got 1 sessions for read:user,repo,user:email,workflow...
2025-03-19 05:11:24.835 [info] Getting sessions for read:user,repo,user:email,workflow...
2025-03-19 05:11:24.836 [info] Got 1 sessions for read:user,repo,user:email,workflow...
2025-03-19 05:11:30.394 [info] Getting sessions for read:user,repo,user:email,workflow...
2025-03-19 05:11:30.396 [info] Got 1 sessions for read:user,repo,user:email,workflow...
2025-03-19 05:11:32.845 [info] Getting sessions for all scopes...
2025-03-19 05:11:32.845 [info] Got 6 sessions for ...
2025-03-19 05:11:38.904 [info] Getting sessions for read:user,repo,user:email,workflow...
2025-03-19 05:11:38.905 [info] Getting sessions for read:user,repo,user:email,workflow...
2025-03-19 05:11:38.905 [info] Got 1 sessions for read:user,repo,user:email,workflow...
2025-03-19 05:11:38.905 [info] Got 1 sessions for read:user,repo,user:email,workflow...
2025-03-19 05:11:43.441 [info] Getting sessions for read:user,repo,user:email,workflow...
2025-03-19 05:11:43.441 [info] Got 1 sessions for read:user,repo,user:email,workflow...
2025-03-19 05:26:30.750 [info] Getting sessions for all scopes...
2025-03-19 05:26:30.750 [info] Got 6 sessions for ...
2025-03-19 05:26:31.052 [info] Getting sessions for read:user,repo,user:email,workflow...
2025-03-19 05:26:31.052 [info] Got 1 sessions for read:user,repo,user:email,workflow...
2025-03-19 05:26:31.346 [info] Getting sessions for all scopes...
2025-03-19 05:26:31.347 [info] Got 6 sessions for ...
2025-03-19 05:26:31.646 [info] Getting sessions for read:user,repo,user:email,workflow...
2025-03-19 05:26:31.646 [info] Got 1 sessions for read:user,repo,user:email,workflow...
