2025-03-16 12:26:56.516 [warning] /home/vscode/.ssh/config: ENOENT: no such file or directory, open '/home/vscode/.ssh/config'
2025-03-16 12:26:56.517 [info] [Activation] Extension version: 0.106.0
2025-03-16 12:26:59.785 [info] [Activation] Looking for git repository
2025-03-16 12:26:59.785 [info] [Activation] Found 0 repositories during activation
2025-03-16 12:26:59.785 [info] [Activation] Git repository found, initializing review manager and pr tree view.
2025-03-16 12:26:59.819 [info] [GitAPI] Registering git provider
2025-03-16 12:26:59.819 [info] [Review+0] Validate state in progress
2025-03-16 12:26:59.819 [info] [Review+0] Validating state...
2025-03-16 12:26:59.819 [info] [Review+1] Validate state in progress
2025-03-16 12:26:59.819 [info] [Review+1] Validating state...
2025-03-16 12:26:59.819 [info] [Review+2] Validate state in progress
2025-03-16 12:26:59.821 [info] [Review+2] Validating state...
2025-03-16 12:26:59.823 [warning] No remotes found. The following remotes are missing: origin, upstream
2025-03-16 12:26:59.825 [info] [FolderRepositoryManager+0] No GitHub remotes found for folder /home/vscode/environment
2025-03-16 12:27:00.133 [info] [FolderRepositoryManager+1] Found GitHub remote for folder /home/vscode/.oh-my-zsh
2025-03-16 12:27:00.134 [info] [FolderRepositoryManager+2] Found GitHub remote for folder /home/vscode/.nodenv
2025-03-16 12:27:01.465 [info] [Review+0] Queuing additional validate state
2025-03-16 12:27:01.466 [info] [Activation] Repo state for file:///home/vscode/environment changed.
2025-03-16 12:27:01.466 [info] [Activation] Repo file:///home/vscode/environment has already been setup.
2025-03-16 12:27:02.754 [info] [Review+0] Validating state...
2025-03-16 12:27:03.044 [info] [Activation] Repo state for file:///home/vscode/.nodenv changed.
2025-03-16 12:27:03.045 [info] [Activation] Repo file:///home/vscode/.nodenv has already been setup.
2025-03-16 12:27:03.234 [info] [FolderRepositoryManager+0] Found GitHub remote for folder /home/vscode/environment
2025-03-16 12:27:04.204 [info] [FolderRepositoryManager+2] Trying to use globalState for assignableUsers.
2025-03-16 12:27:04.274 [info] [FolderRepositoryManager+1] Trying to use globalState for assignableUsers.
2025-03-16 12:27:05.127 [info] [Review+1] No matching pull request metadata found locally for current branch master
2025-03-16 12:27:05.146 [info] [Review+2] No matching pull request metadata found locally for current branch main
2025-03-16 12:27:05.153 [info] [Activation] Repo state for file:///home/vscode/.oh-my-zsh changed.
2025-03-16 12:27:05.153 [info] [Activation] Repo file:///home/vscode/.oh-my-zsh has already been setup.
2025-03-16 12:27:06.326 [info] [FolderRepositoryManager+2] GlobalState does not exist for assignableUsers.
2025-03-16 12:27:06.335 [info] [FolderRepositoryManager+1] GlobalState does not exist for assignableUsers.
2025-03-16 12:27:07.878 [info] [Review+2] No matching pull request metadata found on GitHub for current branch main
2025-03-16 12:27:08.023 [info] [Review+0] Validate state in progress
2025-03-16 12:27:08.023 [info] [Review+0] Validating state...
2025-03-16 12:27:08.064 [info] [Review+0] No matching pull request metadata found locally for current branch main
2025-03-16 12:27:08.065 [info] [Review+0] No matching pull request metadata found on GitHub for current branch main
2025-03-16 12:27:15.107 [info] [FolderRepositoryManager+0] Found GitHub remote for folder /home/vscode/environment
2025-03-16 12:27:15.109 [info] [FolderRepositoryManager+0] Found GitHub remote for folder /home/vscode/environment
2025-03-16 12:27:15.224 [info] [Review+1] No matching pull request metadata found on GitHub for current branch master
2025-03-16 12:27:16.093 [info] [FolderRepositoryManager+0] Trying to use globalState for assignableUsers.
2025-03-16 12:27:16.093 [info] [FolderRepositoryManager+0] Trying to use globalState for assignableUsers.
2025-03-16 12:27:16.163 [info] [Review+0] No matching pull request metadata found locally for current branch main
2025-03-16 12:27:17.511 [info] [FolderRepositoryManager+0] No globalState for assignableUsers.
2025-03-16 12:27:17.522 [info] [FolderRepositoryManager+0] No globalState for assignableUsers.
2025-03-16 12:27:18.859 [info] [Review+0] No matching pull request metadata found on GitHub for current branch main
