2025-03-19 06:53:59.596 [info] Reading sessions from keychain...
2025-03-19 06:53:59.602 [info] Getting sessions for all scopes...
2025-03-19 06:53:59.602 [info] Getting sessions for all scopes...
2025-03-19 06:53:59.602 [info] Getting sessions for all scopes...
2025-03-19 06:53:59.602 [info] Getting sessions for user:email...
2025-03-19 06:53:59.602 [info] Getting sessions for all scopes...
2025-03-19 06:53:59.602 [info] Getting sessions for all scopes...
2025-03-19 06:53:59.602 [info] Getting sessions for all scopes...
2025-03-19 06:53:59.602 [info] Getting sessions for all scopes...
2025-03-19 06:53:59.602 [info] Getting sessions for all scopes...
2025-03-19 06:53:59.602 [info] Got stored sessions!
2025-03-19 06:53:59.602 [info] Got 6 verified sessions.
2025-03-19 06:53:59.602 [info] Got 6 sessions for ...
2025-03-19 06:53:59.602 [info] Got 6 sessions for ...
2025-03-19 06:53:59.602 [info] Got 6 sessions for ...
2025-03-19 06:53:59.602 [info] Got 1 sessions for user:email...
2025-03-19 06:53:59.602 [info] Got 6 sessions for ...
2025-03-19 06:53:59.602 [info] Got 6 sessions for ...
2025-03-19 06:53:59.602 [info] Got 6 sessions for ...
2025-03-19 06:53:59.602 [info] Got 6 sessions for ...
2025-03-19 06:53:59.602 [info] Got 6 sessions for ...
2025-03-19 06:53:59.890 [info] Getting sessions for codespace,read:user,repo,user:email...
2025-03-19 06:53:59.890 [info] Getting sessions for all scopes...
2025-03-19 06:53:59.890 [info] Got 1 sessions for codespace,read:user,repo,user:email...
2025-03-19 06:53:59.890 [info] Got 6 sessions for ...
2025-03-19 06:54:00.059 [info] Getting sessions for all scopes...
2025-03-19 06:54:00.059 [info] Got 6 sessions for ...
2025-03-19 06:54:01.551 [info] Getting sessions for all scopes...
2025-03-19 06:54:01.552 [info] Got 6 sessions for ...
2025-03-19 06:54:01.797 [info] Getting sessions for all scopes...
2025-03-19 06:54:01.797 [info] Got 6 sessions for ...
2025-03-19 06:54:02.940 [info] Getting sessions for all scopes...
2025-03-19 06:54:02.941 [info] Got 6 sessions for ...
2025-03-19 06:54:03.364 [info] Getting sessions for read:user,repo,user:email,workflow...
2025-03-19 06:54:03.364 [info] Getting sessions for all scopes...
2025-03-19 06:54:03.364 [info] Got 1 sessions for read:user,repo,user:email,workflow...
2025-03-19 06:54:03.364 [info] Got 6 sessions for ...
2025-03-19 06:54:03.521 [info] Getting sessions for all scopes...
2025-03-19 06:54:03.521 [info] Getting sessions for all scopes...
2025-03-19 06:54:03.521 [info] Getting sessions for project,read:org,read:user,repo,user:email,workflow...
2025-03-19 06:54:03.521 [info] Got 6 sessions for ...
2025-03-19 06:54:03.521 [info] Got 6 sessions for ...
2025-03-19 06:54:03.521 [info] Got 0 sessions for project,read:org,read:user,repo,user:email,workflow...
2025-03-19 06:54:04.053 [info] Getting sessions for read:user,repo,user:email,workflow...
2025-03-19 06:54:04.053 [info] Getting sessions for read:user,repo,user:email,workflow...
2025-03-19 06:54:04.053 [info] Got 1 sessions for read:user,repo,user:email,workflow...
2025-03-19 06:54:04.053 [info] Got 1 sessions for read:user,repo,user:email,workflow...
2025-03-19 06:54:04.595 [info] Getting sessions for all scopes...
2025-03-19 06:54:04.596 [info] Getting sessions for all scopes...
2025-03-19 06:54:04.598 [info] Got 6 sessions for ...
2025-03-19 06:54:04.598 [info] Got 6 sessions for ...
2025-03-19 06:54:06.942 [info] Getting sessions for read:user,repo,user:email,workflow...
2025-03-19 06:54:06.942 [info] Got 1 sessions for read:user,repo,user:email,workflow...
2025-03-19 06:54:08.213 [info] Getting sessions for read:user,repo,user:email,workflow...
2025-03-19 06:54:08.213 [info] Got 1 sessions for read:user,repo,user:email,workflow...
2025-03-19 07:09:08.015 [info] Getting sessions for all scopes...
2025-03-19 07:09:08.015 [info] Got 6 sessions for ...
2025-03-19 07:09:08.295 [info] Getting sessions for read:user,repo,user:email,workflow...
2025-03-19 07:09:08.295 [info] Got 1 sessions for read:user,repo,user:email,workflow...
2025-03-19 07:09:08.569 [info] Getting sessions for all scopes...
2025-03-19 07:09:08.569 [info] Got 6 sessions for ...
2025-03-19 07:09:08.846 [info] Getting sessions for read:user,repo,user:email,workflow...
2025-03-19 07:09:08.846 [info] Got 1 sessions for read:user,repo,user:email,workflow...
