2025-03-19 10:43:46.761 [info] [main] ログ レベル: Info
2025-03-19 10:43:46.761 [info] [main] Git の検証が検出されました: "git"
2025-03-19 10:43:46.761 [info] [main] "git" から Git "2.47.1" を使用しています
2025-03-19 10:43:46.761 [info] [Model][doInitialScan] Initial repository scan started
2025-03-19 10:43:46.844 [warning] [Model][traverseWorkspaceFolder] Unable to read workspace folder '/root': Error: EACCES: permission denied, scandir '/root'
2025-03-19 10:43:50.009 [info] > git rev-parse --show-toplevel [3335ms]
2025-03-19 10:43:50.009 [info] fatal: not a git repository (or any of the parent directories): .git
2025-03-19 10:43:50.030 [info] > git rev-parse --show-toplevel [10ms]
2025-03-19 10:43:50.054 [info] > git rev-parse --git-dir --git-common-dir [12ms]
2025-03-19 10:43:50.075 [info] [Model][openRepository] Opened repository: /workspaces/path-study-environment
2025-03-19 10:43:50.095 [info] > git rev-parse --show-toplevel [4ms]
2025-03-19 10:43:50.095 [info] fatal: not a git repository (or any of the parent directories): .git
2025-03-19 10:43:50.096 [info] > git config --get commit.template [10ms]
2025-03-19 10:43:50.116 [info] > git rev-parse --show-toplevel [13ms]
2025-03-19 10:43:50.116 [info] fatal: not a git repository (or any of the parent directories): .git
2025-03-19 10:43:50.410 [info] > git rev-parse --show-toplevel [287ms]
2025-03-19 10:43:50.410 [info] fatal: not a git repository (or any of the parent directories): .git
2025-03-19 10:43:50.410 [info] > git for-each-ref --format=%(refname)%00%(upstream:short)%00%(objectname)%00%(upstream:track)%00%(upstream:remotename)%00%(upstream:remoteref) refs/heads/main refs/remotes/main [296ms]
2025-03-19 10:43:50.664 [info] > git rev-parse --show-toplevel [244ms]
2025-03-19 10:43:50.664 [info] fatal: not a git repository (or any parent up to mount point /)
Stopping at filesystem boundary (GIT_DISCOVERY_ACROSS_FILESYSTEM not set).
2025-03-19 10:43:50.770 [info] > git rev-parse --show-toplevel [88ms]
2025-03-19 10:43:50.770 [info] fatal: not a git repository (or any of the parent directories): .git
2025-03-19 10:43:50.818 [info] > git rev-parse --show-toplevel [35ms]
2025-03-19 10:43:50.818 [info] fatal: not a git repository (or any of the parent directories): .git
2025-03-19 10:43:50.821 [info] > git for-each-ref --sort -committerdate --format %(refname) %(objectname) %(*objectname) [94ms]
2025-03-19 10:43:51.246 [info] > git status -z -uall [531ms]
2025-03-19 10:43:51.246 [info] > git check-ignore -v -z --stdin [108ms]
2025-03-19 10:43:51.248 [info] > git rev-parse --show-toplevel [122ms]
2025-03-19 10:43:51.248 [info] fatal: not a git repository (or any of the parent directories): .git
2025-03-19 10:43:51.332 [info] > git for-each-ref --format=%(refname)%00%(upstream:short)%00%(objectname)%00%(upstream:track)%00%(upstream:remotename)%00%(upstream:remoteref) refs/heads/main refs/remotes/main [67ms]
2025-03-19 10:43:51.362 [info] > git config --get --local branch.main.vscode-merge-base [17ms]
2025-03-19 10:43:51.369 [info] > git config --get commit.template [68ms]
2025-03-19 10:43:51.369 [info] > git rev-parse --show-toplevel [86ms]
2025-03-19 10:43:51.369 [info] fatal: not a git repository (or any of the parent directories): .git
2025-03-19 10:43:51.381 [info] > git for-each-ref --format=%(refname)%00%(upstream:short)%00%(objectname)%00%(upstream:track)%00%(upstream:remotename)%00%(upstream:remoteref) refs/heads/origin/main refs/remotes/origin/main [13ms]
2025-03-19 10:43:51.399 [info] > git rev-parse --show-toplevel [21ms]
2025-03-19 10:43:51.399 [info] fatal: not a git repository (or any of the parent directories): .git
2025-03-19 10:43:51.405 [info] > git for-each-ref --format=%(refname)%00%(upstream:short)%00%(objectname)%00%(upstream:track)%00%(upstream:remotename)%00%(upstream:remoteref) refs/heads/main refs/remotes/main [8ms]
2025-03-19 10:43:51.405 [info] > git merge-base refs/heads/main refs/remotes/origin/main [18ms]
2025-03-19 10:43:51.421 [info] > git diff --name-status -z --diff-filter=ADMR b94a4699e5d96bc3c2146c939ddcf1760e1c472e...refs/remotes/origin/main [10ms]
2025-03-19 10:43:51.437 [info] > git rev-parse --show-toplevel [17ms]
2025-03-19 10:43:51.437 [info] fatal: not a git repository (or any parent up to mount point /)
Stopping at filesystem boundary (GIT_DISCOVERY_ACROSS_FILESYSTEM not set).
2025-03-19 10:43:51.438 [info] > git status -z -uall [8ms]
2025-03-19 10:43:51.445 [info] > git for-each-ref --sort -committerdate --format %(refname) %(objectname) %(*objectname) [10ms]
2025-03-19 10:43:51.448 [info] > git rev-parse --show-toplevel [4ms]
2025-03-19 10:43:51.448 [info] fatal: not a git repository (or any of the parent directories): .git
2025-03-19 10:43:51.458 [info] > git rev-parse --show-toplevel [2ms]
2025-03-19 10:43:51.458 [info] fatal: not a git repository (or any of the parent directories): .git
2025-03-19 10:43:51.465 [info] > git rev-parse --show-toplevel [2ms]
2025-03-19 10:43:51.465 [info] fatal: not a git repository (or any parent up to mount point /)
Stopping at filesystem boundary (GIT_DISCOVERY_ACROSS_FILESYSTEM not set).
2025-03-19 10:43:51.478 [info] > git rev-parse --show-toplevel [5ms]
2025-03-19 10:43:51.478 [info] fatal: not a git repository (or any parent up to mount point /)
Stopping at filesystem boundary (GIT_DISCOVERY_ACROSS_FILESYSTEM not set).
2025-03-19 10:43:51.508 [info] > git rev-parse --show-toplevel [22ms]
2025-03-19 10:43:51.508 [info] fatal: not a git repository (or any of the parent directories): .git
2025-03-19 10:43:51.519 [info] > git rev-parse --show-toplevel [2ms]
2025-03-19 10:43:51.519 [info] fatal: not a git repository (or any of the parent directories): .git
2025-03-19 10:43:51.526 [info] > git rev-parse --show-toplevel [2ms]
2025-03-19 10:43:51.526 [info] fatal: not a git repository (or any parent up to mount point /)
Stopping at filesystem boundary (GIT_DISCOVERY_ACROSS_FILESYSTEM not set).
2025-03-19 10:43:51.538 [info] > git rev-parse --show-toplevel [5ms]
2025-03-19 10:43:51.538 [info] fatal: not a git repository (or any parent up to mount point /)
Stopping at filesystem boundary (GIT_DISCOVERY_ACROSS_FILESYSTEM not set).
2025-03-19 10:43:51.540 [info] [Model][doInitialScan] Initial repository scan completed - repositories (1), closed repositories (0), parent repositories (0), unsafe repositories (0)
2025-03-19 10:43:51.563 [info] > git show --textconv :environment /index.html [17ms]
2025-03-19 10:43:51.563 [info] > git ls-files --stage -- environment /index.html [11ms]
2025-03-19 10:43:51.592 [info] > git hash-object -t tree /dev/null [24ms]
2025-03-19 10:43:51.592 [warning] [GitFileSystemProvider][stat] File not found - git:/workspaces/path-study-environment/environment%20/index.html.git?%7B%22path%22%3A%22%2Fworkspaces%2Fpath-study-environment%2Fenvironment%20%2Findex.html%22%2C%22ref%22%3A%22%22%7D
2025-03-19 10:43:51.601 [info] > git rev-parse --show-toplevel [39ms]
2025-03-19 10:43:51.601 [info] fatal: not a git repository (or any of the parent directories): .git
2025-03-19 10:43:51.693 [info] > git hash-object -t tree /dev/null [117ms]
2025-03-19 10:43:51.693 [warning] [GitFileSystemProvider][readFile] File not found - git:/workspaces/path-study-environment/environment%20/index.html.git?%7B%22path%22%3A%22%2Fworkspaces%2Fpath-study-environment%2Fenvironment%20%2Findex.html%22%2C%22ref%22%3A%22%22%7D
2025-03-19 10:43:51.700 [info] > git config --get commit.template [91ms]
2025-03-19 10:43:51.720 [info] > git for-each-ref --format=%(refname)%00%(upstream:short)%00%(objectname)%00%(upstream:track)%00%(upstream:remotename)%00%(upstream:remoteref) refs/heads/main refs/remotes/main [11ms]
2025-03-19 10:43:51.755 [info] > git status -z -uall [12ms]
2025-03-19 10:43:51.757 [info] > git for-each-ref --sort -committerdate --format %(refname) %(objectname) %(*objectname) [8ms]
2025-03-19 10:43:59.237 [info] > git blame --root --incremental b94a4699e5d96bc3c2146c939ddcf1760e1c472e -- environment /index.html [17ms]
2025-03-19 10:43:59.237 [info] fatal: no such path environment /index.html in b94a4699e5d96bc3c2146c939ddcf1760e1c472e
2025-03-19 10:44:00.745 [info] > git config --get --local branch.main.github-pr-owner-number [225ms]
2025-03-19 10:44:00.745 [warning] [Git][config] git config failed: Failed to execute git
