2025-03-17 23:43:38.601 [warning] /home/vscode/.ssh/config: ENOENT: no such file or directory, open '/home/vscode/.ssh/config'
2025-03-17 23:43:38.601 [info] [Activation] Extension version: 0.106.0
2025-03-17 23:43:42.377 [info] [Activation] Looking for git repository
2025-03-17 23:43:42.377 [info] [Activation] Found 0 repositories during activation
2025-03-17 23:43:42.377 [info] [Activation] Git repository found, initializing review manager and pr tree view.
2025-03-17 23:43:42.390 [info] [GitAPI] Registering git provider
2025-03-17 23:43:42.401 [info] [Activation] Repo state for file:///home/vscode/.nodenv changed.
2025-03-17 23:43:42.401 [info] [Activation] Repo file:///home/vscode/.nodenv has already been setup.
2025-03-17 23:43:42.586 [info] [Activation] Git initialization state changed: state=initialized
2025-03-17 23:43:42.586 [info] [Review+0] Validate state in progress
2025-03-17 23:43:42.586 [info] [Review+0] Validating state...
2025-03-17 23:43:42.586 [info] [Review+1] Validate state in progress
2025-03-17 23:43:42.586 [info] [Review+1] Validating state...
2025-03-17 23:43:42.586 [info] [Review+2] Validate state in progress
2025-03-17 23:43:42.586 [info] [Review+2] Validating state...
2025-03-17 23:43:42.587 [warning] No remotes found. The following remotes are missing: origin, upstream
2025-03-17 23:43:42.587 [info] [FolderRepositoryManager+1] No GitHub remotes found for folder /home/vscode/.oh-my-zsh
2025-03-17 23:43:42.682 [info] [FolderRepositoryManager+0] Found GitHub remote for folder /home/vscode/environment
2025-03-17 23:43:42.682 [info] [FolderRepositoryManager+2] Found GitHub remote for folder /home/vscode/.nodenv
2025-03-17 23:43:43.054 [info] [Review+1] Queuing additional validate state
2025-03-17 23:43:43.054 [info] [Activation] Repo state for file:///home/vscode/.oh-my-zsh changed.
2025-03-17 23:43:43.054 [info] [Activation] Repo file:///home/vscode/.oh-my-zsh has already been setup.
2025-03-17 23:43:45.640 [info] [Review+1] Validating state...
2025-03-17 23:43:45.660 [info] [Activation] Repo state for file:///home/vscode/environment changed.
2025-03-17 23:43:45.660 [info] [Activation] Repo file:///home/vscode/environment has already been setup.
2025-03-17 23:43:45.983 [info] [FolderRepositoryManager+2] Trying to use globalState for assignableUsers.
2025-03-17 23:43:46.048 [info] [FolderRepositoryManager+1] Found GitHub remote for folder /home/vscode/.oh-my-zsh
2025-03-17 23:43:46.060 [info] [FolderRepositoryManager+0] Trying to use globalState for assignableUsers.
2025-03-17 23:43:46.160 [info] [Review+2] No matching pull request metadata found locally for current branch main
2025-03-17 23:43:46.637 [info] [Review+0] No matching pull request metadata found locally for current branch main
2025-03-17 23:43:47.432 [info] [FolderRepositoryManager+2] Using globalState assignableUsers for 1.
2025-03-17 23:43:47.438 [info] [FolderRepositoryManager+0] Using globalState assignableUsers for 2.
2025-03-17 23:43:47.746 [info] [FolderRepositoryManager+1] Trying to use globalState for assignableUsers.
2025-03-17 23:43:47.771 [info] [Review+2] No matching pull request metadata found on GitHub for current branch main
2025-03-17 23:43:47.780 [info] [Review+1] No matching pull request metadata found locally for current branch master
2025-03-17 23:43:48.550 [info] [Review+0] No matching pull request metadata found on GitHub for current branch main
2025-03-17 23:43:48.912 [info] [FolderRepositoryManager+1] Using globalState assignableUsers for 1.
2025-03-17 23:43:52.464 [info] [Review+1] No matching pull request metadata found on GitHub for current branch master
2025-03-18 00:21:45.005 [info] [GitAPI] Repository file:///home/vscode has been opened
2025-03-18 00:21:45.005 [info] [Review+3] Validate state in progress
2025-03-18 00:21:45.005 [info] [Review+3] Validating state...
2025-03-18 00:21:45.006 [warning] No remotes found. The following remotes are missing: origin, upstream
2025-03-18 00:21:45.006 [info] [FolderRepositoryManager+3] No GitHub remotes found for folder /home/vscode
2025-03-18 00:21:45.375 [info] [Review+3] Queuing additional validate state
2025-03-18 00:21:45.376 [info] [Activation] Repo state for file:///home/vscode changed.
2025-03-18 00:21:45.376 [info] [Activation] Repo file:///home/vscode has already been setup.
2025-03-18 00:21:49.713 [info] [Review+3] Validating state...
2025-03-18 00:21:49.714 [warning] No remotes found. The following remotes are missing: origin, upstream
2025-03-18 00:21:49.714 [info] [FolderRepositoryManager+3] No GitHub remotes found for folder /home/vscode
2025-03-18 00:21:49.729 [info] [Review+3] No matching pull request metadata found locally for current branch main
2025-03-18 00:21:49.738 [info] [Review+3] No matching pull request metadata found on GitHub for current branch main
2025-03-18 00:41:37.485 [info] [Review+0] Validate state in progress
2025-03-18 00:41:37.485 [info] [Review+0] Validating state...
2025-03-18 00:41:37.723 [info] [FolderRepositoryManager+0] Found GitHub remote for folder /home/vscode/environment
2025-03-18 00:41:37.724 [info] [FolderRepositoryManager+0] Using in-memory cached assignable users.
2025-03-18 00:41:37.735 [info] [Review+0] No matching pull request metadata found locally for current branch main
2025-03-18 00:41:38.889 [info] [Review+0] No matching pull request metadata found on GitHub for current branch main
