2025-03-19 06:24:23.392 [warning] /home/vscode/.ssh/config: ENOENT: no such file or directory, open '/home/vscode/.ssh/config'
2025-03-19 06:24:23.392 [info] [Activation] Extension version: 0.106.0
2025-03-19 06:24:25.047 [info] [Activation] Looking for git repository
2025-03-19 06:24:25.047 [info] [Activation] Found 0 repositories during activation
2025-03-19 06:24:25.047 [info] [Activation] Git repository found, initializing review manager and pr tree view.
2025-03-19 06:24:25.052 [info] [GitAPI] Registering git provider
2025-03-19 06:24:25.052 [info] [Review+0] Validate state in progress
2025-03-19 06:24:25.052 [info] [Review+0] Validating state...
2025-03-19 06:24:25.052 [info] [Review+1] Validate state in progress
2025-03-19 06:24:25.052 [info] [Review+1] Validating state...
2025-03-19 06:24:25.052 [info] [Review+2] Validate state in progress
2025-03-19 06:24:25.052 [info] [Review+2] Validating state...
2025-03-19 06:24:25.052 [info] [Review+3] Validate state in progress
2025-03-19 06:24:25.052 [info] [Review+3] Validating state...
2025-03-19 06:24:25.053 [warning] No remotes found. The following remotes are missing: origin, upstream
2025-03-19 06:24:25.053 [info] [FolderRepositoryManager+3] No GitHub remotes found for folder /home/vscode
2025-03-19 06:24:25.104 [info] [Review+3] No matching pull request metadata found locally for current branch main
2025-03-19 06:24:25.340 [info] [FolderRepositoryManager+0] Found GitHub remote for folder /home/vscode/environment
2025-03-19 06:24:25.341 [info] [FolderRepositoryManager+1] Found GitHub remote for folder /home/vscode/.oh-my-zsh
2025-03-19 06:24:25.341 [info] [FolderRepositoryManager+2] Found GitHub remote for folder /home/vscode/.nodenv
2025-03-19 06:24:25.361 [info] [Review+3] No matching pull request metadata found on GitHub for current branch main
2025-03-19 06:24:25.394 [info] [Activation] Repo state for file:///home/vscode changed.
2025-03-19 06:24:25.395 [info] [Activation] Repo file:///home/vscode has already been setup.
2025-03-19 06:24:25.399 [info] [Activation] Repo state for file:///home/vscode/.nodenv changed.
2025-03-19 06:24:25.399 [info] [Activation] Repo file:///home/vscode/.nodenv has already been setup.
2025-03-19 06:24:25.403 [info] [Activation] Repo state for file:///home/vscode/.oh-my-zsh changed.
2025-03-19 06:24:25.403 [info] [Activation] Repo file:///home/vscode/.oh-my-zsh has already been setup.
2025-03-19 06:24:25.430 [info] [Activation] Repo state for file:///home/vscode/environment changed.
2025-03-19 06:24:25.430 [info] [Activation] Repo file:///home/vscode/environment has already been setup.
2025-03-19 06:24:27.311 [info] [FolderRepositoryManager+2] Trying to use globalState for assignableUsers.
2025-03-19 06:24:27.320 [info] [FolderRepositoryManager+0] Trying to use globalState for assignableUsers.
2025-03-19 06:24:27.332 [info] [FolderRepositoryManager+1] Trying to use globalState for assignableUsers.
2025-03-19 06:24:27.424 [info] [Review+0] No matching pull request metadata found locally for current branch main
2025-03-19 06:24:27.429 [info] [Review+2] No matching pull request metadata found locally for current branch main
2025-03-19 06:24:27.664 [info] [Review+1] No matching pull request metadata found locally for current branch master
2025-03-19 06:24:27.806 [info] [FolderRepositoryManager+2] Using globalState assignableUsers for 1.
2025-03-19 06:24:27.809 [info] [FolderRepositoryManager+0] Using globalState assignableUsers for 2.
2025-03-19 06:24:27.812 [info] [FolderRepositoryManager+1] Using globalState assignableUsers for 1.
2025-03-19 06:24:28.374 [info] [Review+2] No matching pull request metadata found on GitHub for current branch main
2025-03-19 06:24:28.393 [info] [Review+0] No matching pull request metadata found on GitHub for current branch main
2025-03-19 06:24:30.913 [info] [Review+1] No matching pull request metadata found on GitHub for current branch master
