2025-03-17 23:42:25.300 [info] Reading sessions from keychain...
2025-03-17 23:42:25.300 [info] Getting sessions for all scopes...
2025-03-17 23:42:25.300 [info] Getting sessions for all scopes...
2025-03-17 23:42:25.300 [info] Getting sessions for all scopes...
2025-03-17 23:42:25.313 [info] Getting sessions for user:email...
2025-03-17 23:42:25.313 [info] Getting sessions for all scopes...
2025-03-17 23:42:25.313 [info] Getting sessions for all scopes...
2025-03-17 23:42:25.313 [info] Getting sessions for all scopes...
2025-03-17 23:42:25.313 [info] Getting sessions for all scopes...
2025-03-17 23:42:25.313 [info] Getting sessions for all scopes...
2025-03-17 23:42:25.318 [info] Got stored sessions!
2025-03-17 23:42:25.362 [info] Got 6 verified sessions.
2025-03-17 23:42:25.362 [info] Got 6 sessions for ...
2025-03-17 23:42:25.362 [info] Got 6 sessions for ...
2025-03-17 23:42:25.362 [info] Got 6 sessions for ...
2025-03-17 23:42:25.362 [info] Got 1 sessions for user:email...
2025-03-17 23:42:25.362 [info] Got 6 sessions for ...
2025-03-17 23:42:25.362 [info] Got 6 sessions for ...
2025-03-17 23:42:25.362 [info] Got 6 sessions for ...
2025-03-17 23:42:25.363 [info] Got 6 sessions for ...
2025-03-17 23:42:25.363 [info] Got 6 sessions for ...
2025-03-17 23:42:25.455 [info] Getting sessions for codespace,read:user,repo,user:email...
2025-03-17 23:42:25.456 [info] Getting sessions for all scopes...
2025-03-17 23:42:25.456 [info] Getting sessions for all scopes...
2025-03-17 23:42:25.456 [info] Getting sessions for all scopes...
2025-03-17 23:42:25.456 [info] Got 1 sessions for codespace,read:user,repo,user:email...
2025-03-17 23:42:25.456 [info] Got 6 sessions for ...
2025-03-17 23:42:25.456 [info] Got 6 sessions for ...
2025-03-17 23:42:25.456 [info] Got 6 sessions for ...
2025-03-17 23:42:25.543 [info] Getting sessions for all scopes...
2025-03-17 23:42:25.543 [info] Got 6 sessions for ...
2025-03-17 23:42:25.826 [info] Getting sessions for all scopes...
2025-03-17 23:42:25.834 [info] Got 6 sessions for ...
2025-03-17 23:42:26.857 [info] Getting sessions for read:user,repo,user:email,workflow...
2025-03-17 23:42:26.857 [info] Getting sessions for all scopes...
2025-03-17 23:42:26.857 [info] Got 1 sessions for read:user,repo,user:email,workflow...
2025-03-17 23:42:26.858 [info] Got 6 sessions for ...
2025-03-17 23:42:30.420 [info] Getting sessions for all scopes...
2025-03-17 23:42:30.469 [info] Got 6 sessions for ...
2025-03-17 23:42:30.791 [info] Getting sessions for all scopes...
2025-03-17 23:42:30.791 [info] Got 6 sessions for ...
2025-03-17 23:42:31.626 [info] Getting sessions for all scopes...
2025-03-17 23:42:31.626 [info] Getting sessions for all scopes...
2025-03-17 23:42:31.626 [info] Got 6 sessions for ...
2025-03-17 23:42:31.626 [info] Got 6 sessions for ...
2025-03-17 23:42:31.669 [info] Getting sessions for read:user,repo,user:email,workflow...
2025-03-17 23:42:31.669 [info] Got 1 sessions for read:user,repo,user:email,workflow...
2025-03-17 23:42:31.929 [info] Getting sessions for project,read:org,read:user,repo,user:email,workflow...
2025-03-17 23:42:31.929 [info] Got 0 sessions for project,read:org,read:user,repo,user:email,workflow...
2025-03-17 23:42:32.422 [info] Getting sessions for read:user,repo,user:email,workflow...
2025-03-17 23:42:32.422 [info] Got 1 sessions for read:user,repo,user:email,workflow...
2025-03-17 23:42:32.660 [info] Getting sessions for read:user,repo,user:email,workflow...
2025-03-17 23:42:32.660 [info] Getting sessions for read:user,repo,user:email,workflow...
2025-03-17 23:42:32.660 [info] Got 1 sessions for read:user,repo,user:email,workflow...
2025-03-17 23:42:32.660 [info] Got 1 sessions for read:user,repo,user:email,workflow...
2025-03-17 23:42:36.309 [info] Getting sessions for read:user,repo,user:email,workflow...
2025-03-17 23:42:36.309 [info] Got 1 sessions for read:user,repo,user:email,workflow...
2025-03-17 23:42:42.036 [info] Getting sessions for read:user,repo,user:email,workflow...
2025-03-17 23:42:42.036 [info] Got 1 sessions for read:user,repo,user:email,workflow...
2025-03-17 23:42:46.736 [info] Getting sessions for read:user,repo,user:email,workflow...
2025-03-17 23:42:46.736 [info] Got 1 sessions for read:user,repo,user:email,workflow...
2025-03-17 23:42:46.907 [info] Getting sessions for read:user,repo,user:email,workflow...
2025-03-17 23:42:46.908 [info] Got 1 sessions for read:user,repo,user:email,workflow...
2025-03-17 23:42:47.085 [info] Getting sessions for all scopes...
2025-03-17 23:42:47.085 [info] Got 6 sessions for ...
2025-03-17 23:42:48.122 [info] Getting sessions for read:user,repo,user:email,workflow...
2025-03-17 23:42:48.122 [info] Got 1 sessions for read:user,repo,user:email,workflow...
2025-03-18 00:08:51.116 [info] Getting sessions for all scopes...
2025-03-18 00:08:51.118 [info] Got 6 sessions for ...
2025-03-18 00:11:51.072 [info] Getting sessions for read:user,repo,user:email,workflow...
2025-03-18 00:11:51.072 [info] Got 1 sessions for read:user,repo,user:email,workflow...
2025-03-18 00:14:51.088 [info] Getting sessions for all scopes...
2025-03-18 00:14:51.089 [info] Got 6 sessions for ...
2025-03-18 00:17:51.064 [info] Getting sessions for read:user,repo,user:email,workflow...
2025-03-18 00:17:51.064 [info] Got 1 sessions for read:user,repo,user:email,workflow...
2025-03-18 00:36:51.070 [info] Getting sessions for all scopes...
2025-03-18 00:36:51.070 [info] Got 6 sessions for ...
2025-03-18 00:39:51.093 [info] Getting sessions for read:user,repo,user:email,workflow...
2025-03-18 00:39:51.093 [info] Got 1 sessions for read:user,repo,user:email,workflow...
2025-03-18 00:42:51.210 [info] Getting sessions for all scopes...
2025-03-18 00:42:51.210 [info] Got 6 sessions for ...
2025-03-18 00:45:51.089 [info] Getting sessions for read:user,repo,user:email,workflow...
2025-03-18 00:45:51.089 [info] Got 1 sessions for read:user,repo,user:email,workflow...
2025-03-18 01:04:51.114 [info] Getting sessions for all scopes...
2025-03-18 01:04:51.114 [info] Got 6 sessions for ...
2025-03-18 01:06:28.921 [info] Getting sessions for read:user,repo,user:email,workflow...
2025-03-18 01:06:28.921 [info] Got 1 sessions for read:user,repo,user:email,workflow...
