2025-03-19 06:24:20.792 [info] Reading sessions from keychain...
2025-03-19 06:24:20.792 [info] Getting sessions for all scopes...
2025-03-19 06:24:20.792 [info] Getting sessions for all scopes...
2025-03-19 06:24:20.792 [info] Getting sessions for all scopes...
2025-03-19 06:24:20.845 [info] Getting sessions for user:email...
2025-03-19 06:24:20.852 [info] Getting sessions for all scopes...
2025-03-19 06:24:20.853 [info] Getting sessions for all scopes...
2025-03-19 06:24:20.853 [info] Getting sessions for all scopes...
2025-03-19 06:24:20.853 [info] Getting sessions for all scopes...
2025-03-19 06:24:20.853 [info] Getting sessions for all scopes...
2025-03-19 06:24:20.861 [info] Got stored sessions!
2025-03-19 06:24:20.996 [info] Got 6 verified sessions.
2025-03-19 06:24:20.996 [info] Got 6 sessions for ...
2025-03-19 06:24:20.996 [info] Got 6 sessions for ...
2025-03-19 06:24:20.996 [info] Got 6 sessions for ...
2025-03-19 06:24:20.996 [info] Got 1 sessions for user:email...
2025-03-19 06:24:20.996 [info] Got 6 sessions for ...
2025-03-19 06:24:20.996 [info] Got 6 sessions for ...
2025-03-19 06:24:20.996 [info] Got 6 sessions for ...
2025-03-19 06:24:20.996 [info] Got 6 sessions for ...
2025-03-19 06:24:20.996 [info] Got 6 sessions for ...
2025-03-19 06:24:21.313 [info] Getting sessions for codespace,read:user,repo,user:email...
2025-03-19 06:24:21.313 [info] Getting sessions for all scopes...
2025-03-19 06:24:21.313 [info] Getting sessions for all scopes...
2025-03-19 06:24:21.313 [info] Getting sessions for all scopes...
2025-03-19 06:24:21.313 [info] Got 1 sessions for codespace,read:user,repo,user:email...
2025-03-19 06:24:21.313 [info] Got 6 sessions for ...
2025-03-19 06:24:21.313 [info] Got 6 sessions for ...
2025-03-19 06:24:21.313 [info] Got 6 sessions for ...
2025-03-19 06:24:22.215 [info] Getting sessions for all scopes...
2025-03-19 06:24:22.215 [info] Got 6 sessions for ...
2025-03-19 06:24:22.456 [info] Getting sessions for all scopes...
2025-03-19 06:24:22.459 [info] Got 6 sessions for ...
2025-03-19 06:24:22.869 [info] Getting sessions for read:user,repo,user:email,workflow...
2025-03-19 06:24:22.871 [info] Getting sessions for all scopes...
2025-03-19 06:24:22.872 [info] Got 1 sessions for read:user,repo,user:email,workflow...
2025-03-19 06:24:22.875 [info] Got 6 sessions for ...
2025-03-19 06:24:23.280 [info] Getting sessions for read:user,repo,user:email,workflow...
2025-03-19 06:24:23.280 [info] Getting sessions for project,read:org,read:user,repo,user:email,workflow...
2025-03-19 06:24:23.280 [info] Getting sessions for all scopes...
2025-03-19 06:24:23.280 [info] Got 1 sessions for read:user,repo,user:email,workflow...
2025-03-19 06:24:23.280 [info] Got 0 sessions for project,read:org,read:user,repo,user:email,workflow...
2025-03-19 06:24:23.280 [info] Got 6 sessions for ...
2025-03-19 06:24:23.475 [info] Getting sessions for all scopes...
2025-03-19 06:24:23.475 [info] Got 6 sessions for ...
2025-03-19 06:24:23.864 [info] Getting sessions for all scopes...
2025-03-19 06:24:23.866 [info] Getting sessions for all scopes...
2025-03-19 06:24:23.866 [info] Got 6 sessions for ...
2025-03-19 06:24:23.866 [info] Got 6 sessions for ...
2025-03-19 06:24:24.059 [info] Getting sessions for read:user,repo,user:email,workflow...
2025-03-19 06:24:24.070 [info] Got 1 sessions for read:user,repo,user:email,workflow...
2025-03-19 06:24:24.229 [info] Getting sessions for read:user,repo,user:email,workflow...
2025-03-19 06:24:24.229 [info] Got 1 sessions for read:user,repo,user:email,workflow...
2025-03-19 06:24:24.359 [info] Getting sessions for read:user,repo,user:email,workflow...
2025-03-19 06:24:24.359 [info] Got 1 sessions for read:user,repo,user:email,workflow...
2025-03-19 06:24:25.243 [info] Getting sessions for read:user,repo,user:email,workflow...
2025-03-19 06:24:25.244 [info] Got 1 sessions for read:user,repo,user:email,workflow...
2025-03-19 06:24:26.959 [info] Getting sessions for all scopes...
2025-03-19 06:24:26.959 [info] Got 6 sessions for ...
2025-03-19 06:24:27.778 [info] Getting sessions for read:user,repo,user:email,workflow...
2025-03-19 06:24:27.778 [info] Got 1 sessions for read:user,repo,user:email,workflow...
2025-03-19 06:24:27.814 [info] Getting sessions for read:user,repo,user:email,workflow...
2025-03-19 06:24:27.815 [info] Got 1 sessions for read:user,repo,user:email,workflow...
2025-03-19 06:24:28.721 [info] Getting sessions for read:user,repo,user:email,workflow...
2025-03-19 06:24:28.722 [info] Got 1 sessions for read:user,repo,user:email,workflow...
2025-03-19 06:24:28.925 [info] Getting sessions for read:user,repo,user:email,workflow...
2025-03-19 06:24:28.925 [info] Got 1 sessions for read:user,repo,user:email,workflow...
2025-03-19 06:39:27.085 [info] Getting sessions for all scopes...
2025-03-19 06:39:27.085 [info] Got 6 sessions for ...
2025-03-19 06:39:27.326 [info] Getting sessions for read:user,repo,user:email,workflow...
2025-03-19 06:39:27.326 [info] Got 1 sessions for read:user,repo,user:email,workflow...
2025-03-19 06:39:27.569 [info] Getting sessions for all scopes...
2025-03-19 06:39:27.569 [info] Got 6 sessions for ...
2025-03-19 06:39:27.831 [info] Getting sessions for read:user,repo,user:email,workflow...
2025-03-19 06:39:27.831 [info] Got 1 sessions for read:user,repo,user:email,workflow...
