2025-03-19 07:17:34.251 [info] Reading sessions from keychain...
2025-03-19 07:17:34.251 [info] Getting sessions for all scopes...
2025-03-19 07:17:34.251 [info] Getting sessions for all scopes...
2025-03-19 07:17:34.251 [info] Getting sessions for all scopes...
2025-03-19 07:17:34.251 [info] Getting sessions for user:email...
2025-03-19 07:17:34.251 [info] Getting sessions for all scopes...
2025-03-19 07:17:34.251 [info] Getting sessions for all scopes...
2025-03-19 07:17:34.251 [info] Getting sessions for all scopes...
2025-03-19 07:17:34.251 [info] Getting sessions for all scopes...
2025-03-19 07:17:34.251 [info] Getting sessions for all scopes...
2025-03-19 07:17:34.251 [info] Got stored sessions!
2025-03-19 07:17:34.251 [info] Got 6 verified sessions.
2025-03-19 07:17:34.251 [info] Got 6 sessions for ...
2025-03-19 07:17:34.251 [info] Got 6 sessions for ...
2025-03-19 07:17:34.251 [info] Got 6 sessions for ...
2025-03-19 07:17:34.251 [info] Got 1 sessions for user:email...
2025-03-19 07:17:34.252 [info] Got 6 sessions for ...
2025-03-19 07:17:34.252 [info] Got 6 sessions for ...
2025-03-19 07:17:34.252 [info] Got 6 sessions for ...
2025-03-19 07:17:34.252 [info] Got 6 sessions for ...
2025-03-19 07:17:34.252 [info] Got 6 sessions for ...
2025-03-19 07:17:34.342 [info] Getting sessions for codespace,read:user,repo,user:email...
2025-03-19 07:17:34.342 [info] Getting sessions for all scopes...
2025-03-19 07:17:34.342 [info] Got 1 sessions for codespace,read:user,repo,user:email...
2025-03-19 07:17:34.342 [info] Got 6 sessions for ...
2025-03-19 07:17:34.446 [info] Getting sessions for all scopes...
2025-03-19 07:17:34.446 [info] Got 6 sessions for ...
2025-03-19 07:17:34.566 [info] Getting sessions for all scopes...
2025-03-19 07:17:34.567 [info] Got 6 sessions for ...
2025-03-19 07:17:36.104 [info] Getting sessions for all scopes...
2025-03-19 07:17:36.105 [info] Got 6 sessions for ...
2025-03-19 07:17:36.529 [info] Getting sessions for all scopes...
2025-03-19 07:17:36.529 [info] Got 6 sessions for ...
2025-03-19 07:17:38.816 [info] Getting sessions for read:user,repo,user:email,workflow...
2025-03-19 07:17:38.816 [info] Getting sessions for all scopes...
2025-03-19 07:17:38.817 [info] Got 1 sessions for read:user,repo,user:email,workflow...
2025-03-19 07:17:38.818 [info] Got 6 sessions for ...
2025-03-19 07:17:39.240 [info] Getting sessions for all scopes...
2025-03-19 07:17:39.241 [info] Getting sessions for all scopes...
2025-03-19 07:17:39.241 [info] Getting sessions for project,read:org,read:user,repo,user:email,workflow...
2025-03-19 07:17:39.241 [info] Got 6 sessions for ...
2025-03-19 07:17:39.241 [info] Got 6 sessions for ...
2025-03-19 07:17:39.241 [info] Got 0 sessions for project,read:org,read:user,repo,user:email,workflow...
2025-03-19 07:17:40.377 [info] Getting sessions for read:user,repo,user:email,workflow...
2025-03-19 07:17:40.377 [info] Getting sessions for read:user,repo,user:email,workflow...
2025-03-19 07:17:40.377 [info] Got 1 sessions for read:user,repo,user:email,workflow...
2025-03-19 07:17:40.377 [info] Got 1 sessions for read:user,repo,user:email,workflow...
2025-03-19 07:17:41.273 [info] Getting sessions for all scopes...
2025-03-19 07:17:41.273 [info] Getting sessions for all scopes...
2025-03-19 07:17:41.273 [info] Got 6 sessions for ...
2025-03-19 07:17:41.273 [info] Got 6 sessions for ...
2025-03-19 07:17:42.371 [info] Getting sessions for read:user,repo,user:email,workflow...
2025-03-19 07:17:42.371 [info] Got 1 sessions for read:user,repo,user:email,workflow...
2025-03-19 07:17:45.264 [info] Getting sessions for read:user,repo,user:email,workflow...
2025-03-19 07:17:45.264 [info] Got 1 sessions for read:user,repo,user:email,workflow...
2025-03-19 07:22:41.651 [info] Reading sessions from keychain...
2025-03-19 07:22:41.652 [info] Getting sessions for all scopes...
2025-03-19 07:22:41.652 [info] Getting sessions for all scopes...
2025-03-19 07:22:41.652 [info] Getting sessions for all scopes...
2025-03-19 07:22:41.652 [info] Getting sessions for user:email...
2025-03-19 07:22:41.652 [info] Got stored sessions!
2025-03-19 07:22:41.653 [info] Got 6 verified sessions.
2025-03-19 07:22:41.653 [info] Got 6 sessions for ...
2025-03-19 07:22:41.653 [info] Got 6 sessions for ...
2025-03-19 07:22:41.653 [info] Got 6 sessions for ...
2025-03-19 07:22:41.653 [info] Got 1 sessions for user:email...
2025-03-19 07:22:41.653 [info] Getting sessions for all scopes...
2025-03-19 07:22:41.653 [info] Getting sessions for all scopes...
2025-03-19 07:22:41.653 [info] Got 6 sessions for ...
2025-03-19 07:22:41.653 [info] Got 6 sessions for ...
2025-03-19 07:22:41.653 [info] Getting sessions for all scopes...
2025-03-19 07:22:41.653 [info] Got 6 sessions for ...
2025-03-19 07:22:41.862 [info] Getting sessions for codespace,read:user,repo,user:email...
2025-03-19 07:22:41.862 [info] Getting sessions for all scopes...
2025-03-19 07:22:41.862 [info] Got 1 sessions for codespace,read:user,repo,user:email...
2025-03-19 07:22:41.862 [info] Got 6 sessions for ...
2025-03-19 07:22:42.422 [info] Getting sessions for all scopes...
2025-03-19 07:22:42.422 [info] Got 6 sessions for ...
2025-03-19 07:22:43.349 [info] Getting sessions for read:user,repo,user:email,workflow...
2025-03-19 07:22:43.349 [info] Getting sessions for all scopes...
2025-03-19 07:22:43.349 [info] Got 1 sessions for read:user,repo,user:email,workflow...
2025-03-19 07:22:43.350 [info] Got 6 sessions for ...
2025-03-19 07:22:43.658 [info] Getting sessions for all scopes...
2025-03-19 07:22:43.663 [info] Got 6 sessions for ...
2025-03-19 07:22:44.363 [info] Getting sessions for all scopes...
2025-03-19 07:22:44.364 [info] Got 6 sessions for ...
2025-03-19 07:22:44.487 [info] Getting sessions for read:user,repo,user:email,workflow...
2025-03-19 07:22:44.487 [info] Getting sessions for all scopes...
2025-03-19 07:22:44.487 [info] Getting sessions for all scopes...
2025-03-19 07:22:44.488 [info] Got 1 sessions for read:user,repo,user:email,workflow...
2025-03-19 07:22:44.488 [info] Got 6 sessions for ...
2025-03-19 07:22:44.488 [info] Got 6 sessions for ...
2025-03-19 07:22:44.912 [info] Getting sessions for project,read:org,read:user,repo,user:email,workflow...
2025-03-19 07:22:44.912 [info] Got 0 sessions for project,read:org,read:user,repo,user:email,workflow...
2025-03-19 07:22:45.737 [info] Getting sessions for read:user,repo,user:email,workflow...
2025-03-19 07:22:45.738 [info] Got 1 sessions for read:user,repo,user:email,workflow...
2025-03-19 07:22:46.116 [info] Getting sessions for read:user,repo,user:email,workflow...
2025-03-19 07:22:46.116 [info] Getting sessions for read:user,repo,user:email,workflow...
2025-03-19 07:22:46.116 [info] Got 1 sessions for read:user,repo,user:email,workflow...
2025-03-19 07:22:46.116 [info] Got 1 sessions for read:user,repo,user:email,workflow...
2025-03-19 07:31:42.582 [info] Getting sessions for read:user,repo,user:email,workflow...
2025-03-19 07:31:42.582 [info] Got 1 sessions for read:user,repo,user:email,workflow...
2025-03-19 07:31:42.816 [info] Getting sessions for all scopes...
2025-03-19 07:31:42.816 [info] Got 6 sessions for ...
2025-03-19 07:31:43.171 [info] Getting sessions for read:user,repo,user:email,workflow...
2025-03-19 07:31:43.171 [info] Got 1 sessions for read:user,repo,user:email,workflow...
2025-03-19 07:31:43.543 [info] Getting sessions for read:user,repo,user:email,workflow...
2025-03-19 07:31:43.544 [info] Got 1 sessions for read:user,repo,user:email,workflow...
2025-03-19 07:31:44.522 [info] Getting sessions for read:user,repo,user:email,workflow...
2025-03-19 07:31:44.522 [info] Got 1 sessions for read:user,repo,user:email,workflow...
2025-03-19 07:37:47.122 [info] Getting sessions for all scopes...
2025-03-19 07:37:47.122 [info] Got 6 sessions for ...
2025-03-19 07:37:47.427 [info] Getting sessions for read:user,repo,user:email,workflow...
2025-03-19 07:37:47.427 [info] Got 1 sessions for read:user,repo,user:email,workflow...
2025-03-19 07:37:47.723 [info] Getting sessions for all scopes...
2025-03-19 07:37:47.723 [info] Got 6 sessions for ...
2025-03-19 07:37:48.025 [info] Getting sessions for read:user,repo,user:email,workflow...
2025-03-19 07:37:48.025 [info] Got 1 sessions for read:user,repo,user:email,workflow...
2025-03-19 07:46:29.055 [info] Getting sessions for read:user,repo,user:email,workflow...
2025-03-19 07:46:29.055 [info] Got 1 sessions for read:user,repo,user:email,workflow...
2025-03-19 07:46:33.726 [info] Getting sessions for read:user,repo,user:email,workflow...
2025-03-19 07:46:33.726 [info] Got 1 sessions for read:user,repo,user:email,workflow...
2025-03-19 07:46:35.277 [info] Getting sessions for read:user,repo,user:email,workflow...
2025-03-19 07:46:35.277 [info] Got 1 sessions for read:user,repo,user:email,workflow...
2025-03-19 07:46:35.903 [info] Getting sessions for read:user,repo,user:email,workflow...
2025-03-19 07:46:35.903 [info] Got 1 sessions for read:user,repo,user:email,workflow...
2025-03-19 07:46:36.983 [info] Getting sessions for read:user,repo,user:email,workflow...
2025-03-19 07:46:36.984 [info] Got 1 sessions for read:user,repo,user:email,workflow...
2025-03-19 07:47:04.957 [info] Getting sessions for read:user,repo,user:email,workflow...
2025-03-19 07:47:04.957 [info] Got 1 sessions for read:user,repo,user:email,workflow...
2025-03-19 07:47:06.712 [info] Getting sessions for read:user,repo,user:email,workflow...
2025-03-19 07:47:06.712 [info] Got 1 sessions for read:user,repo,user:email,workflow...
2025-03-19 07:47:07.293 [info] Getting sessions for read:user,repo,user:email,workflow...
2025-03-19 07:47:07.293 [info] Got 1 sessions for read:user,repo,user:email,workflow...
2025-03-19 07:47:43.491 [info] Getting sessions for read:user,repo,user:email,workflow...
2025-03-19 07:47:43.491 [info] Got 1 sessions for read:user,repo,user:email,workflow...
2025-03-19 07:47:58.343 [info] Getting sessions for read:user,repo,user:email,workflow...
2025-03-19 07:47:58.343 [info] Got 1 sessions for read:user,repo,user:email,workflow...
2025-03-19 07:47:59.236 [info] Getting sessions for read:user,repo,user:email,workflow...
2025-03-19 07:47:59.236 [info] Got 1 sessions for read:user,repo,user:email,workflow...
2025-03-19 07:48:04.224 [info] Getting sessions for read:user,repo,user:email,workflow...
2025-03-19 07:48:04.224 [info] Got 1 sessions for read:user,repo,user:email,workflow...
2025-03-19 07:48:05.016 [info] Getting sessions for read:user,repo,user:email,workflow...
2025-03-19 07:48:05.016 [info] Got 1 sessions for read:user,repo,user:email,workflow...
2025-03-19 07:48:06.208 [info] Getting sessions for read:user,repo,user:email,workflow...
2025-03-19 07:48:06.208 [info] Got 1 sessions for read:user,repo,user:email,workflow...
2025-03-19 07:54:13.862 [info] Getting sessions for all scopes...
2025-03-19 07:54:13.862 [info] Got 6 sessions for ...
2025-03-19 07:57:13.861 [info] Getting sessions for read:user,repo,user:email,workflow...
2025-03-19 07:57:13.861 [info] Got 1 sessions for read:user,repo,user:email,workflow...
2025-03-19 07:58:14.092 [info] Getting sessions for all scopes...
2025-03-19 07:58:14.092 [info] Got 6 sessions for ...
2025-03-19 07:58:14.496 [info] Getting sessions for read:user,repo,user:email,workflow...
2025-03-19 07:58:14.496 [info] Got 1 sessions for read:user,repo,user:email,workflow...
2025-03-19 07:59:16.805 [info] Getting sessions for read:user,repo,user:email,workflow...
2025-03-19 07:59:16.805 [info] Got 1 sessions for read:user,repo,user:email,workflow...
2025-03-19 07:59:17.917 [info] Getting sessions for read:user,repo,user:email,workflow...
2025-03-19 07:59:17.917 [info] Got 1 sessions for read:user,repo,user:email,workflow...
2025-03-19 08:15:13.871 [info] Getting sessions for all scopes...
2025-03-19 08:15:13.871 [info] Got 6 sessions for ...
